<?xml version="1.0" encoding="UTF-8"?>
<coverage generated="1705494512320" clover="3.2.0">
  <project timestamp="1705494512321" name="All files">
    <metrics statements="573" coveredstatements="563" conditionals="59" coveredconditionals="52" methods="138" coveredmethods="138" elements="770" coveredelements="753" complexity="0" loc="573" ncloc="573" packages="16" files="29" classes="29"/>
    <package name="controllers.builds">
      <metrics statements="6" coveredstatements="6" conditionals="2" coveredconditionals="2" methods="2" coveredmethods="2"/>
      <file name="builds.controller.ts" path="/home/spirade/WebstormProjects/tessera/src/controllers/builds/builds.controller.ts">
        <metrics statements="6" coveredstatements="6" conditionals="2" coveredconditionals="2" methods="2" coveredmethods="2"/>
        <line num="3" count="7" type="stmt"/>
        <line num="4" count="7" type="stmt"/>
        <line num="6" count="7" type="stmt"/>
        <line num="7" count="1" type="stmt"/>
        <line num="18" count="1" type="stmt"/>
        <line num="29" count="1" type="stmt"/>
      </file>
    </package>
    <package name="controllers.pages">
      <metrics statements="32" coveredstatements="32" conditionals="11" coveredconditionals="11" methods="6" coveredmethods="6"/>
      <file name="pages.controller.ts" path="/home/spirade/WebstormProjects/tessera/src/controllers/pages/pages.controller.ts">
        <metrics statements="32" coveredstatements="32" conditionals="11" coveredconditionals="11" methods="6" coveredmethods="6"/>
        <line num="4" count="7" type="stmt"/>
        <line num="5" count="7" type="stmt"/>
        <line num="6" count="7" type="stmt"/>
        <line num="7" count="7" type="stmt"/>
        <line num="8" count="7" type="stmt"/>
        <line num="10" count="7" type="stmt"/>
        <line num="14" count="2" type="stmt"/>
        <line num="25" count="2" type="stmt"/>
        <line num="27" count="2" type="cond" truecount="1" falsecount="0"/>
        <line num="28" count="1" type="stmt"/>
        <line num="31" count="1" type="stmt"/>
        <line num="37" count="1" type="stmt"/>
        <line num="42" count="7" type="stmt"/>
        <line num="46" count="3" type="stmt"/>
        <line num="57" count="3" type="stmt"/>
        <line num="59" count="3" type="cond" truecount="1" falsecount="0"/>
        <line num="60" count="1" type="stmt"/>
        <line num="63" count="2" type="stmt"/>
        <line num="70" count="2" type="cond" truecount="1" falsecount="0"/>
        <line num="71" count="1" type="stmt"/>
        <line num="74" count="1" type="stmt"/>
        <line num="79" count="1" type="stmt"/>
        <line num="84" count="7" type="stmt"/>
        <line num="88" count="3" type="stmt"/>
        <line num="99" count="3" type="stmt"/>
        <line num="101" count="3" type="cond" truecount="1" falsecount="0"/>
        <line num="102" count="1" type="stmt"/>
        <line num="105" count="2" type="stmt"/>
        <line num="112" count="2" type="cond" truecount="1" falsecount="0"/>
        <line num="113" count="1" type="stmt"/>
        <line num="116" count="1" type="stmt"/>
        <line num="121" count="1" type="stmt"/>
      </file>
    </package>
    <package name="jobs.build">
      <metrics statements="13" coveredstatements="13" conditionals="0" coveredconditionals="0" methods="2" coveredmethods="2"/>
      <file name="createBuild.job.ts" path="/home/spirade/WebstormProjects/tessera/src/jobs/build/createBuild.job.ts">
        <metrics statements="13" coveredstatements="13" conditionals="0" coveredconditionals="0" methods="2" coveredmethods="2"/>
        <line num="3" count="7" type="stmt"/>
        <line num="5" count="7" type="stmt"/>
        <line num="6" count="7" type="stmt"/>
        <line num="7" count="7" type="stmt"/>
        <line num="8" count="7" type="stmt"/>
        <line num="9" count="7" type="stmt"/>
        <line num="11" count="7" type="stmt"/>
        <line num="12" count="3" type="stmt"/>
        <line num="29" count="3" type="stmt"/>
        <line num="31" count="3" type="stmt"/>
        <line num="33" count="3" type="stmt"/>
        <line num="34" count="3" type="stmt"/>
        <line num="35" count="3" type="stmt"/>
      </file>
    </package>
    <package name="jobs.page.creation">
      <metrics statements="15" coveredstatements="15" conditionals="1" coveredconditionals="1" methods="2" coveredmethods="2"/>
      <file name="createPage.job.ts" path="/home/spirade/WebstormProjects/tessera/src/jobs/page/creation/createPage.job.ts">
        <metrics statements="15" coveredstatements="15" conditionals="1" coveredconditionals="1" methods="2" coveredmethods="2"/>
        <line num="2" count="7" type="stmt"/>
        <line num="5" count="7" type="stmt"/>
        <line num="6" count="7" type="stmt"/>
        <line num="7" count="7" type="stmt"/>
        <line num="8" count="7" type="stmt"/>
        <line num="9" count="7" type="stmt"/>
        <line num="10" count="7" type="stmt"/>
        <line num="12" count="7" type="stmt"/>
        <line num="15" count="2" type="stmt"/>
        <line num="32" count="2" type="stmt"/>
        <line num="34" count="2" type="stmt"/>
        <line num="36" count="2" type="cond" truecount="1" falsecount="0"/>
        <line num="37" count="1" type="stmt"/>
        <line num="40" count="1" type="stmt"/>
        <line num="48" count="1" type="stmt"/>
      </file>
    </package>
    <package name="jobs.page.deleting">
      <metrics statements="17" coveredstatements="17" conditionals="1" coveredconditionals="1" methods="3" coveredmethods="3"/>
      <file name="deletePage.job.ts" path="/home/spirade/WebstormProjects/tessera/src/jobs/page/deleting/deletePage.job.ts">
        <metrics statements="17" coveredstatements="17" conditionals="1" coveredconditionals="1" methods="3" coveredmethods="3"/>
        <line num="3" count="7" type="stmt"/>
        <line num="5" count="7" type="stmt"/>
        <line num="6" count="7" type="stmt"/>
        <line num="7" count="7" type="stmt"/>
        <line num="8" count="7" type="stmt"/>
        <line num="9" count="7" type="stmt"/>
        <line num="10" count="7" type="stmt"/>
        <line num="12" count="7" type="stmt"/>
        <line num="15" count="2" type="stmt"/>
        <line num="32" count="2" type="stmt"/>
        <line num="33" count="2" type="stmt"/>
        <line num="35" count="2" type="stmt"/>
        <line num="37" count="2" type="cond" truecount="1" falsecount="0"/>
        <line num="38" count="1" type="stmt"/>
        <line num="41" count="1" type="stmt"/>
        <line num="45" count="1" type="stmt"/>
        <line num="47" count="1" type="stmt"/>
      </file>
    </package>
    <package name="jobs.page.updating">
      <metrics statements="17" coveredstatements="17" conditionals="1" coveredconditionals="1" methods="2" coveredmethods="2"/>
      <file name="updatePage.job.ts" path="/home/spirade/WebstormProjects/tessera/src/jobs/page/updating/updatePage.job.ts">
        <metrics statements="17" coveredstatements="17" conditionals="1" coveredconditionals="1" methods="2" coveredmethods="2"/>
        <line num="3" count="7" type="stmt"/>
        <line num="5" count="7" type="stmt"/>
        <line num="6" count="7" type="stmt"/>
        <line num="7" count="7" type="stmt"/>
        <line num="8" count="7" type="stmt"/>
        <line num="9" count="7" type="stmt"/>
        <line num="10" count="7" type="stmt"/>
        <line num="11" count="7" type="stmt"/>
        <line num="13" count="7" type="stmt"/>
        <line num="16" count="2" type="stmt"/>
        <line num="33" count="2" type="stmt"/>
        <line num="35" count="2" type="stmt"/>
        <line num="37" count="2" type="cond" truecount="1" falsecount="0"/>
        <line num="38" count="1" type="stmt"/>
        <line num="41" count="1" type="stmt"/>
        <line num="45" count="1" type="stmt"/>
        <line num="50" count="1" type="stmt"/>
      </file>
    </package>
    <package name="models">
      <metrics statements="17" coveredstatements="17" conditionals="0" coveredconditionals="0" methods="1" coveredmethods="1"/>
      <file name="Build.model.ts" path="/home/spirade/WebstormProjects/tessera/src/models/Build.model.ts">
        <metrics statements="5" coveredstatements="5" conditionals="0" coveredconditionals="0" methods="0" coveredmethods="0"/>
        <line num="1" count="7" type="stmt"/>
        <line num="3" count="7" type="stmt"/>
        <line num="5" count="7" type="stmt"/>
        <line num="24" count="7" type="stmt"/>
        <line num="40" count="7" type="stmt"/>
      </file>
      <file name="Page.model.ts" path="/home/spirade/WebstormProjects/tessera/src/models/Page.model.ts">
        <metrics statements="5" coveredstatements="5" conditionals="0" coveredconditionals="0" methods="0" coveredmethods="0"/>
        <line num="1" count="7" type="stmt"/>
        <line num="14" count="7" type="stmt"/>
        <line num="16" count="7" type="stmt"/>
        <line num="38" count="7" type="stmt"/>
        <line num="55" count="7" type="stmt"/>
      </file>
      <file name="index.ts" path="/home/spirade/WebstormProjects/tessera/src/models/index.ts">
        <metrics statements="7" coveredstatements="7" conditionals="0" coveredconditionals="0" methods="1" coveredmethods="1"/>
        <line num="1" count="7" type="stmt"/>
        <line num="2" count="7" type="stmt"/>
        <line num="5" count="7" type="stmt"/>
        <line num="6" count="7" type="stmt"/>
        <line num="9" count="7" type="stmt"/>
        <line num="11" count="7" type="stmt"/>
        <line num="12" count="7" type="stmt"/>
      </file>
    </package>
    <package name="routes.v1">
      <metrics statements="11" coveredstatements="11" conditionals="0" coveredconditionals="0" methods="2" coveredmethods="2"/>
      <file name="builds.route.ts" path="/home/spirade/WebstormProjects/tessera/src/routes/v1/builds.route.ts">
        <metrics statements="4" coveredstatements="4" conditionals="0" coveredconditionals="0" methods="1" coveredmethods="1"/>
        <line num="2" count="7" type="stmt"/>
        <line num="4" count="7" type="stmt"/>
        <line num="6" count="7" type="stmt"/>
        <line num="7" count="7" type="stmt"/>
      </file>
      <file name="pages.route.ts" path="/home/spirade/WebstormProjects/tessera/src/routes/v1/pages.route.ts">
        <metrics statements="7" coveredstatements="7" conditionals="0" coveredconditionals="0" methods="1" coveredmethods="1"/>
        <line num="2" count="7" type="stmt"/>
        <line num="4" count="7" type="stmt"/>
        <line num="5" count="7" type="stmt"/>
        <line num="7" count="7" type="stmt"/>
        <line num="8" count="7" type="stmt"/>
        <line num="21" count="7" type="stmt"/>
        <line num="34" count="7" type="stmt"/>
      </file>
    </package>
    <package name="services.application">
      <metrics statements="12" coveredstatements="12" conditionals="6" coveredconditionals="6" methods="1" coveredmethods="1"/>
      <file name="application.service.ts" path="/home/spirade/WebstormProjects/tessera/src/services/application/application.service.ts">
        <metrics statements="12" coveredstatements="12" conditionals="6" coveredconditionals="6" methods="1" coveredmethods="1"/>
        <line num="1" count="7" type="stmt"/>
        <line num="3" count="7" type="stmt"/>
        <line num="4" count="7" type="stmt"/>
        <line num="6" count="7" type="stmt"/>
        <line num="7" count="3" type="stmt"/>
        <line num="9" count="3" type="stmt"/>
        <line num="10" count="3" type="stmt"/>
        <line num="12" count="3" type="cond" truecount="3" falsecount="0"/>
        <line num="13" count="1" type="stmt"/>
        <line num="16" count="2" type="cond" truecount="3" falsecount="0"/>
        <line num="17" count="1" type="stmt"/>
        <line num="20" count="2" type="stmt"/>
      </file>
    </package>
    <package name="services.build">
      <metrics statements="78" coveredstatements="76" conditionals="0" coveredconditionals="0" methods="17" coveredmethods="17"/>
      <file name="build.service.ts" path="/home/spirade/WebstormProjects/tessera/src/services/build/build.service.ts">
        <metrics statements="78" coveredstatements="76" conditionals="0" coveredconditionals="0" methods="17" coveredmethods="17"/>
        <line num="1" count="7" type="stmt"/>
        <line num="3" count="7" type="stmt"/>
        <line num="4" count="7" type="stmt"/>
        <line num="5" count="7" type="stmt"/>
        <line num="12" count="7" type="stmt"/>
        <line num="13" count="7" type="stmt"/>
        <line num="14" count="7" type="stmt"/>
        <line num="15" count="7" type="stmt"/>
        <line num="16" count="7" type="stmt"/>
        <line num="21" count="7" type="stmt"/>
        <line num="22" count="7" type="stmt"/>
        <line num="23" count="7" type="stmt"/>
        <line num="24" count="7" type="stmt"/>
        <line num="29" count="7" type="stmt"/>
        <line num="30" count="7" type="stmt"/>
        <line num="43" count="7" type="stmt"/>
        <line num="44" count="3" type="stmt"/>
        <line num="47" count="7" type="stmt"/>
        <line num="48" count="24" type="stmt"/>
        <line num="51" count="7" type="stmt"/>
        <line num="52" count="14" type="stmt"/>
        <line num="63" count="7" type="stmt"/>
        <line num="64" count="3" type="stmt"/>
        <line num="69" count="3" type="stmt"/>
        <line num="70" count="3" type="stmt"/>
        <line num="71" count="3" type="stmt"/>
        <line num="75" count="0" type="stmt"/>
        <line num="78" count="0" type="stmt"/>
        <line num="83" count="3" type="stmt"/>
        <line num="87" count="3" type="stmt"/>
        <line num="97" count="3" type="stmt"/>
        <line num="99" count="3" type="stmt"/>
        <line num="103" count="3" type="stmt"/>
        <line num="105" count="3" type="stmt"/>
        <line num="109" count="3" type="stmt"/>
        <line num="113" count="3" type="stmt"/>
        <line num="115" count="3" type="stmt"/>
        <line num="119" count="3" type="stmt"/>
        <line num="120" count="3" type="stmt"/>
        <line num="121" count="3" type="stmt"/>
        <line num="125" count="3" type="stmt"/>
        <line num="133" count="3" type="stmt"/>
        <line num="135" count="3" type="stmt"/>
        <line num="139" count="3" type="stmt"/>
        <line num="140" count="3" type="stmt"/>
        <line num="142" count="3" type="stmt"/>
        <line num="143" count="6" type="stmt"/>
        <line num="147" count="6" type="stmt"/>
        <line num="155" count="6" type="stmt"/>
        <line num="157" count="6" type="stmt"/>
        <line num="159" count="5" type="stmt"/>
        <line num="161" count="5" type="stmt"/>
        <line num="167" count="1" type="stmt"/>
        <line num="173" count="3" type="stmt"/>
        <line num="175" count="3" type="stmt"/>
        <line num="179" count="6" type="stmt"/>
        <line num="181" count="5" type="stmt"/>
        <line num="186" count="5" type="stmt"/>
        <line num="191" count="5" type="stmt"/>
        <line num="195" count="3" type="stmt"/>
        <line num="197" count="3" type="stmt"/>
        <line num="201" count="3" type="stmt"/>
        <line num="205" count="3" type="stmt"/>
        <line num="211" count="3" type="stmt"/>
        <line num="213" count="3" type="stmt"/>
        <line num="217" count="3" type="stmt"/>
        <line num="226" count="5" type="stmt"/>
        <line num="230" count="3" type="stmt"/>
        <line num="232" count="3" type="stmt"/>
        <line num="236" count="3" type="stmt"/>
        <line num="245" count="3" type="stmt"/>
        <line num="247" count="5" type="stmt"/>
        <line num="249" count="3" type="stmt"/>
        <line num="250" count="3" type="stmt"/>
        <line num="254" count="3" type="stmt"/>
        <line num="256" count="3" type="stmt"/>
        <line num="260" count="3" type="stmt"/>
        <line num="264" count="3" type="stmt"/>
      </file>
    </package>
    <package name="services.page">
      <metrics statements="28" coveredstatements="28" conditionals="0" coveredconditionals="0" methods="11" coveredmethods="11"/>
      <file name="page.service.ts" path="/home/spirade/WebstormProjects/tessera/src/services/page/page.service.ts">
        <metrics statements="28" coveredstatements="28" conditionals="0" coveredconditionals="0" methods="11" coveredmethods="11"/>
        <line num="1" count="7" type="stmt"/>
        <line num="3" count="7" type="stmt"/>
        <line num="4" count="7" type="stmt"/>
        <line num="5" count="7" type="stmt"/>
        <line num="6" count="7" type="stmt"/>
        <line num="20" count="7" type="stmt"/>
        <line num="21" count="7" type="stmt"/>
        <line num="24" count="7" type="stmt"/>
        <line num="25" count="2" type="stmt"/>
        <line num="28" count="7" type="stmt"/>
        <line num="29" count="3" type="stmt"/>
        <line num="32" count="7" type="stmt"/>
        <line num="35" count="3" type="stmt"/>
        <line num="45" count="7" type="stmt"/>
        <line num="46" count="2" type="stmt"/>
        <line num="48" count="2" type="stmt"/>
        <line num="49" count="2" type="stmt"/>
        <line num="53" count="2" type="stmt"/>
        <line num="59" count="7" type="stmt"/>
        <line num="64" count="2" type="stmt"/>
        <line num="66" count="2" type="stmt"/>
        <line num="70" count="2" type="stmt"/>
        <line num="75" count="7" type="stmt"/>
        <line num="78" count="3" type="stmt"/>
        <line num="81" count="7" type="stmt"/>
        <line num="84" count="3" type="stmt"/>
        <line num="88" count="3" type="stmt"/>
        <line num="92" count="6" type="stmt"/>
      </file>
    </package>
    <package name="services.page.creation">
      <metrics statements="37" coveredstatements="34" conditionals="0" coveredconditionals="0" methods="9" coveredmethods="9"/>
      <file name="createPage.service.ts" path="/home/spirade/WebstormProjects/tessera/src/services/page/creation/createPage.service.ts">
        <metrics statements="37" coveredstatements="34" conditionals="0" coveredconditionals="0" methods="9" coveredmethods="9"/>
        <line num="1" count="7" type="stmt"/>
        <line num="2" count="7" type="stmt"/>
        <line num="3" count="7" type="stmt"/>
        <line num="4" count="7" type="stmt"/>
        <line num="5" count="7" type="stmt"/>
        <line num="6" count="7" type="stmt"/>
        <line num="14" count="7" type="stmt"/>
        <line num="15" count="7" type="stmt"/>
        <line num="16" count="7" type="stmt"/>
        <line num="17" count="7" type="stmt"/>
        <line num="27" count="7" type="stmt"/>
        <line num="28" count="7" type="stmt"/>
        <line num="30" count="7" type="stmt"/>
        <line num="31" count="1" type="stmt"/>
        <line num="32" count="1" type="stmt"/>
        <line num="34" count="0" type="stmt"/>
        <line num="35" count="0" type="stmt"/>
        <line num="38" count="0" type="stmt"/>
        <line num="43" count="1" type="stmt"/>
        <line num="50" count="1" type="stmt"/>
        <line num="55" count="1" type="stmt"/>
        <line num="66" count="1" type="stmt"/>
        <line num="68" count="1" type="stmt"/>
        <line num="76" count="1" type="stmt"/>
        <line num="78" count="1" type="stmt"/>
        <line num="80" count="1" type="stmt"/>
        <line num="85" count="4" type="stmt"/>
        <line num="91" count="1" type="stmt"/>
        <line num="92" count="1" type="stmt"/>
        <line num="94" count="1" type="stmt"/>
        <line num="101" count="1" type="stmt"/>
        <line num="103" count="3" type="stmt"/>
        <line num="107" count="1" type="stmt"/>
        <line num="109" count="3" type="stmt"/>
        <line num="110" count="1" type="stmt"/>
        <line num="114" count="1" type="stmt"/>
        <line num="116" count="1" type="stmt"/>
      </file>
    </package>
    <package name="services.page.deleting">
      <metrics statements="39" coveredstatements="39" conditionals="0" coveredconditionals="0" methods="10" coveredmethods="10"/>
      <file name="deletePage.service.ts" path="/home/spirade/WebstormProjects/tessera/src/services/page/deleting/deletePage.service.ts">
        <metrics statements="39" coveredstatements="39" conditionals="0" coveredconditionals="0" methods="10" coveredmethods="10"/>
        <line num="1" count="7" type="stmt"/>
        <line num="3" count="7" type="stmt"/>
        <line num="4" count="7" type="stmt"/>
        <line num="5" count="7" type="stmt"/>
        <line num="6" count="7" type="stmt"/>
        <line num="7" count="7" type="stmt"/>
        <line num="8" count="7" type="stmt"/>
        <line num="14" count="7" type="stmt"/>
        <line num="15" count="7" type="stmt"/>
        <line num="16" count="7" type="stmt"/>
        <line num="21" count="7" type="stmt"/>
        <line num="22" count="7" type="stmt"/>
        <line num="23" count="7" type="stmt"/>
        <line num="27" count="7" type="stmt"/>
        <line num="29" count="7" type="stmt"/>
        <line num="30" count="1" type="stmt"/>
        <line num="38" count="1" type="stmt"/>
        <line num="43" count="1" type="stmt"/>
        <line num="54" count="1" type="stmt"/>
        <line num="56" count="1" type="stmt"/>
        <line num="59" count="7" type="stmt"/>
        <line num="60" count="1" type="stmt"/>
        <line num="62" count="1" type="stmt"/>
        <line num="64" count="1" type="stmt"/>
        <line num="71" count="1" type="stmt"/>
        <line num="73" count="2" type="stmt"/>
        <line num="79" count="1" type="stmt"/>
        <line num="81" count="1" type="stmt"/>
        <line num="88" count="1" type="stmt"/>
        <line num="90" count="2" type="stmt"/>
        <line num="94" count="1" type="stmt"/>
        <line num="96" count="1" type="stmt"/>
        <line num="98" count="2" type="stmt"/>
        <line num="100" count="1" type="stmt"/>
        <line num="104" count="1" type="stmt"/>
        <line num="106" count="1" type="stmt"/>
        <line num="107" count="1" type="stmt"/>
        <line num="111" count="1" type="stmt"/>
        <line num="113" count="1" type="stmt"/>
      </file>
    </package>
    <package name="services.page.updating">
      <metrics statements="34" coveredstatements="31" conditionals="0" coveredconditionals="0" methods="8" coveredmethods="8"/>
      <file name="updatePage.service.ts" path="/home/spirade/WebstormProjects/tessera/src/services/page/updating/updatePage.service.ts">
        <metrics statements="34" coveredstatements="31" conditionals="0" coveredconditionals="0" methods="8" coveredmethods="8"/>
        <line num="1" count="7" type="stmt"/>
        <line num="2" count="7" type="stmt"/>
        <line num="3" count="7" type="stmt"/>
        <line num="4" count="7" type="stmt"/>
        <line num="5" count="7" type="stmt"/>
        <line num="10" count="7" type="stmt"/>
        <line num="11" count="7" type="stmt"/>
        <line num="12" count="7" type="stmt"/>
        <line num="13" count="7" type="stmt"/>
        <line num="23" count="7" type="stmt"/>
        <line num="24" count="7" type="stmt"/>
        <line num="26" count="7" type="stmt"/>
        <line num="27" count="1" type="stmt"/>
        <line num="28" count="1" type="stmt"/>
        <line num="30" count="0" type="stmt"/>
        <line num="31" count="0" type="stmt"/>
        <line num="34" count="0" type="stmt"/>
        <line num="39" count="1" type="stmt"/>
        <line num="46" count="1" type="stmt"/>
        <line num="51" count="1" type="stmt"/>
        <line num="62" count="1" type="stmt"/>
        <line num="64" count="1" type="stmt"/>
        <line num="71" count="1" type="stmt"/>
        <line num="73" count="1" type="stmt"/>
        <line num="75" count="1" type="stmt"/>
        <line num="80" count="1" type="stmt"/>
        <line num="82" count="1" type="stmt"/>
        <line num="88" count="1" type="stmt"/>
        <line num="90" count="2" type="stmt"/>
        <line num="94" count="1" type="stmt"/>
        <line num="96" count="2" type="stmt"/>
        <line num="97" count="1" type="stmt"/>
        <line num="101" count="1" type="stmt"/>
        <line num="103" count="1" type="stmt"/>
      </file>
    </package>
    <package name="services.pipeline">
      <metrics statements="209" coveredstatements="207" conditionals="37" coveredconditionals="30" methods="60" coveredmethods="60"/>
      <file name="cleanup.service.ts" path="/home/spirade/WebstormProjects/tessera/src/services/pipeline/cleanup.service.ts">
        <metrics statements="25" coveredstatements="25" conditionals="12" coveredconditionals="9" methods="4" coveredmethods="4"/>
        <line num="1" count="7" type="stmt"/>
        <line num="2" count="7" type="stmt"/>
        <line num="5" count="7" type="stmt"/>
        <line num="11" count="7" type="stmt"/>
        <line num="13" count="7" type="stmt"/>
        <line num="14" count="49" type="stmt"/>
        <line num="16" count="49" type="stmt"/>
        <line num="17" count="207" type="stmt"/>
        <line num="19" count="207" type="stmt"/>
        <line num="20" count="207" type="stmt"/>
        <line num="22" count="207" type="cond" truecount="1" falsecount="0"/>
        <line num="23" count="48" type="stmt"/>
        <line num="25" count="48" type="stmt"/>
        <line num="27" count="48" type="cond" truecount="1" falsecount="0"/>
        <line num="28" count="4" type="stmt"/>
        <line num="34" count="7" type="stmt"/>
        <line num="35" count="1" type="stmt"/>
        <line num="37" count="1" type="stmt"/>
        <line num="48" count="2" type="cond" truecount="2" falsecount="0"/>
        <line num="53" count="2" type="cond" truecount="2" falsecount="0"/>
        <line num="57" count="2" type="cond" truecount="1" falsecount="1"/>
        <line num="58" count="2" type="cond" truecount="1" falsecount="1"/>
        <line num="59" count="2" type="cond" truecount="1" falsecount="1"/>
        <line num="61" count="2" type="stmt"/>
        <line num="68" count="10" type="stmt"/>
      </file>
      <file name="commit.service.ts" path="/home/spirade/WebstormProjects/tessera/src/services/pipeline/commit.service.ts">
        <metrics statements="4" coveredstatements="4" conditionals="0" coveredconditionals="0" methods="1" coveredmethods="1"/>
        <line num="1" count="7" type="stmt"/>
        <line num="3" count="7" type="stmt"/>
        <line num="11" count="7" type="stmt"/>
        <line num="12" count="6" type="stmt"/>
      </file>
      <file name="compiling.service.ts" path="/home/spirade/WebstormProjects/tessera/src/services/pipeline/compiling.service.ts">
        <metrics statements="29" coveredstatements="28" conditionals="10" coveredconditionals="8" methods="12" coveredmethods="12"/>
        <line num="1" count="7" type="stmt"/>
        <line num="2" count="7" type="stmt"/>
        <line num="3" count="7" type="stmt"/>
        <line num="4" count="7" type="stmt"/>
        <line num="5" count="7" type="stmt"/>
        <line num="6" count="7" type="stmt"/>
        <line num="8" count="7" type="stmt"/>
        <line num="10" count="7" type="stmt"/>
        <line num="11" count="6" type="stmt"/>
        <line num="12" count="6" type="stmt"/>
        <line num="13" count="6" type="stmt"/>
        <line num="15" count="6" type="stmt"/>
        <line num="16" count="12" type="stmt"/>
        <line num="19" count="6" type="stmt"/>
        <line num="26" count="6" type="stmt"/>
        <line num="102" count="6" type="stmt"/>
        <line num="124" count="6" type="stmt"/>
        <line num="145" count="6" type="stmt"/>
        <line num="146" count="14" type="cond" truecount="2" falsecount="0"/>
        <line num="148" count="14" type="cond" truecount="2" falsecount="0"/>
        <line num="150" count="14" type="stmt"/>
        <line num="155" count="18" type="stmt"/>
        <line num="159" count="12" type="stmt"/>
        <line num="161" count="12" type="stmt"/>
        <line num="162" count="12" type="stmt"/>
        <line num="163" count="12" type="cond" truecount="0" falsecount="1"/>
        <line num="164" count="0" type="stmt"/>
        <line num="167" count="12" type="stmt"/>
        <line num="168" count="12" type="cond" truecount="1" falsecount="1"/>
      </file>
      <file name="export.service.ts" path="/home/spirade/WebstormProjects/tessera/src/services/pipeline/export.service.ts">
        <metrics statements="30" coveredstatements="30" conditionals="0" coveredconditionals="0" methods="4" coveredmethods="4"/>
        <line num="1" count="7" type="stmt"/>
        <line num="2" count="7" type="stmt"/>
        <line num="3" count="7" type="stmt"/>
        <line num="4" count="7" type="stmt"/>
        <line num="5" count="7" type="stmt"/>
        <line num="6" count="7" type="stmt"/>
        <line num="7" count="7" type="stmt"/>
        <line num="9" count="7" type="stmt"/>
        <line num="11" count="7" type="stmt"/>
        <line num="16" count="7" type="stmt"/>
        <line num="17" count="7" type="stmt"/>
        <line num="19" count="7" type="stmt"/>
        <line num="20" count="6" type="stmt"/>
        <line num="24" count="6" type="stmt"/>
        <line num="29" count="6" type="stmt"/>
        <line num="33" count="6" type="stmt"/>
        <line num="39" count="6" type="stmt"/>
        <line num="41" count="6" type="stmt"/>
        <line num="42" count="14" type="stmt"/>
        <line num="50" count="6" type="stmt"/>
        <line num="56" count="7" type="stmt"/>
        <line num="57" count="3" type="stmt"/>
        <line num="63" count="7" type="stmt"/>
        <line num="64" count="6" type="stmt"/>
        <line num="81" count="14" type="stmt"/>
        <line num="88" count="14" type="stmt"/>
        <line num="90" count="14" type="stmt"/>
        <line num="91" count="14" type="stmt"/>
        <line num="96" count="14" type="stmt"/>
        <line num="98" count="14" type="stmt"/>
      </file>
      <file name="fetching.service.ts" path="/home/spirade/WebstormProjects/tessera/src/services/pipeline/fetching.service.ts">
        <metrics statements="12" coveredstatements="12" conditionals="0" coveredconditionals="0" methods="5" coveredmethods="5"/>
        <line num="1" count="7" type="stmt"/>
        <line num="7" count="7" type="stmt"/>
        <line num="8" count="7" type="stmt"/>
        <line num="10" count="7" type="stmt"/>
        <line num="11" count="6" type="stmt"/>
        <line num="12" count="6" type="stmt"/>
        <line num="13" count="12" type="stmt"/>
        <line num="16" count="7" type="stmt"/>
        <line num="17" count="5" type="stmt"/>
        <line num="19" count="5" type="stmt"/>
        <line num="21" count="5" type="stmt"/>
        <line num="27" count="70" type="stmt"/>
      </file>
      <file name="generating.service.ts" path="/home/spirade/WebstormProjects/tessera/src/services/pipeline/generating.service.ts">
        <metrics statements="68" coveredstatements="67" conditionals="11" coveredconditionals="10" methods="23" coveredmethods="23"/>
        <line num="1" count="7" type="stmt"/>
        <line num="2" count="7" type="stmt"/>
        <line num="3" count="7" type="stmt"/>
        <line num="4" count="7" type="stmt"/>
        <line num="5" count="7" type="stmt"/>
        <line num="6" count="7" type="stmt"/>
        <line num="13" count="7" type="stmt"/>
        <line num="14" count="7" type="stmt"/>
        <line num="15" count="7" type="stmt"/>
        <line num="16" count="7" type="stmt"/>
        <line num="24" count="7" type="stmt"/>
        <line num="33" count="7" type="stmt"/>
        <line num="37" count="7" type="stmt"/>
        <line num="38" count="7" type="stmt"/>
        <line num="39" count="7" type="stmt"/>
        <line num="40" count="7" type="stmt"/>
        <line num="41" count="7" type="stmt"/>
        <line num="43" count="7" type="stmt"/>
        <line num="53" count="7" type="stmt"/>
        <line num="55" count="7" type="stmt"/>
        <line num="58" count="7" type="stmt"/>
        <line num="59" count="5" type="stmt"/>
        <line num="65" count="5" type="stmt"/>
        <line num="70" count="5" type="stmt"/>
        <line num="73" count="7" type="stmt"/>
        <line num="74" count="7" type="stmt"/>
        <line num="75" count="98" type="stmt"/>
        <line num="80" count="7" type="stmt"/>
        <line num="81" count="13" type="stmt"/>
        <line num="82" count="13" type="cond" truecount="2" falsecount="0"/>
        <line num="85" count="7" type="stmt"/>
        <line num="89" count="13" type="stmt"/>
        <line num="92" count="7" type="stmt"/>
        <line num="93" count="2" type="stmt"/>
        <line num="97" count="2" type="stmt"/>
        <line num="98" count="15" type="stmt"/>
        <line num="102" count="2" type="stmt"/>
        <line num="103" count="3" type="stmt"/>
        <line num="104" count="3" type="stmt"/>
        <line num="109" count="7" type="stmt"/>
        <line num="110" count="33" type="stmt"/>
        <line num="115" count="121" type="cond" truecount="0" falsecount="1"/>
        <line num="116" count="0" type="stmt"/>
        <line num="119" count="121" type="stmt"/>
        <line num="121" count="121" type="stmt"/>
        <line num="123" count="121" type="cond" truecount="1" falsecount="0"/>
        <line num="124" count="31" type="stmt"/>
        <line num="125" count="31" type="stmt"/>
        <line num="129" count="121" type="cond" truecount="1" falsecount="0"/>
        <line num="130" count="85" type="stmt"/>
        <line num="131" count="57" type="stmt"/>
        <line num="135" count="121" type="stmt"/>
        <line num="137" count="121" type="stmt"/>
        <line num="141" count="180" type="stmt"/>
        <line num="145" count="121" type="stmt"/>
        <line num="146" count="1026" type="cond" truecount="1" falsecount="0"/>
        <line num="147" count="149" type="stmt"/>
        <line num="150" count="877" type="cond" truecount="1" falsecount="0"/>
        <line num="151" count="32" type="cond" truecount="2" falsecount="0"/>
        <line num="154" count="845" type="cond" truecount="1" falsecount="0"/>
        <line num="155" count="840" type="stmt"/>
        <line num="158" count="5" type="stmt"/>
        <line num="163" count="5" type="stmt"/>
        <line num="165" count="11" type="stmt"/>
        <line num="171" count="5" type="stmt"/>
        <line num="173" count="11" type="stmt"/>
        <line num="179" count="7" type="stmt"/>
        <line num="181" count="50" type="stmt"/>
      </file>
      <file name="parsing.service.ts" path="/home/spirade/WebstormProjects/tessera/src/services/pipeline/parsing.service.ts">
        <metrics statements="12" coveredstatements="12" conditionals="2" coveredconditionals="1" methods="7" coveredmethods="7"/>
        <line num="1" count="7" type="stmt"/>
        <line num="8" count="7" type="stmt"/>
        <line num="10" count="7" type="stmt"/>
        <line num="14" count="7" type="stmt"/>
        <line num="15" count="7" type="stmt"/>
        <line num="20" count="7" type="stmt"/>
        <line num="24" count="7" type="stmt"/>
        <line num="35" count="7" type="stmt"/>
        <line num="37" count="7" type="stmt"/>
        <line num="38" count="121" type="stmt"/>
        <line num="41" count="7" type="stmt"/>
        <line num="48" count="50" type="stmt"/>
      </file>
      <file name="pipeline.service.ts" path="/home/spirade/WebstormProjects/tessera/src/services/pipeline/pipeline.service.ts">
        <metrics statements="6" coveredstatements="6" conditionals="1" coveredconditionals="1" methods="1" coveredmethods="1"/>
        <line num="3" count="7" type="stmt"/>
        <line num="4" count="6" type="stmt"/>
        <line num="6" count="6" type="stmt"/>
        <line num="7" count="45" type="stmt"/>
        <line num="9" count="45" type="cond" truecount="1" falsecount="0"/>
        <line num="10" count="18" type="stmt"/>
      </file>
      <file name="preparing.service.ts" path="/home/spirade/WebstormProjects/tessera/src/services/pipeline/preparing.service.ts">
        <metrics statements="17" coveredstatements="17" conditionals="1" coveredconditionals="1" methods="2" coveredmethods="2"/>
        <line num="1" count="7" type="stmt"/>
        <line num="2" count="7" type="stmt"/>
        <line num="3" count="7" type="stmt"/>
        <line num="5" count="7" type="stmt"/>
        <line num="6" count="7" type="stmt"/>
        <line num="8" count="7" type="stmt"/>
        <line num="17" count="5" type="stmt"/>
        <line num="19" count="38" type="stmt"/>
        <line num="22" count="5" type="stmt"/>
        <line num="23" count="23" type="stmt"/>
        <line num="28" count="23" type="stmt"/>
        <line num="33" count="23" type="stmt"/>
        <line num="39" count="23" type="stmt"/>
        <line num="42" count="5" type="stmt"/>
        <line num="48" count="5" type="cond" truecount="1" falsecount="0"/>
        <line num="49" count="3" type="stmt"/>
        <line num="54" count="3" type="stmt"/>
      </file>
      <file name="setup.service.ts" path="/home/spirade/WebstormProjects/tessera/src/services/pipeline/setup.service.ts">
        <metrics statements="6" coveredstatements="6" conditionals="0" coveredconditionals="0" methods="1" coveredmethods="1"/>
        <line num="1" count="7" type="stmt"/>
        <line num="3" count="7" type="stmt"/>
        <line num="4" count="7" type="stmt"/>
        <line num="9" count="7" type="stmt"/>
        <line num="10" count="3" type="stmt"/>
        <line num="11" count="3" type="stmt"/>
      </file>
    </package>
    <package name="templates.templates">
      <metrics statements="8" coveredstatements="8" conditionals="0" coveredconditionals="0" methods="2" coveredmethods="2"/>
      <file name="application.template.ts" path="/home/spirade/WebstormProjects/tessera/src/templates/templates/application.template.ts">
        <metrics statements="4" coveredstatements="4" conditionals="0" coveredconditionals="0" methods="1" coveredmethods="1"/>
        <line num="1" count="7" type="stmt"/>
        <line num="6" count="7" type="stmt"/>
        <line num="37" count="7" type="stmt"/>
        <line num="46" count="5" type="stmt"/>
      </file>
      <file name="page.template.ts" path="/home/spirade/WebstormProjects/tessera/src/templates/templates/page.template.ts">
        <metrics statements="4" coveredstatements="4" conditionals="0" coveredconditionals="0" methods="1" coveredmethods="1"/>
        <line num="1" count="7" type="stmt"/>
        <line num="3" count="7" type="stmt"/>
        <line num="22" count="7" type="stmt"/>
        <line num="41" count="7" type="stmt"/>
      </file>
    </package>
  </project>
</coverage>
