{"/home/spirade/WebstormProjects/tessera/src/controllers/builds/builds.controller.ts": {"path":"/home/spirade/WebstormProjects/tessera/src/controllers/builds/builds.controller.ts","statementMap":{"0":{"start":{"line":3,"column":0},"end":{"line":3,"column":69}},"1":{"start":{"line":4,"column":0},"end":{"line":4,"column":95}},"2":{"start":{"line":6,"column":40},"end":{"line":32,"column":1}},"3":{"start":{"line":7,"column":2},"end":{"line":31,"column":4}},"4":{"start":{"line":18,"column":6},"end":{"line":27,"column":8}},"5":{"start":{"line":29,"column":6},"end":{"line":29,"column":39}},"6":{"start":{"line":6,"column":13},"end":{"line":6,"column":40}}},"fnMap":{"0":{"name":"(anonymous_0)","decl":{"start":{"line":6,"column":40},"end":{"line":6,"column":45}},"loc":{"start":{"line":6,"column":67},"end":{"line":32,"column":1}}},"1":{"name":"(anonymous_1)","decl":{"start":{"line":17,"column":4},"end":{"line":17,"column":9}},"loc":{"start":{"line":17,"column":19},"end":{"line":30,"column":5}}}},"branchMap":{"0":{"loc":{"start":{"line":21,"column":29},"end":{"line":21,"column":56}},"type":"binary-expr","locations":[{"start":{"line":21,"column":29},"end":{"line":21,"column":48}},{"start":{"line":21,"column":52},"end":{"line":21,"column":56}}]}},"s":{"0":7,"1":7,"2":7,"3":1,"4":1,"5":1,"6":7},"f":{"0":1,"1":1},"b":{"0":[1,1]}}
,"/home/spirade/WebstormProjects/tessera/src/controllers/pages/pages.controller.ts": {"path":"/home/spirade/WebstormProjects/tessera/src/controllers/pages/pages.controller.ts","statementMap":{"0":{"start":{"line":4,"column":0},"end":{"line":4,"column":69}},"1":{"start":{"line":5,"column":0},"end":{"line":5,"column":69}},"2":{"start":{"line":6,"column":0},"end":{"line":6,"column":36}},"3":{"start":{"line":7,"column":0},"end":{"line":7,"column":50}},"4":{"start":{"line":8,"column":0},"end":{"line":8,"column":95}},"5":{"start":{"line":10,"column":69},"end":{"line":40,"column":1}},"6":{"start":{"line":14,"column":2},"end":{"line":39,"column":4}},"7":{"start":{"line":25,"column":20},"end":{"line":25,"column":43}},"8":{"start":{"line":27,"column":6},"end":{"line":29,"column":7}},"9":{"start":{"line":28,"column":8},"end":{"line":28,"column":33}},"10":{"start":{"line":31,"column":6},"end":{"line":35,"column":9}},"11":{"start":{"line":37,"column":6},"end":{"line":37,"column":41}},"12":{"start":{"line":10,"column":13},"end":{"line":10,"column":69}},"13":{"start":{"line":42,"column":69},"end":{"line":82,"column":1}},"14":{"start":{"line":46,"column":2},"end":{"line":81,"column":4}},"15":{"start":{"line":57,"column":20},"end":{"line":57,"column":43}},"16":{"start":{"line":59,"column":6},"end":{"line":61,"column":7}},"17":{"start":{"line":60,"column":8},"end":{"line":60,"column":33}},"18":{"start":{"line":63,"column":19},"end":{"line":68,"column":8}},"19":{"start":{"line":70,"column":6},"end":{"line":72,"column":7}},"20":{"start":{"line":71,"column":8},"end":{"line":71,"column":33}},"21":{"start":{"line":74,"column":6},"end":{"line":77,"column":9}},"22":{"start":{"line":79,"column":6},"end":{"line":79,"column":41}},"23":{"start":{"line":42,"column":13},"end":{"line":42,"column":69}},"24":{"start":{"line":84,"column":69},"end":{"line":124,"column":1}},"25":{"start":{"line":88,"column":2},"end":{"line":123,"column":4}},"26":{"start":{"line":99,"column":20},"end":{"line":99,"column":43}},"27":{"start":{"line":101,"column":6},"end":{"line":103,"column":7}},"28":{"start":{"line":102,"column":8},"end":{"line":102,"column":33}},"29":{"start":{"line":105,"column":19},"end":{"line":110,"column":8}},"30":{"start":{"line":112,"column":6},"end":{"line":114,"column":7}},"31":{"start":{"line":113,"column":8},"end":{"line":113,"column":33}},"32":{"start":{"line":116,"column":6},"end":{"line":119,"column":9}},"33":{"start":{"line":121,"column":6},"end":{"line":121,"column":41}},"34":{"start":{"line":84,"column":13},"end":{"line":84,"column":69}}},"fnMap":{"0":{"name":"(anonymous_0)","decl":{"start":{"line":10,"column":69},"end":{"line":10,"column":74}},"loc":{"start":{"line":12,"column":10},"end":{"line":40,"column":1}}},"1":{"name":"(anonymous_1)","decl":{"start":{"line":24,"column":4},"end":{"line":24,"column":9}},"loc":{"start":{"line":24,"column":19},"end":{"line":38,"column":5}}},"2":{"name":"(anonymous_2)","decl":{"start":{"line":42,"column":69},"end":{"line":42,"column":74}},"loc":{"start":{"line":44,"column":10},"end":{"line":82,"column":1}}},"3":{"name":"(anonymous_3)","decl":{"start":{"line":56,"column":4},"end":{"line":56,"column":9}},"loc":{"start":{"line":56,"column":19},"end":{"line":80,"column":5}}},"4":{"name":"(anonymous_4)","decl":{"start":{"line":84,"column":69},"end":{"line":84,"column":74}},"loc":{"start":{"line":86,"column":10},"end":{"line":124,"column":1}}},"5":{"name":"(anonymous_5)","decl":{"start":{"line":98,"column":4},"end":{"line":98,"column":9}},"loc":{"start":{"line":98,"column":19},"end":{"line":122,"column":5}}}},"branchMap":{"0":{"loc":{"start":{"line":27,"column":6},"end":{"line":29,"column":7}},"type":"if","locations":[{"start":{"line":27,"column":6},"end":{"line":29,"column":7}}]},"1":{"loc":{"start":{"line":34,"column":27},"end":{"line":34,"column":54}},"type":"binary-expr","locations":[{"start":{"line":34,"column":27},"end":{"line":34,"column":46}},{"start":{"line":34,"column":50},"end":{"line":34,"column":54}}]},"2":{"loc":{"start":{"line":59,"column":6},"end":{"line":61,"column":7}},"type":"if","locations":[{"start":{"line":59,"column":6},"end":{"line":61,"column":7}}]},"3":{"loc":{"start":{"line":70,"column":6},"end":{"line":72,"column":7}},"type":"if","locations":[{"start":{"line":70,"column":6},"end":{"line":72,"column":7}}]},"4":{"loc":{"start":{"line":76,"column":27},"end":{"line":76,"column":54}},"type":"binary-expr","locations":[{"start":{"line":76,"column":27},"end":{"line":76,"column":46}},{"start":{"line":76,"column":50},"end":{"line":76,"column":54}}]},"5":{"loc":{"start":{"line":101,"column":6},"end":{"line":103,"column":7}},"type":"if","locations":[{"start":{"line":101,"column":6},"end":{"line":103,"column":7}}]},"6":{"loc":{"start":{"line":112,"column":6},"end":{"line":114,"column":7}},"type":"if","locations":[{"start":{"line":112,"column":6},"end":{"line":114,"column":7}}]},"7":{"loc":{"start":{"line":118,"column":27},"end":{"line":118,"column":54}},"type":"binary-expr","locations":[{"start":{"line":118,"column":27},"end":{"line":118,"column":46}},{"start":{"line":118,"column":50},"end":{"line":118,"column":54}}]}},"s":{"0":7,"1":7,"2":7,"3":7,"4":7,"5":7,"6":2,"7":2,"8":2,"9":1,"10":1,"11":1,"12":7,"13":7,"14":3,"15":3,"16":3,"17":1,"18":2,"19":2,"20":1,"21":1,"22":1,"23":7,"24":7,"25":3,"26":3,"27":3,"28":1,"29":2,"30":2,"31":1,"32":1,"33":1,"34":7},"f":{"0":2,"1":2,"2":3,"3":3,"4":3,"5":3},"b":{"0":[1],"1":[1,1],"2":[1],"3":[1],"4":[1,1],"5":[1],"6":[1],"7":[1,1]}}
,"/home/spirade/WebstormProjects/tessera/src/jobs/build/createBuild.job.ts": {"path":"/home/spirade/WebstormProjects/tessera/src/jobs/build/createBuild.job.ts","statementMap":{"0":{"start":{"line":3,"column":0},"end":{"line":3,"column":46}},"1":{"start":{"line":5,"column":0},"end":{"line":5,"column":37}},"2":{"start":{"line":6,"column":0},"end":{"line":6,"column":69}},"3":{"start":{"line":7,"column":0},"end":{"line":7,"column":42}},"4":{"start":{"line":8,"column":0},"end":{"line":8,"column":95}},"5":{"start":{"line":9,"column":0},"end":{"line":9,"column":78}},"6":{"start":{"line":12,"column":2},"end":{"line":37,"column":4}},"7":{"start":{"line":29,"column":6},"end":{"line":29,"column":49}},"8":{"start":{"line":31,"column":6},"end":{"line":31,"column":46}},"9":{"start":{"line":33,"column":6},"end":{"line":33,"column":27}},"10":{"start":{"line":34,"column":6},"end":{"line":34,"column":30}},"11":{"start":{"line":35,"column":6},"end":{"line":35,"column":26}},"12":{"start":{"line":11,"column":0},"end":{"line":11,"column":7}}},"fnMap":{"0":{"name":"createBuildJob","decl":{"start":{"line":11,"column":22},"end":{"line":11,"column":36}},"loc":{"start":{"line":11,"column":86},"end":{"line":38,"column":1}}},"1":{"name":"(anonymous_1)","decl":{"start":{"line":28,"column":4},"end":{"line":28,"column":9}},"loc":{"start":{"line":28,"column":15},"end":{"line":36,"column":5}}}},"branchMap":{},"s":{"0":7,"1":7,"2":7,"3":7,"4":7,"5":7,"6":3,"7":3,"8":3,"9":3,"10":3,"11":3,"12":7},"f":{"0":3,"1":3},"b":{}}
,"/home/spirade/WebstormProjects/tessera/src/jobs/page/creation/createPage.job.ts": {"path":"/home/spirade/WebstormProjects/tessera/src/jobs/page/creation/createPage.job.ts","statementMap":{"0":{"start":{"line":2,"column":0},"end":{"line":2,"column":46}},"1":{"start":{"line":5,"column":0},"end":{"line":5,"column":45}},"2":{"start":{"line":6,"column":0},"end":{"line":6,"column":65}},"3":{"start":{"line":7,"column":0},"end":{"line":7,"column":85}},"4":{"start":{"line":8,"column":0},"end":{"line":8,"column":72}},"5":{"start":{"line":9,"column":0},"end":{"line":9,"column":47}},"6":{"start":{"line":10,"column":0},"end":{"line":10,"column":98}},"7":{"start":{"line":15,"column":2},"end":{"line":50,"column":4}},"8":{"start":{"line":32,"column":6},"end":{"line":32,"column":48}},"9":{"start":{"line":34,"column":20},"end":{"line":34,"column":43}},"10":{"start":{"line":36,"column":6},"end":{"line":38,"column":7}},"11":{"start":{"line":37,"column":8},"end":{"line":37,"column":50}},"12":{"start":{"line":40,"column":29},"end":{"line":46,"column":8}},"13":{"start":{"line":48,"column":6},"end":{"line":48,"column":44}},"14":{"start":{"line":12,"column":0},"end":{"line":12,"column":7}}},"fnMap":{"0":{"name":"createPageJob","decl":{"start":{"line":12,"column":22},"end":{"line":12,"column":35}},"loc":{"start":{"line":13,"column":76},"end":{"line":51,"column":1}}},"1":{"name":"(anonymous_1)","decl":{"start":{"line":31,"column":4},"end":{"line":31,"column":9}},"loc":{"start":{"line":31,"column":15},"end":{"line":49,"column":5}}}},"branchMap":{"0":{"loc":{"start":{"line":36,"column":6},"end":{"line":38,"column":7}},"type":"if","locations":[{"start":{"line":36,"column":6},"end":{"line":38,"column":7}}]}},"s":{"0":7,"1":7,"2":7,"3":7,"4":7,"5":7,"6":7,"7":2,"8":2,"9":2,"10":2,"11":1,"12":1,"13":1,"14":7},"f":{"0":2,"1":2},"b":{"0":[1]}}
,"/home/spirade/WebstormProjects/tessera/src/jobs/page/deleting/deletePage.job.ts": {"path":"/home/spirade/WebstormProjects/tessera/src/jobs/page/deleting/deletePage.job.ts","statementMap":{"0":{"start":{"line":3,"column":0},"end":{"line":3,"column":46}},"1":{"start":{"line":5,"column":0},"end":{"line":5,"column":51}},"2":{"start":{"line":6,"column":0},"end":{"line":6,"column":39}},"3":{"start":{"line":7,"column":0},"end":{"line":7,"column":45}},"4":{"start":{"line":8,"column":0},"end":{"line":8,"column":98}},"5":{"start":{"line":9,"column":0},"end":{"line":9,"column":72}},"6":{"start":{"line":10,"column":0},"end":{"line":10,"column":93}},"7":{"start":{"line":15,"column":2},"end":{"line":50,"column":4}},"8":{"start":{"line":32,"column":6},"end":{"line":48,"column":9}},"9":{"start":{"line":33,"column":8},"end":{"line":33,"column":50}},"10":{"start":{"line":35,"column":22},"end":{"line":35,"column":45}},"11":{"start":{"line":37,"column":8},"end":{"line":39,"column":9}},"12":{"start":{"line":38,"column":10},"end":{"line":38,"column":64}},"13":{"start":{"line":41,"column":21},"end":{"line":43,"column":10}},"14":{"start":{"line":45,"column":8},"end":{"line":45,"column":29}},"15":{"start":{"line":47,"column":8},"end":{"line":47,"column":44}},"16":{"start":{"line":12,"column":0},"end":{"line":12,"column":7}}},"fnMap":{"0":{"name":"deletePageJob","decl":{"start":{"line":12,"column":22},"end":{"line":12,"column":35}},"loc":{"start":{"line":13,"column":67},"end":{"line":51,"column":1}}},"1":{"name":"(anonymous_1)","decl":{"start":{"line":31,"column":4},"end":{"line":31,"column":9}},"loc":{"start":{"line":31,"column":15},"end":{"line":49,"column":5}}},"2":{"name":"(anonymous_2)","decl":{"start":{"line":32,"column":34},"end":{"line":32,"column":39}},"loc":{"start":{"line":32,"column":45},"end":{"line":48,"column":7}}}},"branchMap":{"0":{"loc":{"start":{"line":37,"column":8},"end":{"line":39,"column":9}},"type":"if","locations":[{"start":{"line":37,"column":8},"end":{"line":39,"column":9}}]}},"s":{"0":7,"1":7,"2":7,"3":7,"4":7,"5":7,"6":7,"7":2,"8":2,"9":2,"10":2,"11":2,"12":1,"13":1,"14":1,"15":1,"16":7},"f":{"0":2,"1":2,"2":2},"b":{"0":[1]}}
,"/home/spirade/WebstormProjects/tessera/src/jobs/page/updating/updatePage.job.ts": {"path":"/home/spirade/WebstormProjects/tessera/src/jobs/page/updating/updatePage.job.ts","statementMap":{"0":{"start":{"line":3,"column":0},"end":{"line":3,"column":46}},"1":{"start":{"line":5,"column":0},"end":{"line":5,"column":45}},"2":{"start":{"line":6,"column":0},"end":{"line":6,"column":98}},"3":{"start":{"line":7,"column":0},"end":{"line":7,"column":72}},"4":{"start":{"line":8,"column":0},"end":{"line":8,"column":85}},"5":{"start":{"line":9,"column":0},"end":{"line":9,"column":39}},"6":{"start":{"line":10,"column":0},"end":{"line":10,"column":47}},"7":{"start":{"line":11,"column":0},"end":{"line":11,"column":65}},"8":{"start":{"line":16,"column":2},"end":{"line":52,"column":4}},"9":{"start":{"line":33,"column":6},"end":{"line":33,"column":48}},"10":{"start":{"line":35,"column":20},"end":{"line":35,"column":43}},"11":{"start":{"line":37,"column":6},"end":{"line":39,"column":7}},"12":{"start":{"line":38,"column":8},"end":{"line":38,"column":62}},"13":{"start":{"line":41,"column":19},"end":{"line":43,"column":8}},"14":{"start":{"line":45,"column":29},"end":{"line":48,"column":8}},"15":{"start":{"line":50,"column":6},"end":{"line":50,"column":44}},"16":{"start":{"line":13,"column":0},"end":{"line":13,"column":7}}},"fnMap":{"0":{"name":"updatePageJob","decl":{"start":{"line":13,"column":22},"end":{"line":13,"column":35}},"loc":{"start":{"line":14,"column":67},"end":{"line":53,"column":1}}},"1":{"name":"(anonymous_1)","decl":{"start":{"line":32,"column":4},"end":{"line":32,"column":9}},"loc":{"start":{"line":32,"column":15},"end":{"line":51,"column":5}}}},"branchMap":{"0":{"loc":{"start":{"line":37,"column":6},"end":{"line":39,"column":7}},"type":"if","locations":[{"start":{"line":37,"column":6},"end":{"line":39,"column":7}}]}},"s":{"0":7,"1":7,"2":7,"3":7,"4":7,"5":7,"6":7,"7":7,"8":2,"9":2,"10":2,"11":2,"12":1,"13":1,"14":1,"15":1,"16":7},"f":{"0":2,"1":2},"b":{"0":[1]}}
,"/home/spirade/WebstormProjects/tessera/src/models/Build.model.ts": {"path":"/home/spirade/WebstormProjects/tessera/src/models/Build.model.ts","statementMap":{"0":{"start":{"line":1,"column":0},"end":{"line":1,"column":97}},"1":{"start":{"line":3,"column":0},"end":{"line":3,"column":45}},"2":{"start":{"line":5,"column":0},"end":{"line":5,"column":41}},"3":{"start":{"line":24,"column":0},"end":{"line":24,"column":13}},"4":{"start":{"line":40,"column":0},"end":{"line":73,"column":2}}},"fnMap":{},"branchMap":{},"s":{"0":7,"1":7,"2":7,"3":7,"4":7},"f":{},"b":{}}
,"/home/spirade/WebstormProjects/tessera/src/models/Page.model.ts": {"path":"/home/spirade/WebstormProjects/tessera/src/models/Page.model.ts","statementMap":{"0":{"start":{"line":1,"column":0},"end":{"line":1,"column":null}},"1":{"start":{"line":14,"column":0},"end":{"line":14,"column":45}},"2":{"start":{"line":16,"column":0},"end":{"line":16,"column":41}},"3":{"start":{"line":38,"column":0},"end":{"line":38,"column":13}},"4":{"start":{"line":55,"column":0},"end":{"line":100,"column":2}}},"fnMap":{},"branchMap":{},"s":{"0":7,"1":7,"2":7,"3":7,"4":7},"f":{},"b":{}}
,"/home/spirade/WebstormProjects/tessera/src/models/index.ts": {"path":"/home/spirade/WebstormProjects/tessera/src/models/index.ts","statementMap":{"0":{"start":{"line":1,"column":0},"end":{"line":1,"column":38}},"1":{"start":{"line":2,"column":0},"end":{"line":2,"column":36}},"2":{"start":{"line":5,"column":2},"end":{"line":5,"column":22}},"3":{"start":{"line":6,"column":2},"end":{"line":6,"column":24}},"4":{"start":{"line":9,"column":0},"end":{"line":9,"column":19}},"5":{"start":{"line":11,"column":0},"end":{"line":11,"column":30}},"6":{"start":{"line":12,"column":0},"end":{"line":12,"column":29}}},"fnMap":{"0":{"name":"initAssociations","decl":{"start":{"line":4,"column":9},"end":{"line":4,"column":25}},"loc":{"start":{"line":4,"column":25},"end":{"line":7,"column":1}}}},"branchMap":{},"s":{"0":7,"1":7,"2":7,"3":7,"4":7,"5":7,"6":7},"f":{"0":7},"b":{}}
,"/home/spirade/WebstormProjects/tessera/src/routes/v1/builds.route.ts": {"path":"/home/spirade/WebstormProjects/tessera/src/routes/v1/builds.route.ts","statementMap":{"0":{"start":{"line":2,"column":0},"end":{"line":2,"column":32}},"1":{"start":{"line":4,"column":0},"end":{"line":4,"column":68}},"2":{"start":{"line":6,"column":0},"end":{"line":18,"column":3}},"3":{"start":{"line":7,"column":2},"end":{"line":17,"column":4}}},"fnMap":{"0":{"name":"(anonymous_1)","decl":{"start":{"line":6,"column":18},"end":{"line":6,"column":23}},"loc":{"start":{"line":6,"column":57},"end":{"line":18,"column":1}}}},"branchMap":{},"s":{"0":7,"1":7,"2":7,"3":7},"f":{"0":7},"b":{}}
,"/home/spirade/WebstormProjects/tessera/src/routes/v1/pages.route.ts": {"path":"/home/spirade/WebstormProjects/tessera/src/routes/v1/pages.route.ts","statementMap":{"0":{"start":{"line":2,"column":0},"end":{"line":2,"column":32}},"1":{"start":{"line":4,"column":0},"end":{"line":4,"column":82}},"2":{"start":{"line":5,"column":0},"end":{"line":5,"column":38}},"3":{"start":{"line":7,"column":0},"end":{"line":46,"column":3}},"4":{"start":{"line":8,"column":2},"end":{"line":19,"column":4}},"5":{"start":{"line":21,"column":2},"end":{"line":32,"column":4}},"6":{"start":{"line":34,"column":2},"end":{"line":45,"column":4}}},"fnMap":{"0":{"name":"(anonymous_1)","decl":{"start":{"line":7,"column":18},"end":{"line":7,"column":23}},"loc":{"start":{"line":7,"column":57},"end":{"line":46,"column":1}}}},"branchMap":{},"s":{"0":7,"1":7,"2":7,"3":7,"4":7,"5":7,"6":7},"f":{"0":7},"b":{}}
,"/home/spirade/WebstormProjects/tessera/src/services/application/application.service.ts": {"path":"/home/spirade/WebstormProjects/tessera/src/services/application/application.service.ts","statementMap":{"0":{"start":{"line":1,"column":0},"end":{"line":1,"column":38}},"1":{"start":{"line":3,"column":0},"end":{"line":3,"column":73}},"2":{"start":{"line":4,"column":0},"end":{"line":4,"column":85}},"3":{"start":{"line":7,"column":40},"end":{"line":7,"column":87}},"4":{"start":{"line":9,"column":33},"end":{"line":9,"column":92}},"5":{"start":{"line":10,"column":43},"end":{"line":10,"column":78}},"6":{"start":{"line":12,"column":2},"end":{"line":14,"column":3}},"7":{"start":{"line":13,"column":4},"end":{"line":13,"column":29}},"8":{"start":{"line":16,"column":2},"end":{"line":18,"column":3}},"9":{"start":{"line":17,"column":4},"end":{"line":17,"column":39}},"10":{"start":{"line":20,"column":2},"end":{"line":20,"column":47}},"11":{"start":{"line":6,"column":0},"end":{"line":6,"column":7}}},"fnMap":{"0":{"name":"ensureApplicationIsReadyToLaunch","decl":{"start":{"line":6,"column":22},"end":{"line":6,"column":54}},"loc":{"start":{"line":6,"column":54},"end":{"line":21,"column":1}}}},"branchMap":{"0":{"loc":{"start":{"line":12,"column":2},"end":{"line":14,"column":3}},"type":"if","locations":[{"start":{"line":12,"column":2},"end":{"line":14,"column":3}}]},"1":{"loc":{"start":{"line":12,"column":6},"end":{"line":12,"column":64}},"type":"binary-expr","locations":[{"start":{"line":12,"column":6},"end":{"line":12,"column":28}},{"start":{"line":12,"column":32},"end":{"line":12,"column":64}}]},"2":{"loc":{"start":{"line":16,"column":2},"end":{"line":18,"column":3}},"type":"if","locations":[{"start":{"line":16,"column":2},"end":{"line":18,"column":3}}]},"3":{"loc":{"start":{"line":16,"column":6},"end":{"line":16,"column":65}},"type":"binary-expr","locations":[{"start":{"line":16,"column":6},"end":{"line":16,"column":29}},{"start":{"line":16,"column":33},"end":{"line":16,"column":65}}]}},"s":{"0":7,"1":7,"2":7,"3":3,"4":3,"5":3,"6":3,"7":1,"8":2,"9":1,"10":2,"11":7},"f":{"0":3},"b":{"0":[1],"1":[3,1],"2":[1],"3":[2,2]}}
,"/home/spirade/WebstormProjects/tessera/src/services/build/build.service.ts": {"path":"/home/spirade/WebstormProjects/tessera/src/services/build/build.service.ts","statementMap":{"0":{"start":{"line":1,"column":0},"end":{"line":1,"column":31}},"1":{"start":{"line":3,"column":0},"end":{"line":3,"column":44}},"2":{"start":{"line":4,"column":0},"end":{"line":4,"column":80}},"3":{"start":{"line":5,"column":0},"end":{"line":5,"column":null}},"4":{"start":{"line":12,"column":0},"end":{"line":12,"column":42}},"5":{"start":{"line":13,"column":0},"end":{"line":13,"column":59}},"6":{"start":{"line":14,"column":0},"end":{"line":14,"column":78}},"7":{"start":{"line":15,"column":0},"end":{"line":15,"column":89}},"8":{"start":{"line":16,"column":0},"end":{"line":16,"column":null}},"9":{"start":{"line":21,"column":0},"end":{"line":21,"column":63}},"10":{"start":{"line":22,"column":0},"end":{"line":22,"column":72}},"11":{"start":{"line":23,"column":0},"end":{"line":23,"column":56}},"12":{"start":{"line":24,"column":0},"end":{"line":24,"column":null}},"13":{"start":{"line":29,"column":0},"end":{"line":29,"column":62}},"14":{"start":{"line":30,"column":0},"end":{"line":30,"column":52}},"15":{"start":{"line":44,"column":2},"end":{"line":44,"column":30}},"16":{"start":{"line":43,"column":0},"end":{"line":43,"column":16}},"17":{"start":{"line":48,"column":2},"end":{"line":48,"column":30}},"18":{"start":{"line":47,"column":0},"end":{"line":47,"column":16}},"19":{"start":{"line":52,"column":2},"end":{"line":60,"column":5}},"20":{"start":{"line":51,"column":0},"end":{"line":51,"column":16}},"21":{"start":{"line":64,"column":33},"end":{"line":67,"column":4}},"22":{"start":{"line":69,"column":2},"end":{"line":79,"column":3}},"23":{"start":{"line":70,"column":4},"end":{"line":70,"column":58}},"24":{"start":{"line":71,"column":4},"end":{"line":73,"column":7}},"25":{"start":{"line":75,"column":4},"end":{"line":77,"column":7}},"26":{"start":{"line":78,"column":4},"end":{"line":78,"column":16}},"27":{"start":{"line":63,"column":0},"end":{"line":63,"column":7}},"28":{"start":{"line":83,"column":26},"end":{"line":85,"column":4}},"29":{"start":{"line":87,"column":19},"end":{"line":95,"column":4}},"30":{"start":{"line":97,"column":2},"end":{"line":97,"column":47}},"31":{"start":{"line":99,"column":2},"end":{"line":99,"column":58}},"32":{"start":{"line":103,"column":2},"end":{"line":103,"column":47}},"33":{"start":{"line":105,"column":2},"end":{"line":107,"column":5}},"34":{"start":{"line":109,"column":2},"end":{"line":109,"column":44}},"35":{"start":{"line":113,"column":2},"end":{"line":113,"column":50}},"36":{"start":{"line":115,"column":2},"end":{"line":117,"column":5}},"37":{"start":{"line":119,"column":18},"end":{"line":119,"column":36}},"38":{"start":{"line":120,"column":23},"end":{"line":120,"column":61}},"39":{"start":{"line":121,"column":37},"end":{"line":122,"column":null}},"40":{"start":{"line":125,"column":2},"end":{"line":129,"column":37}},"41":{"start":{"line":133,"column":2},"end":{"line":133,"column":52}},"42":{"start":{"line":135,"column":2},"end":{"line":137,"column":5}},"43":{"start":{"line":139,"column":37},"end":{"line":139,"column":39}},"44":{"start":{"line":140,"column":25},"end":{"line":140,"column":27}},"45":{"start":{"line":142,"column":2},"end":{"line":171,"column":3}},"46":{"start":{"line":143,"column":4},"end":{"line":145,"column":6}},"47":{"start":{"line":147,"column":17},"end":{"line":153,"column":6}},"48":{"start":{"line":155,"column":4},"end":{"line":170,"column":5}},"49":{"start":{"line":157,"column":8},"end":{"line":157,"column":53}},"50":{"start":{"line":159,"column":6},"end":{"line":159,"column":61}},"51":{"start":{"line":161,"column":6},"end":{"line":165,"column":9}},"52":{"start":{"line":167,"column":6},"end":{"line":169,"column":9}},"53":{"start":{"line":173,"column":2},"end":{"line":173,"column":46}},"54":{"start":{"line":175,"column":2},"end":{"line":175,"column":56}},"55":{"start":{"line":179,"column":24},"end":{"line":179,"column":70}},"56":{"start":{"line":181,"column":33},"end":{"line":183,"column":null}},"57":{"start":{"line":186,"column":46},"end":{"line":188,"column":null}},"58":{"start":{"line":191,"column":2},"end":{"line":191,"column":65}},"59":{"start":{"line":195,"column":2},"end":{"line":195,"column":51}},"60":{"start":{"line":197,"column":2},"end":{"line":199,"column":5}},"61":{"start":{"line":201,"column":2},"end":{"line":207,"column":5}},"62":{"start":{"line":205,"column":21},"end":{"line":205,"column":56}},"63":{"start":{"line":211,"column":2},"end":{"line":211,"column":53}},"64":{"start":{"line":213,"column":2},"end":{"line":215,"column":5}},"65":{"start":{"line":217,"column":34},"end":{"line":224,"column":4}},"66":{"start":{"line":226,"column":2},"end":{"line":226,"column":64}},"67":{"start":{"line":226,"column":58},"end":{"line":226,"column":61}},"68":{"start":{"line":230,"column":2},"end":{"line":230,"column":48}},"69":{"start":{"line":232,"column":2},"end":{"line":234,"column":5}},"70":{"start":{"line":236,"column":29},"end":{"line":243,"column":4}},"71":{"start":{"line":245,"column":2},"end":{"line":248,"column":4}},"72":{"start":{"line":247,"column":40},"end":{"line":247,"column":43}},"73":{"start":{"line":249,"column":2},"end":{"line":249,"column":34}},"74":{"start":{"line":250,"column":2},"end":{"line":250,"column":30}},"75":{"start":{"line":254,"column":2},"end":{"line":254,"column":48}},"76":{"start":{"line":256,"column":2},"end":{"line":258,"column":5}},"77":{"start":{"line":260,"column":2},"end":{"line":260,"column":17}},"78":{"start":{"line":264,"column":2},"end":{"line":271,"column":4}}},"fnMap":{"0":{"name":"createBuild","decl":{"start":{"line":43,"column":16},"end":{"line":43,"column":27}},"loc":{"start":{"line":43,"column":54},"end":{"line":45,"column":1}}},"1":{"name":"updateBuild","decl":{"start":{"line":47,"column":16},"end":{"line":47,"column":27}},"loc":{"start":{"line":47,"column":61},"end":{"line":49,"column":1}}},"2":{"name":"getCurrentBuild","decl":{"start":{"line":51,"column":16},"end":{"line":51,"column":31}},"loc":{"start":{"line":51,"column":31},"end":{"line":61,"column":1}}},"3":{"name":"runProjectBuild","decl":{"start":{"line":63,"column":22},"end":{"line":63,"column":37}},"loc":{"start":{"line":63,"column":37},"end":{"line":80,"column":1}}},"4":{"name":"runProjectBuildPipeline","decl":{"start":{"line":82,"column":15},"end":{"line":82,"column":38}},"loc":{"start":{"line":82,"column":51},"end":{"line":100,"column":1}}},"5":{"name":"runSetupStage","decl":{"start":{"line":102,"column":15},"end":{"line":102,"column":28}},"loc":{"start":{"line":102,"column":60},"end":{"line":110,"column":1}}},"6":{"name":"runFetchingStage","decl":{"start":{"line":112,"column":15},"end":{"line":112,"column":31}},"loc":{"start":{"line":112,"column":63},"end":{"line":130,"column":1}}},"7":{"name":"runGeneratingStage","decl":{"start":{"line":132,"column":15},"end":{"line":132,"column":33}},"loc":{"start":{"line":132,"column":63},"end":{"line":176,"column":1}}},"8":{"name":"runProjectPageGenerating","decl":{"start":{"line":178,"column":15},"end":{"line":178,"column":39}},"loc":{"start":{"line":178,"column":81},"end":{"line":192,"column":1}}},"9":{"name":"runPreparingStage","decl":{"start":{"line":194,"column":15},"end":{"line":194,"column":32}},"loc":{"start":{"line":194,"column":62},"end":{"line":208,"column":1}}},"10":{"name":"(anonymous_10)","decl":{"start":{"line":205,"column":6},"end":{"line":205,"column":7}},"loc":{"start":{"line":205,"column":21},"end":{"line":205,"column":56}}},"11":{"name":"runCompilationStage","decl":{"start":{"line":210,"column":15},"end":{"line":210,"column":34}},"loc":{"start":{"line":210,"column":66},"end":{"line":227,"column":1}}},"12":{"name":"(anonymous_12)","decl":{"start":{"line":226,"column":45},"end":{"line":226,"column":46}},"loc":{"start":{"line":226,"column":58},"end":{"line":226,"column":61}}},"13":{"name":"runExportStage","decl":{"start":{"line":229,"column":15},"end":{"line":229,"column":29}},"loc":{"start":{"line":229,"column":59},"end":{"line":251,"column":1}}},"14":{"name":"(anonymous_14)","decl":{"start":{"line":247,"column":27},"end":{"line":247,"column":28}},"loc":{"start":{"line":247,"column":40},"end":{"line":247,"column":43}}},"15":{"name":"runCommitStage","decl":{"start":{"line":253,"column":15},"end":{"line":253,"column":29}},"loc":{"start":{"line":253,"column":59},"end":{"line":261,"column":1}}},"16":{"name":"createBuildPipelineContext","decl":{"start":{"line":263,"column":9},"end":{"line":263,"column":35}},"loc":{"start":{"line":263,"column":93},"end":{"line":272,"column":1}}}},"branchMap":{},"s":{"0":7,"1":7,"2":7,"3":7,"4":7,"5":7,"6":7,"7":7,"8":7,"9":7,"10":7,"11":7,"12":7,"13":7,"14":7,"15":3,"16":7,"17":24,"18":7,"19":14,"20":7,"21":3,"22":3,"23":3,"24":3,"25":0,"26":0,"27":7,"28":3,"29":3,"30":3,"31":3,"32":3,"33":3,"34":3,"35":3,"36":3,"37":3,"38":3,"39":3,"40":3,"41":3,"42":3,"43":3,"44":3,"45":3,"46":6,"47":6,"48":6,"49":6,"50":5,"51":5,"52":1,"53":3,"54":3,"55":6,"56":5,"57":5,"58":5,"59":3,"60":3,"61":3,"62":3,"63":3,"64":3,"65":3,"66":3,"67":5,"68":3,"69":3,"70":3,"71":3,"72":5,"73":3,"74":3,"75":3,"76":3,"77":3,"78":3},"f":{"0":3,"1":24,"2":14,"3":3,"4":3,"5":3,"6":3,"7":3,"8":6,"9":3,"10":3,"11":3,"12":5,"13":3,"14":5,"15":3,"16":3},"b":{}}
,"/home/spirade/WebstormProjects/tessera/src/services/page/page.service.ts": {"path":"/home/spirade/WebstormProjects/tessera/src/services/page/page.service.ts","statementMap":{"0":{"start":{"line":1,"column":0},"end":{"line":1,"column":71}},"1":{"start":{"line":3,"column":0},"end":{"line":3,"column":62}},"2":{"start":{"line":4,"column":0},"end":{"line":4,"column":42}},"3":{"start":{"line":5,"column":0},"end":{"line":5,"column":89}},"4":{"start":{"line":6,"column":0},"end":{"line":6,"column":72}},"5":{"start":{"line":21,"column":2},"end":{"line":21,"column":29}},"6":{"start":{"line":20,"column":0},"end":{"line":20,"column":16}},"7":{"start":{"line":25,"column":2},"end":{"line":25,"column":29}},"8":{"start":{"line":24,"column":0},"end":{"line":24,"column":16}},"9":{"start":{"line":29,"column":2},"end":{"line":29,"column":53}},"10":{"start":{"line":28,"column":0},"end":{"line":28,"column":7}},"11":{"start":{"line":35,"column":2},"end":{"line":42,"column":4}},"12":{"start":{"line":32,"column":0},"end":{"line":32,"column":16}},"13":{"start":{"line":46,"column":2},"end":{"line":46,"column":38}},"14":{"start":{"line":48,"column":18},"end":{"line":48,"column":36}},"15":{"start":{"line":49,"column":37},"end":{"line":50,"column":null}},"16":{"start":{"line":53,"column":2},"end":{"line":56,"column":36}},"17":{"start":{"line":45,"column":0},"end":{"line":45,"column":7}},"18":{"start":{"line":64,"column":2},"end":{"line":64,"column":39}},"19":{"start":{"line":66,"column":2},"end":{"line":72,"column":5}},"20":{"start":{"line":70,"column":21},"end":{"line":70,"column":56}},"21":{"start":{"line":59,"column":0},"end":{"line":59,"column":7}},"22":{"start":{"line":78,"column":2},"end":{"line":78,"column":56}},"23":{"start":{"line":75,"column":0},"end":{"line":75,"column":7}},"24":{"start":{"line":84,"column":2},"end":{"line":84,"column":55}},"25":{"start":{"line":81,"column":0},"end":{"line":81,"column":7}},"26":{"start":{"line":88,"column":2},"end":{"line":88,"column":51}},"27":{"start":{"line":92,"column":2},"end":{"line":92,"column":28}}},"fnMap":{"0":{"name":"createPage","decl":{"start":{"line":20,"column":16},"end":{"line":20,"column":26}},"loc":{"start":{"line":20,"column":52},"end":{"line":22,"column":1}}},"1":{"name":"updatePage","decl":{"start":{"line":24,"column":16},"end":{"line":24,"column":26}},"loc":{"start":{"line":24,"column":57},"end":{"line":26,"column":1}}},"2":{"name":"cancelLinearPageProcessing","decl":{"start":{"line":28,"column":22},"end":{"line":28,"column":48}},"loc":{"start":{"line":28,"column":59},"end":{"line":30,"column":1}}},"3":{"name":"createPagePipelineContext","decl":{"start":{"line":32,"column":16},"end":{"line":32,"column":41}},"loc":{"start":{"line":33,"column":92},"end":{"line":43,"column":1}}},"4":{"name":"runFetchingStage","decl":{"start":{"line":45,"column":22},"end":{"line":45,"column":38}},"loc":{"start":{"line":45,"column":38},"end":{"line":57,"column":1}}},"5":{"name":"runPreparingStage","decl":{"start":{"line":59,"column":22},"end":{"line":59,"column":39}},"loc":{"start":{"line":63,"column":22},"end":{"line":73,"column":1}}},"6":{"name":"(anonymous_6)","decl":{"start":{"line":70,"column":6},"end":{"line":70,"column":7}},"loc":{"start":{"line":70,"column":21},"end":{"line":70,"column":56}}},"7":{"name":"runPageAdvisoryLock","decl":{"start":{"line":75,"column":22},"end":{"line":75,"column":41}},"loc":{"start":{"line":77,"column":62},"end":{"line":79,"column":1}}},"8":{"name":"runPageAdvisoryUnlock","decl":{"start":{"line":81,"column":22},"end":{"line":81,"column":43}},"loc":{"start":{"line":83,"column":62},"end":{"line":85,"column":1}}},"9":{"name":"enforceLinearPageProcessing","decl":{"start":{"line":87,"column":15},"end":{"line":87,"column":42}},"loc":{"start":{"line":87,"column":53},"end":{"line":89,"column":1}}},"10":{"name":"getPageAdvisoryLockKey","decl":{"start":{"line":91,"column":9},"end":{"line":91,"column":31}},"loc":{"start":{"line":91,"column":42},"end":{"line":93,"column":1}}}},"branchMap":{},"s":{"0":7,"1":7,"2":7,"3":7,"4":7,"5":7,"6":7,"7":2,"8":7,"9":3,"10":7,"11":3,"12":7,"13":2,"14":2,"15":2,"16":2,"17":7,"18":2,"19":2,"20":2,"21":7,"22":3,"23":7,"24":3,"25":7,"26":3,"27":6},"f":{"0":7,"1":2,"2":3,"3":3,"4":2,"5":2,"6":2,"7":3,"8":3,"9":3,"10":6},"b":{}}
,"/home/spirade/WebstormProjects/tessera/src/services/page/creation/createPage.service.ts": {"path":"/home/spirade/WebstormProjects/tessera/src/services/page/creation/createPage.service.ts","statementMap":{"0":{"start":{"line":1,"column":0},"end":{"line":1,"column":39}},"1":{"start":{"line":2,"column":0},"end":{"line":2,"column":45}},"2":{"start":{"line":3,"column":0},"end":{"line":3,"column":60}},"3":{"start":{"line":4,"column":0},"end":{"line":4,"column":68}},"4":{"start":{"line":5,"column":0},"end":{"line":5,"column":62}},"5":{"start":{"line":6,"column":0},"end":{"line":6,"column":null}},"6":{"start":{"line":14,"column":0},"end":{"line":14,"column":66}},"7":{"start":{"line":15,"column":0},"end":{"line":15,"column":59}},"8":{"start":{"line":16,"column":0},"end":{"line":16,"column":85}},"9":{"start":{"line":17,"column":0},"end":{"line":17,"column":null}},"10":{"start":{"line":27,"column":0},"end":{"line":27,"column":40}},"11":{"start":{"line":28,"column":0},"end":{"line":28,"column":55}},"12":{"start":{"line":31,"column":2},"end":{"line":39,"column":3}},"13":{"start":{"line":32,"column":4},"end":{"line":32,"column":40}},"14":{"start":{"line":34,"column":4},"end":{"line":34,"column":43}},"15":{"start":{"line":35,"column":4},"end":{"line":37,"column":7}},"16":{"start":{"line":38,"column":4},"end":{"line":38,"column":16}},"17":{"start":{"line":30,"column":0},"end":{"line":30,"column":7}},"18":{"start":{"line":43,"column":23},"end":{"line":48,"column":4}},"19":{"start":{"line":50,"column":26},"end":{"line":53,"column":4}},"20":{"start":{"line":55,"column":19},"end":{"line":64,"column":4}},"21":{"start":{"line":66,"column":2},"end":{"line":66,"column":47}},"22":{"start":{"line":68,"column":2},"end":{"line":68,"column":66}},"23":{"start":{"line":76,"column":2},"end":{"line":76,"column":40}},"24":{"start":{"line":78,"column":24},"end":{"line":78,"column":84}},"25":{"start":{"line":80,"column":33},"end":{"line":82,"column":null}},"26":{"start":{"line":85,"column":25},"end":{"line":89,"column":5}},"27":{"start":{"line":85,"column":78},"end":{"line":89,"column":4}},"28":{"start":{"line":91,"column":2},"end":{"line":91,"column":69}},"29":{"start":{"line":92,"column":2},"end":{"line":92,"column":46}},"30":{"start":{"line":94,"column":2},"end":{"line":97,"column":4}},"31":{"start":{"line":101,"column":2},"end":{"line":101,"column":41}},"32":{"start":{"line":103,"column":2},"end":{"line":103,"column":82}},"33":{"start":{"line":103,"column":51},"end":{"line":103,"column":54}},"34":{"start":{"line":107,"column":2},"end":{"line":107,"column":36}},"35":{"start":{"line":109,"column":2},"end":{"line":109,"column":97}},"36":{"start":{"line":109,"column":61},"end":{"line":109,"column":69}},"37":{"start":{"line":110,"column":2},"end":{"line":110,"column":34}},"38":{"start":{"line":114,"column":2},"end":{"line":114,"column":36}},"39":{"start":{"line":116,"column":2},"end":{"line":116,"column":17}}},"fnMap":{"0":{"name":"runPageCreation","decl":{"start":{"line":30,"column":22},"end":{"line":30,"column":37}},"loc":{"start":{"line":30,"column":48},"end":{"line":40,"column":1}}},"1":{"name":"runPageCreationPipeline","decl":{"start":{"line":42,"column":15},"end":{"line":42,"column":38}},"loc":{"start":{"line":42,"column":49},"end":{"line":69,"column":1}}},"2":{"name":"runGeneratingStage","decl":{"start":{"line":71,"column":15},"end":{"line":71,"column":33}},"loc":{"start":{"line":75,"column":22},"end":{"line":98,"column":1}}},"3":{"name":"(anonymous_3)","decl":{"start":{"line":85,"column":67},"end":{"line":85,"column":68}},"loc":{"start":{"line":85,"column":78},"end":{"line":89,"column":4}}},"4":{"name":"runCompilationStage","decl":{"start":{"line":100,"column":15},"end":{"line":100,"column":34}},"loc":{"start":{"line":100,"column":92},"end":{"line":104,"column":1}}},"5":{"name":"(anonymous_5)","decl":{"start":{"line":103,"column":38},"end":{"line":103,"column":39}},"loc":{"start":{"line":103,"column":51},"end":{"line":103,"column":54}}},"6":{"name":"runExportStage","decl":{"start":{"line":106,"column":15},"end":{"line":106,"column":29}},"loc":{"start":{"line":106,"column":96},"end":{"line":111,"column":1}}},"7":{"name":"(anonymous_7)","decl":{"start":{"line":109,"column":51},"end":{"line":109,"column":52}},"loc":{"start":{"line":109,"column":61},"end":{"line":109,"column":69}}},"8":{"name":"runCommitStage","decl":{"start":{"line":113,"column":15},"end":{"line":113,"column":29}},"loc":{"start":{"line":113,"column":29},"end":{"line":117,"column":1}}}},"branchMap":{},"s":{"0":7,"1":7,"2":7,"3":7,"4":7,"5":7,"6":7,"7":7,"8":7,"9":7,"10":7,"11":7,"12":1,"13":1,"14":0,"15":0,"16":0,"17":7,"18":1,"19":1,"20":1,"21":1,"22":1,"23":1,"24":1,"25":1,"26":1,"27":4,"28":1,"29":1,"30":1,"31":1,"32":1,"33":3,"34":1,"35":1,"36":3,"37":1,"38":1,"39":1},"f":{"0":1,"1":1,"2":1,"3":4,"4":1,"5":3,"6":1,"7":3,"8":1},"b":{}}
,"/home/spirade/WebstormProjects/tessera/src/services/page/deleting/deletePage.service.ts": {"path":"/home/spirade/WebstormProjects/tessera/src/services/page/deleting/deletePage.service.ts","statementMap":{"0":{"start":{"line":1,"column":0},"end":{"line":1,"column":31}},"1":{"start":{"line":3,"column":0},"end":{"line":3,"column":39}},"2":{"start":{"line":4,"column":0},"end":{"line":4,"column":45}},"3":{"start":{"line":5,"column":0},"end":{"line":5,"column":62}},"4":{"start":{"line":6,"column":0},"end":{"line":6,"column":59}},"5":{"start":{"line":7,"column":0},"end":{"line":7,"column":85}},"6":{"start":{"line":8,"column":0},"end":{"line":8,"column":null}},"7":{"start":{"line":14,"column":0},"end":{"line":14,"column":40}},"8":{"start":{"line":15,"column":0},"end":{"line":15,"column":55}},"9":{"start":{"line":16,"column":0},"end":{"line":16,"column":null}},"10":{"start":{"line":21,"column":0},"end":{"line":21,"column":60}},"11":{"start":{"line":22,"column":0},"end":{"line":22,"column":61}},"12":{"start":{"line":23,"column":0},"end":{"line":23,"column":null}},"13":{"start":{"line":27,"column":0},"end":{"line":27,"column":51}},"14":{"start":{"line":30,"column":23},"end":{"line":36,"column":4}},"15":{"start":{"line":38,"column":26},"end":{"line":41,"column":4}},"16":{"start":{"line":43,"column":19},"end":{"line":52,"column":4}},"17":{"start":{"line":54,"column":2},"end":{"line":54,"column":47}},"18":{"start":{"line":56,"column":2},"end":{"line":56,"column":66}},"19":{"start":{"line":29,"column":0},"end":{"line":29,"column":7}},"20":{"start":{"line":60,"column":2},"end":{"line":60,"column":38}},"21":{"start":{"line":62,"column":18},"end":{"line":62,"column":36}},"22":{"start":{"line":64,"column":2},"end":{"line":67,"column":36}},"23":{"start":{"line":59,"column":0},"end":{"line":59,"column":7}},"24":{"start":{"line":71,"column":2},"end":{"line":71,"column":40}},"25":{"start":{"line":73,"column":25},"end":{"line":77,"column":5}},"26":{"start":{"line":73,"column":53},"end":{"line":77,"column":4}},"27":{"start":{"line":79,"column":2},"end":{"line":79,"column":46}},"28":{"start":{"line":81,"column":2},"end":{"line":84,"column":4}},"29":{"start":{"line":88,"column":2},"end":{"line":88,"column":41}},"30":{"start":{"line":90,"column":2},"end":{"line":90,"column":53}},"31":{"start":{"line":90,"column":47},"end":{"line":90,"column":50}},"32":{"start":{"line":94,"column":2},"end":{"line":94,"column":36}},"33":{"start":{"line":96,"column":2},"end":{"line":99,"column":4}},"34":{"start":{"line":98,"column":31},"end":{"line":98,"column":39}},"35":{"start":{"line":100,"column":2},"end":{"line":100,"column":34}},"36":{"start":{"line":104,"column":2},"end":{"line":104,"column":37}},"37":{"start":{"line":106,"column":2},"end":{"line":106,"column":51}},"38":{"start":{"line":107,"column":2},"end":{"line":107,"column":56}},"39":{"start":{"line":111,"column":2},"end":{"line":111,"column":36}},"40":{"start":{"line":113,"column":2},"end":{"line":113,"column":17}}},"fnMap":{"0":{"name":"runPageDeletingPipeline","decl":{"start":{"line":29,"column":22},"end":{"line":29,"column":45}},"loc":{"start":{"line":29,"column":56},"end":{"line":57,"column":1}}},"1":{"name":"runFetchingStage","decl":{"start":{"line":59,"column":22},"end":{"line":59,"column":38}},"loc":{"start":{"line":59,"column":38},"end":{"line":68,"column":1}}},"2":{"name":"runGeneratingStage","decl":{"start":{"line":70,"column":15},"end":{"line":70,"column":33}},"loc":{"start":{"line":70,"column":71},"end":{"line":85,"column":1}}},"3":{"name":"(anonymous_3)","decl":{"start":{"line":73,"column":42},"end":{"line":73,"column":43}},"loc":{"start":{"line":73,"column":53},"end":{"line":77,"column":4}}},"4":{"name":"runCompilationStage","decl":{"start":{"line":87,"column":15},"end":{"line":87,"column":34}},"loc":{"start":{"line":87,"column":72},"end":{"line":91,"column":1}}},"5":{"name":"(anonymous_5)","decl":{"start":{"line":90,"column":34},"end":{"line":90,"column":35}},"loc":{"start":{"line":90,"column":47},"end":{"line":90,"column":50}}},"6":{"name":"runExportStage","decl":{"start":{"line":93,"column":15},"end":{"line":93,"column":29}},"loc":{"start":{"line":93,"column":76},"end":{"line":101,"column":1}}},"7":{"name":"(anonymous_7)","decl":{"start":{"line":98,"column":21},"end":{"line":98,"column":22}},"loc":{"start":{"line":98,"column":31},"end":{"line":98,"column":39}}},"8":{"name":"runCleanupStage","decl":{"start":{"line":103,"column":15},"end":{"line":103,"column":30}},"loc":{"start":{"line":103,"column":74},"end":{"line":108,"column":1}}},"9":{"name":"runCommitStage","decl":{"start":{"line":110,"column":15},"end":{"line":110,"column":29}},"loc":{"start":{"line":110,"column":29},"end":{"line":114,"column":1}}}},"branchMap":{},"s":{"0":7,"1":7,"2":7,"3":7,"4":7,"5":7,"6":7,"7":7,"8":7,"9":7,"10":7,"11":7,"12":7,"13":7,"14":1,"15":1,"16":1,"17":1,"18":1,"19":7,"20":1,"21":1,"22":1,"23":7,"24":1,"25":1,"26":2,"27":1,"28":1,"29":1,"30":1,"31":2,"32":1,"33":1,"34":2,"35":1,"36":1,"37":1,"38":1,"39":1,"40":1},"f":{"0":1,"1":1,"2":1,"3":2,"4":1,"5":2,"6":1,"7":2,"8":1,"9":1},"b":{}}
,"/home/spirade/WebstormProjects/tessera/src/services/page/updating/updatePage.service.ts": {"path":"/home/spirade/WebstormProjects/tessera/src/services/page/updating/updatePage.service.ts","statementMap":{"0":{"start":{"line":1,"column":0},"end":{"line":1,"column":39}},"1":{"start":{"line":2,"column":0},"end":{"line":2,"column":45}},"2":{"start":{"line":3,"column":0},"end":{"line":3,"column":68}},"3":{"start":{"line":4,"column":0},"end":{"line":4,"column":62}},"4":{"start":{"line":5,"column":0},"end":{"line":5,"column":null}},"5":{"start":{"line":10,"column":0},"end":{"line":10,"column":66}},"6":{"start":{"line":11,"column":0},"end":{"line":11,"column":59}},"7":{"start":{"line":12,"column":0},"end":{"line":12,"column":85}},"8":{"start":{"line":13,"column":0},"end":{"line":13,"column":null}},"9":{"start":{"line":23,"column":0},"end":{"line":23,"column":40}},"10":{"start":{"line":24,"column":0},"end":{"line":24,"column":55}},"11":{"start":{"line":27,"column":2},"end":{"line":35,"column":3}},"12":{"start":{"line":28,"column":4},"end":{"line":28,"column":40}},"13":{"start":{"line":30,"column":4},"end":{"line":30,"column":43}},"14":{"start":{"line":31,"column":4},"end":{"line":33,"column":7}},"15":{"start":{"line":34,"column":4},"end":{"line":34,"column":16}},"16":{"start":{"line":26,"column":0},"end":{"line":26,"column":7}},"17":{"start":{"line":39,"column":23},"end":{"line":44,"column":4}},"18":{"start":{"line":46,"column":26},"end":{"line":49,"column":4}},"19":{"start":{"line":51,"column":19},"end":{"line":60,"column":4}},"20":{"start":{"line":62,"column":2},"end":{"line":62,"column":47}},"21":{"start":{"line":64,"column":2},"end":{"line":64,"column":66}},"22":{"start":{"line":71,"column":2},"end":{"line":71,"column":40}},"23":{"start":{"line":73,"column":24},"end":{"line":73,"column":84}},"24":{"start":{"line":75,"column":33},"end":{"line":77,"column":null}},"25":{"start":{"line":80,"column":2},"end":{"line":80,"column":69}},"26":{"start":{"line":82,"column":2},"end":{"line":84,"column":4}},"27":{"start":{"line":88,"column":2},"end":{"line":88,"column":41}},"28":{"start":{"line":90,"column":2},"end":{"line":90,"column":82}},"29":{"start":{"line":90,"column":51},"end":{"line":90,"column":54}},"30":{"start":{"line":94,"column":2},"end":{"line":94,"column":36}},"31":{"start":{"line":96,"column":2},"end":{"line":96,"column":97}},"32":{"start":{"line":96,"column":61},"end":{"line":96,"column":69}},"33":{"start":{"line":97,"column":2},"end":{"line":97,"column":34}},"34":{"start":{"line":101,"column":2},"end":{"line":101,"column":36}},"35":{"start":{"line":103,"column":2},"end":{"line":103,"column":17}}},"fnMap":{"0":{"name":"runPageUpdating","decl":{"start":{"line":26,"column":22},"end":{"line":26,"column":37}},"loc":{"start":{"line":26,"column":48},"end":{"line":36,"column":1}}},"1":{"name":"runPageUpdatingPipeline","decl":{"start":{"line":38,"column":15},"end":{"line":38,"column":38}},"loc":{"start":{"line":38,"column":49},"end":{"line":65,"column":1}}},"2":{"name":"runGeneratingStage","decl":{"start":{"line":67,"column":15},"end":{"line":67,"column":33}},"loc":{"start":{"line":70,"column":22},"end":{"line":85,"column":1}}},"3":{"name":"runCompilationStage","decl":{"start":{"line":87,"column":15},"end":{"line":87,"column":34}},"loc":{"start":{"line":87,"column":92},"end":{"line":91,"column":1}}},"4":{"name":"(anonymous_4)","decl":{"start":{"line":90,"column":38},"end":{"line":90,"column":39}},"loc":{"start":{"line":90,"column":51},"end":{"line":90,"column":54}}},"5":{"name":"runExportStage","decl":{"start":{"line":93,"column":15},"end":{"line":93,"column":29}},"loc":{"start":{"line":93,"column":96},"end":{"line":98,"column":1}}},"6":{"name":"(anonymous_6)","decl":{"start":{"line":96,"column":51},"end":{"line":96,"column":52}},"loc":{"start":{"line":96,"column":61},"end":{"line":96,"column":69}}},"7":{"name":"runCommitStage","decl":{"start":{"line":100,"column":15},"end":{"line":100,"column":29}},"loc":{"start":{"line":100,"column":29},"end":{"line":104,"column":1}}}},"branchMap":{},"s":{"0":7,"1":7,"2":7,"3":7,"4":7,"5":7,"6":7,"7":7,"8":7,"9":7,"10":7,"11":1,"12":1,"13":0,"14":0,"15":0,"16":7,"17":1,"18":1,"19":1,"20":1,"21":1,"22":1,"23":1,"24":1,"25":1,"26":1,"27":1,"28":1,"29":2,"30":1,"31":1,"32":2,"33":1,"34":1,"35":1},"f":{"0":1,"1":1,"2":1,"3":1,"4":2,"5":1,"6":2,"7":1},"b":{}}
,"/home/spirade/WebstormProjects/tessera/src/services/pipeline/cleanup.service.ts": {"path":"/home/spirade/WebstormProjects/tessera/src/services/pipeline/cleanup.service.ts","statementMap":{"0":{"start":{"line":1,"column":0},"end":{"line":1,"column":56}},"1":{"start":{"line":2,"column":0},"end":{"line":2,"column":24}},"2":{"start":{"line":5,"column":0},"end":{"line":5,"column":null}},"3":{"start":{"line":11,"column":0},"end":{"line":11,"column":57}},"4":{"start":{"line":14,"column":16},"end":{"line":14,"column":44}},"5":{"start":{"line":16,"column":2},"end":{"line":31,"column":3}},"6":{"start":{"line":17,"column":21},"end":{"line":17,"column":47}},"7":{"start":{"line":19,"column":21},"end":{"line":19,"column":41}},"8":{"start":{"line":20,"column":24},"end":{"line":20,"column":46}},"9":{"start":{"line":22,"column":4},"end":{"line":30,"column":5}},"10":{"start":{"line":23,"column":6},"end":{"line":23,"column":52}},"11":{"start":{"line":25,"column":28},"end":{"line":25,"column":66}},"12":{"start":{"line":27,"column":6},"end":{"line":29,"column":7}},"13":{"start":{"line":28,"column":8},"end":{"line":28,"column":30}},"14":{"start":{"line":13,"column":0},"end":{"line":13,"column":7}},"15":{"start":{"line":35,"column":25},"end":{"line":35,"column":59}},"16":{"start":{"line":37,"column":2},"end":{"line":40,"column":5}},"17":{"start":{"line":34,"column":0},"end":{"line":34,"column":7}},"18":{"start":{"line":48,"column":4},"end":{"line":50,"column":48}},"19":{"start":{"line":53,"column":4},"end":{"line":55,"column":49}},"20":{"start":{"line":57,"column":26},"end":{"line":57,"column":78}},"21":{"start":{"line":58,"column":27},"end":{"line":58,"column":87}},"22":{"start":{"line":59,"column":28},"end":{"line":59,"column":90}},"23":{"start":{"line":61,"column":2},"end":{"line":69,"column":4}},"24":{"start":{"line":68,"column":24},"end":{"line":68,"column":40}}},"fnMap":{"0":{"name":"removeEmptyFoldersRecursively","decl":{"start":{"line":13,"column":22},"end":{"line":13,"column":51}},"loc":{"start":{"line":13,"column":73},"end":{"line":32,"column":1}}},"1":{"name":"removeDeletedPageFiles","decl":{"start":{"line":34,"column":22},"end":{"line":34,"column":44}},"loc":{"start":{"line":34,"column":55},"end":{"line":41,"column":1}}},"2":{"name":"removeRelatedToDeletedPageFiles","decl":{"start":{"line":43,"column":15},"end":{"line":43,"column":46}},"loc":{"start":{"line":45,"column":40},"end":{"line":70,"column":1}}},"3":{"name":"(anonymous_4)","decl":{"start":{"line":68,"column":10},"end":{"line":68,"column":11}},"loc":{"start":{"line":68,"column":24},"end":{"line":68,"column":40}}}},"branchMap":{"0":{"loc":{"start":{"line":22,"column":4},"end":{"line":30,"column":5}},"type":"if","locations":[{"start":{"line":22,"column":4},"end":{"line":30,"column":5}}]},"1":{"loc":{"start":{"line":27,"column":6},"end":{"line":29,"column":7}},"type":"if","locations":[{"start":{"line":27,"column":6},"end":{"line":29,"column":7}}]},"2":{"loc":{"start":{"line":48,"column":4},"end":{"line":50,"column":48}},"type":"cond-expr","locations":[{"start":{"line":49,"column":8},"end":{"line":49,"column":47}},{"start":{"line":50,"column":8},"end":{"line":50,"column":48}}]},"3":{"loc":{"start":{"line":53,"column":4},"end":{"line":55,"column":49}},"type":"cond-expr","locations":[{"start":{"line":54,"column":8},"end":{"line":54,"column":48}},{"start":{"line":55,"column":8},"end":{"line":55,"column":49}}]},"4":{"loc":{"start":{"line":57,"column":26},"end":{"line":57,"column":78}},"type":"cond-expr","locations":[{"start":{"line":57,"column":43},"end":{"line":57,"column":65}},{"start":{"line":57,"column":68},"end":{"line":57,"column":78}}]},"5":{"loc":{"start":{"line":58,"column":27},"end":{"line":58,"column":87}},"type":"cond-expr","locations":[{"start":{"line":58,"column":44},"end":{"line":58,"column":73}},{"start":{"line":58,"column":76},"end":{"line":58,"column":87}}]},"6":{"loc":{"start":{"line":59,"column":28},"end":{"line":59,"column":90}},"type":"cond-expr","locations":[{"start":{"line":59,"column":45},"end":{"line":59,"column":75}},{"start":{"line":59,"column":78},"end":{"line":59,"column":90}}]}},"s":{"0":7,"1":7,"2":7,"3":7,"4":49,"5":49,"6":207,"7":207,"8":207,"9":207,"10":48,"11":48,"12":48,"13":4,"14":7,"15":1,"16":1,"17":7,"18":2,"19":2,"20":2,"21":2,"22":2,"23":2,"24":10},"f":{"0":49,"1":1,"2":2,"3":10},"b":{"0":[48],"1":[4],"2":[1,1],"3":[1,1],"4":[2,0],"5":[2,0],"6":[2,0]}}
,"/home/spirade/WebstormProjects/tessera/src/services/pipeline/commit.service.ts": {"path":"/home/spirade/WebstormProjects/tessera/src/services/pipeline/commit.service.ts","statementMap":{"0":{"start":{"line":1,"column":0},"end":{"line":1,"column":32}},"1":{"start":{"line":3,"column":0},"end":{"line":3,"column":null}},"2":{"start":{"line":12,"column":2},"end":{"line":15,"column":5}},"3":{"start":{"line":11,"column":0},"end":{"line":11,"column":7}}},"fnMap":{"0":{"name":"commit","decl":{"start":{"line":11,"column":22},"end":{"line":11,"column":28}},"loc":{"start":{"line":11,"column":28},"end":{"line":16,"column":1}}}},"branchMap":{},"s":{"0":7,"1":7,"2":6,"3":7},"f":{"0":6},"b":{}}
,"/home/spirade/WebstormProjects/tessera/src/services/pipeline/compiling.service.ts": {"path":"/home/spirade/WebstormProjects/tessera/src/services/pipeline/compiling.service.ts","statementMap":{"0":{"start":{"line":1,"column":0},"end":{"line":1,"column":63}},"1":{"start":{"line":2,"column":0},"end":{"line":2,"column":38}},"2":{"start":{"line":3,"column":0},"end":{"line":3,"column":58}},"3":{"start":{"line":4,"column":0},"end":{"line":4,"column":49}},"4":{"start":{"line":5,"column":0},"end":{"line":5,"column":51}},"5":{"start":{"line":6,"column":0},"end":{"line":6,"column":54}},"6":{"start":{"line":8,"column":0},"end":{"line":8,"column":79}},"7":{"start":{"line":11,"column":30},"end":{"line":11,"column":69}},"8":{"start":{"line":12,"column":30},"end":{"line":12,"column":73}},"9":{"start":{"line":13,"column":30},"end":{"line":13,"column":73}},"10":{"start":{"line":15,"column":53},"end":{"line":16,"column":null}},"11":{"start":{"line":16,"column":63},"end":{"line":16,"column":82}},"12":{"start":{"line":19,"column":2},"end":{"line":22,"column":4}},"13":{"start":{"line":10,"column":0},"end":{"line":10,"column":7}},"14":{"start":{"line":26,"column":2},"end":{"line":98,"column":21}},"15":{"start":{"line":102,"column":2},"end":{"line":120,"column":5}},"16":{"start":{"line":124,"column":2},"end":{"line":140,"column":5}},"17":{"start":{"line":145,"column":2},"end":{"line":151,"column":9}},"18":{"start":{"line":146,"column":16},"end":{"line":146,"column":84}},"19":{"start":{"line":148,"column":6},"end":{"line":148,"column":92}},"20":{"start":{"line":150,"column":4},"end":{"line":150,"column":40}},"21":{"start":{"line":155,"column":2},"end":{"line":155,"column":37}},"22":{"start":{"line":159,"column":19},"end":{"line":159,"column":34}},"23":{"start":{"line":161,"column":2},"end":{"line":171,"column":5}},"24":{"start":{"line":162,"column":4},"end":{"line":170,"column":7}},"25":{"start":{"line":163,"column":6},"end":{"line":165,"column":7}},"26":{"start":{"line":164,"column":8},"end":{"line":164,"column":22}},"27":{"start":{"line":167,"column":6},"end":{"line":169,"column":9}},"28":{"start":{"line":168,"column":8},"end":{"line":168,"column":64}}},"fnMap":{"0":{"name":"compile","decl":{"start":{"line":10,"column":22},"end":{"line":10,"column":29}},"loc":{"start":{"line":10,"column":55},"end":{"line":23,"column":1}}},"1":{"name":"(anonymous_8)","decl":{"start":{"line":16,"column":51},"end":{"line":16,"column":52}},"loc":{"start":{"line":16,"column":63},"end":{"line":16,"column":82}}},"2":{"name":"getCommonWebpackConfig","decl":{"start":{"line":25,"column":9},"end":{"line":25,"column":31}},"loc":{"start":{"line":25,"column":57},"end":{"line":99,"column":1}}},"3":{"name":"getServerWebpackConfig","decl":{"start":{"line":101,"column":9},"end":{"line":101,"column":31}},"loc":{"start":{"line":101,"column":53},"end":{"line":121,"column":1}}},"4":{"name":"getClientWebpackConfig","decl":{"start":{"line":123,"column":9},"end":{"line":123,"column":31}},"loc":{"start":{"line":123,"column":53},"end":{"line":141,"column":1}}},"5":{"name":"getWebpackConfigEntries","decl":{"start":{"line":144,"column":9},"end":{"line":144,"column":32}},"loc":{"start":{"line":144,"column":58},"end":{"line":152,"column":1}}},"6":{"name":"(anonymous_13)","decl":{"start":{"line":145,"column":32},"end":{"line":145,"column":33}},"loc":{"start":{"line":145,"column":53},"end":{"line":151,"column":3}}},"7":{"name":"unslashPageUrl","decl":{"start":{"line":154,"column":9},"end":{"line":154,"column":23}},"loc":{"start":{"line":154,"column":35},"end":{"line":156,"column":1}}},"8":{"name":"runCompiler","decl":{"start":{"line":158,"column":9},"end":{"line":158,"column":20}},"loc":{"start":{"line":158,"column":42},"end":{"line":172,"column":1}}},"9":{"name":"(anonymous_16)","decl":{"start":{"line":161,"column":34},"end":{"line":161,"column":35}},"loc":{"start":{"line":161,"column":54},"end":{"line":171,"column":3}}},"10":{"name":"(anonymous_17)","decl":{"start":{"line":162,"column":17},"end":{"line":162,"column":18}},"loc":{"start":{"line":162,"column":34},"end":{"line":170,"column":5}}},"11":{"name":"(anonymous_18)","decl":{"start":{"line":167,"column":21},"end":{"line":167,"column":24}},"loc":{"start":{"line":167,"column":26},"end":{"line":169,"column":7}}}},"branchMap":{"0":{"loc":{"start":{"line":33,"column":18},"end":{"line":33,"column":93}},"type":"cond-expr","locations":[{"start":{"line":33,"column":27},"end":{"line":33,"column":38}}]},"1":{"loc":{"start":{"line":53,"column":16},"end":{"line":53,"column":91}},"type":"cond-expr","locations":[{"start":{"line":53,"column":25},"end":{"line":53,"column":36}}]},"2":{"loc":{"start":{"line":54,"column":21},"end":{"line":54,"column":97}},"type":"cond-expr","locations":[{"start":{"line":54,"column":30},"end":{"line":54,"column":45}}]},"3":{"loc":{"start":{"line":146,"column":16},"end":{"line":146,"column":84}},"type":"cond-expr","locations":[{"start":{"line":146,"column":34},"end":{"line":146,"column":47}},{"start":{"line":146,"column":50},"end":{"line":146,"column":84}}]},"4":{"loc":{"start":{"line":148,"column":6},"end":{"line":148,"column":92}},"type":"cond-expr","locations":[{"start":{"line":148,"column":24},"end":{"line":148,"column":43}},{"start":{"line":148,"column":46},"end":{"line":148,"column":92}}]},"5":{"loc":{"start":{"line":163,"column":6},"end":{"line":165,"column":7}},"type":"if","locations":[{"start":{"line":163,"column":6},"end":{"line":165,"column":7}}]},"6":{"loc":{"start":{"line":168,"column":16},"end":{"line":168,"column":62}},"type":"binary-expr","locations":[{"start":{"line":168,"column":16},"end":{"line":168,"column":49}},{"start":{"line":168,"column":53},"end":{"line":168,"column":62}}]}},"s":{"0":7,"1":7,"2":7,"3":7,"4":7,"5":7,"6":7,"7":6,"8":6,"9":6,"10":6,"11":12,"12":6,"13":7,"14":6,"15":6,"16":6,"17":6,"18":14,"19":14,"20":14,"21":18,"22":12,"23":12,"24":12,"25":12,"26":0,"27":12,"28":12},"f":{"0":6,"1":12,"2":6,"3":6,"4":6,"5":6,"6":14,"7":18,"8":12,"9":12,"10":12,"11":12},"b":{"0":[6],"1":[6],"2":[6],"3":[5,9],"4":[5,9],"5":[0],"6":[12,0]}}
,"/home/spirade/WebstormProjects/tessera/src/services/pipeline/export.service.ts": {"path":"/home/spirade/WebstormProjects/tessera/src/services/pipeline/export.service.ts","statementMap":{"0":{"start":{"line":1,"column":0},"end":{"line":1,"column":24}},"1":{"start":{"line":2,"column":0},"end":{"line":2,"column":44}},"2":{"start":{"line":3,"column":0},"end":{"line":3,"column":45}},"3":{"start":{"line":4,"column":0},"end":{"line":4,"column":50}},"4":{"start":{"line":5,"column":0},"end":{"line":5,"column":53}},"5":{"start":{"line":6,"column":0},"end":{"line":6,"column":50}},"6":{"start":{"line":7,"column":0},"end":{"line":7,"column":39}},"7":{"start":{"line":9,"column":0},"end":{"line":9,"column":57}},"8":{"start":{"line":11,"column":0},"end":{"line":11,"column":null}},"9":{"start":{"line":16,"column":19},"end":{"line":16,"column":29}},"10":{"start":{"line":17,"column":14},"end":{"line":17,"column":36}},"11":{"start":{"line":20,"column":22},"end":{"line":22,"column":null}},"12":{"start":{"line":24,"column":22},"end":{"line":26,"column":null}},"13":{"start":{"line":29,"column":24},"end":{"line":32,"column":4}},"14":{"start":{"line":33,"column":23},"end":{"line":37,"column":4}},"15":{"start":{"line":39,"column":35},"end":{"line":39,"column":68}},"16":{"start":{"line":41,"column":2},"end":{"line":48,"column":3}},"17":{"start":{"line":42,"column":4},"end":{"line":47,"column":7}},"18":{"start":{"line":50,"column":2},"end":{"line":53,"column":4}},"19":{"start":{"line":19,"column":0},"end":{"line":19,"column":7}},"20":{"start":{"line":57,"column":2},"end":{"line":60,"column":4}},"21":{"start":{"line":56,"column":0},"end":{"line":56,"column":7}},"22":{"start":{"line":64,"column":2},"end":{"line":67,"column":4}},"23":{"start":{"line":63,"column":0},"end":{"line":63,"column":7}},"24":{"start":{"line":81,"column":14},"end":{"line":86,"column":null}},"25":{"start":{"line":88,"column":15},"end":{"line":88,"column":34}},"26":{"start":{"line":90,"column":25},"end":{"line":90,"column":65}},"27":{"start":{"line":91,"column":33},"end":{"line":94,"column":null}},"28":{"start":{"line":96,"column":31},"end":{"line":96,"column":78}},"29":{"start":{"line":98,"column":2},"end":{"line":128,"column":4}}},"fnMap":{"0":{"name":"exportPages","decl":{"start":{"line":19,"column":22},"end":{"line":19,"column":33}},"loc":{"start":{"line":19,"column":77},"end":{"line":54,"column":1}}},"1":{"name":"runExportServerFile","decl":{"start":{"line":56,"column":22},"end":{"line":56,"column":41}},"loc":{"start":{"line":56,"column":41},"end":{"line":61,"column":1}}},"2":{"name":"exportClientStaticFiles","decl":{"start":{"line":63,"column":22},"end":{"line":63,"column":45}},"loc":{"start":{"line":63,"column":45},"end":{"line":68,"column":1}}},"3":{"name":"exportPage","decl":{"start":{"line":70,"column":15},"end":{"line":70,"column":25}},"loc":{"start":{"line":80,"column":1},"end":{"line":129,"column":1}}}},"branchMap":{},"s":{"0":7,"1":7,"2":7,"3":7,"4":7,"5":7,"6":7,"7":7,"8":7,"9":7,"10":7,"11":6,"12":6,"13":6,"14":6,"15":6,"16":6,"17":14,"18":6,"19":7,"20":3,"21":7,"22":6,"23":7,"24":14,"25":14,"26":14,"27":14,"28":14,"29":14},"f":{"0":6,"1":3,"2":6,"3":14},"b":{}}
,"/home/spirade/WebstormProjects/tessera/src/services/pipeline/fetching.service.ts": {"path":"/home/spirade/WebstormProjects/tessera/src/services/pipeline/fetching.service.ts","statementMap":{"0":{"start":{"line":1,"column":0},"end":{"line":1,"column":null}},"1":{"start":{"line":7,"column":0},"end":{"line":7,"column":42}},"2":{"start":{"line":8,"column":0},"end":{"line":8,"column":46}},"3":{"start":{"line":11,"column":2},"end":{"line":11,"column":32}},"4":{"start":{"line":12,"column":19},"end":{"line":12,"column":38}},"5":{"start":{"line":13,"column":2},"end":{"line":13,"column":73}},"6":{"start":{"line":13,"column":36},"end":{"line":13,"column":70}},"7":{"start":{"line":10,"column":0},"end":{"line":10,"column":7}},"8":{"start":{"line":17,"column":2},"end":{"line":17,"column":46}},"9":{"start":{"line":19,"column":37},"end":{"line":19,"column":91}},"10":{"start":{"line":21,"column":2},"end":{"line":21,"column":77}},"11":{"start":{"line":16,"column":0},"end":{"line":16,"column":7}},"12":{"start":{"line":27,"column":2},"end":{"line":30,"column":25}},"13":{"start":{"line":27,"column":68},"end":{"line":30,"column":4}}},"fnMap":{"0":{"name":"getProject","decl":{"start":{"line":10,"column":22},"end":{"line":10,"column":32}},"loc":{"start":{"line":10,"column":32},"end":{"line":14,"column":1}}},"1":{"name":"(anonymous_1)","decl":{"start":{"line":13,"column":23},"end":{"line":13,"column":24}},"loc":{"start":{"line":13,"column":36},"end":{"line":13,"column":70}}},"2":{"name":"getDesignSystemComponentsList","decl":{"start":{"line":16,"column":22},"end":{"line":16,"column":51}},"loc":{"start":{"line":16,"column":74},"end":{"line":22,"column":1}}},"3":{"name":"mapDesignSystemComponentToComponentLike","decl":{"start":{"line":24,"column":9},"end":{"line":24,"column":48}},"loc":{"start":{"line":25,"column":53},"end":{"line":31,"column":1}}},"4":{"name":"(anonymous_4)","decl":{"start":{"line":27,"column":40},"end":{"line":27,"column":41}},"loc":{"start":{"line":27,"column":68},"end":{"line":30,"column":4}}}},"branchMap":{},"s":{"0":7,"1":7,"2":7,"3":6,"4":6,"5":6,"6":12,"7":7,"8":5,"9":5,"10":5,"11":7,"12":5,"13":70},"f":{"0":6,"1":12,"2":5,"3":5,"4":70},"b":{}}
,"/home/spirade/WebstormProjects/tessera/src/services/pipeline/generating.service.ts": {"path":"/home/spirade/WebstormProjects/tessera/src/services/pipeline/generating.service.ts","statementMap":{"0":{"start":{"line":1,"column":0},"end":{"line":1,"column":51}},"1":{"start":{"line":2,"column":0},"end":{"line":2,"column":24}},"2":{"start":{"line":3,"column":0},"end":{"line":3,"column":43}},"3":{"start":{"line":4,"column":0},"end":{"line":4,"column":35}},"4":{"start":{"line":5,"column":0},"end":{"line":5,"column":43}},"5":{"start":{"line":6,"column":0},"end":{"line":6,"column":42}},"6":{"start":{"line":13,"column":0},"end":{"line":13,"column":88}},"7":{"start":{"line":14,"column":0},"end":{"line":14,"column":91}},"8":{"start":{"line":15,"column":0},"end":{"line":15,"column":57}},"9":{"start":{"line":16,"column":0},"end":{"line":16,"column":71}},"10":{"start":{"line":24,"column":20},"end":{"line":31,"column":2}},"11":{"start":{"line":37,"column":25},"end":{"line":37,"column":68}},"12":{"start":{"line":38,"column":28},"end":{"line":38,"column":64}},"13":{"start":{"line":39,"column":25},"end":{"line":39,"column":70}},"14":{"start":{"line":40,"column":28},"end":{"line":40,"column":68}},"15":{"start":{"line":41,"column":31},"end":{"line":41,"column":70}},"16":{"start":{"line":43,"column":26},"end":{"line":51,"column":4}},"17":{"start":{"line":53,"column":2},"end":{"line":53,"column":71}},"18":{"start":{"line":55,"column":2},"end":{"line":55,"column":67}},"19":{"start":{"line":33,"column":0},"end":{"line":33,"column":7}},"20":{"start":{"line":59,"column":33},"end":{"line":63,"column":4}},"21":{"start":{"line":65,"column":38},"end":{"line":67,"column":null}},"22":{"start":{"line":70,"column":2},"end":{"line":70,"column":85}},"23":{"start":{"line":58,"column":0},"end":{"line":58,"column":7}},"24":{"start":{"line":74,"column":2},"end":{"line":77,"column":4}},"25":{"start":{"line":75,"column":24},"end":{"line":75,"column":66}},"26":{"start":{"line":73,"column":0},"end":{"line":73,"column":16}},"27":{"start":{"line":81,"column":21},"end":{"line":81,"column":59}},"28":{"start":{"line":82,"column":2},"end":{"line":82,"column":63}},"29":{"start":{"line":80,"column":0},"end":{"line":80,"column":16}},"30":{"start":{"line":89,"column":2},"end":{"line":89,"column":65}},"31":{"start":{"line":85,"column":0},"end":{"line":85,"column":16}},"32":{"start":{"line":93,"column":32},"end":{"line":94,"column":null}},"33":{"start":{"line":97,"column":31},"end":{"line":99,"column":null}},"34":{"start":{"line":98,"column":46},"end":{"line":98,"column":69}},"35":{"start":{"line":102,"column":2},"end":{"line":105,"column":24}},"36":{"start":{"line":103,"column":28},"end":{"line":103,"column":71}},"37":{"start":{"line":104,"column":4},"end":{"line":104,"column":29}},"38":{"start":{"line":92,"column":0},"end":{"line":92,"column":16}},"39":{"start":{"line":109,"column":2},"end":{"line":111,"column":9}},"40":{"start":{"line":110,"column":4},"end":{"line":110,"column":47}},"41":{"start":{"line":115,"column":2},"end":{"line":117,"column":3}},"42":{"start":{"line":116,"column":4},"end":{"line":116,"column":14}},"43":{"start":{"line":119,"column":24},"end":{"line":119,"column":68}},"44":{"start":{"line":121,"column":15},"end":{"line":121,"column":92}},"45":{"start":{"line":123,"column":2},"end":{"line":127,"column":3}},"46":{"start":{"line":124,"column":4},"end":{"line":126,"column":7}},"47":{"start":{"line":125,"column":6},"end":{"line":125,"column":50}},"48":{"start":{"line":129,"column":2},"end":{"line":133,"column":3}},"49":{"start":{"line":130,"column":4},"end":{"line":132,"column":7}},"50":{"start":{"line":131,"column":6},"end":{"line":131,"column":50}},"51":{"start":{"line":135,"column":2},"end":{"line":135,"column":34}},"52":{"start":{"line":137,"column":2},"end":{"line":137,"column":16}},"53":{"start":{"line":141,"column":2},"end":{"line":141,"column":59}},"54":{"start":{"line":145,"column":2},"end":{"line":159,"column":9}},"55":{"start":{"line":146,"column":4},"end":{"line":148,"column":5}},"56":{"start":{"line":147,"column":6},"end":{"line":147,"column":25}},"57":{"start":{"line":150,"column":4},"end":{"line":152,"column":5}},"58":{"start":{"line":151,"column":6},"end":{"line":151,"column":88}},"59":{"start":{"line":154,"column":4},"end":{"line":156,"column":5}},"60":{"start":{"line":155,"column":6},"end":{"line":155,"column":74}},"61":{"start":{"line":158,"column":4},"end":{"line":158,"column":64}},"62":{"start":{"line":163,"column":2},"end":{"line":167,"column":16}},"63":{"start":{"line":165,"column":6},"end":{"line":165,"column":69}},"64":{"start":{"line":171,"column":2},"end":{"line":175,"column":16}},"65":{"start":{"line":173,"column":6},"end":{"line":173,"column":75}},"66":{"start":{"line":179,"column":2},"end":{"line":183,"column":16}},"67":{"start":{"line":181,"column":6},"end":{"line":181,"column":91}}},"fnMap":{"0":{"name":"createApplicationPageFile","decl":{"start":{"line":33,"column":22},"end":{"line":33,"column":47}},"loc":{"start":{"line":35,"column":33},"end":{"line":56,"column":1}}},"1":{"name":"createApplicationFile","decl":{"start":{"line":58,"column":22},"end":{"line":58,"column":43}},"loc":{"start":{"line":58,"column":75},"end":{"line":71,"column":1}}},"2":{"name":"convertToMap","decl":{"start":{"line":73,"column":16},"end":{"line":73,"column":28}},"loc":{"start":{"line":73,"column":56},"end":{"line":78,"column":1}}},"3":{"name":"(anonymous_4)","decl":{"start":{"line":75,"column":4},"end":{"line":75,"column":5}},"loc":{"start":{"line":75,"column":24},"end":{"line":75,"column":66}}},"4":{"name":"getPageComponentName","decl":{"start":{"line":80,"column":16},"end":{"line":80,"column":36}},"loc":{"start":{"line":80,"column":59},"end":{"line":83,"column":1}}},"5":{"name":"getAbsolutePageFilePath","decl":{"start":{"line":85,"column":16},"end":{"line":85,"column":39}},"loc":{"start":{"line":87,"column":50},"end":{"line":90,"column":1}}},"6":{"name":"getMissedComponentsList","decl":{"start":{"line":92,"column":16},"end":{"line":92,"column":39}},"loc":{"start":{"line":92,"column":71},"end":{"line":106,"column":1}}},"7":{"name":"(anonymous_8)","decl":{"start":{"line":98,"column":23},"end":{"line":98,"column":24}},"loc":{"start":{"line":98,"column":46},"end":{"line":98,"column":69}}},"8":{"name":"(anonymous_9)","decl":{"start":{"line":102,"column":34},"end":{"line":102,"column":35}},"loc":{"start":{"line":102,"column":52},"end":{"line":105,"column":3}}},"9":{"name":"getPageComponentsTree","decl":{"start":{"line":108,"column":9},"end":{"line":108,"column":30}},"loc":{"start":{"line":108,"column":72},"end":{"line":112,"column":1}}},"10":{"name":"(anonymous_11)","decl":{"start":{"line":109,"column":25},"end":{"line":109,"column":26}},"loc":{"start":{"line":109,"column":45},"end":{"line":111,"column":3}}},"11":{"name":"getComponentsTree","decl":{"start":{"line":114,"column":9},"end":{"line":114,"column":26}},"loc":{"start":{"line":114,"column":67},"end":{"line":138,"column":1}}},"12":{"name":"(anonymous_13)","decl":{"start":{"line":124,"column":33},"end":{"line":124,"column":34}},"loc":{"start":{"line":124,"column":52},"end":{"line":126,"column":5}}},"13":{"name":"(anonymous_14)","decl":{"start":{"line":130,"column":40},"end":{"line":130,"column":41}},"loc":{"start":{"line":130,"column":59},"end":{"line":132,"column":5}}},"14":{"name":"formatComponentName","decl":{"start":{"line":140,"column":9},"end":{"line":140,"column":28}},"loc":{"start":{"line":140,"column":50},"end":{"line":142,"column":1}}},"15":{"name":"stringifyProps","decl":{"start":{"line":144,"column":9},"end":{"line":144,"column":23}},"loc":{"start":{"line":144,"column":54},"end":{"line":160,"column":1}}},"16":{"name":"(anonymous_17)","decl":{"start":{"line":145,"column":38},"end":{"line":145,"column":39}},"loc":{"start":{"line":145,"column":76},"end":{"line":159,"column":3}}},"17":{"name":"getApplicationLoadableComponents","decl":{"start":{"line":162,"column":9},"end":{"line":162,"column":41}},"loc":{"start":{"line":162,"column":73},"end":{"line":168,"column":1}}},"18":{"name":"(anonymous_19)","decl":{"start":{"line":164,"column":9},"end":{"line":164,"column":10}},"loc":{"start":{"line":164,"column":32},"end":{"line":166,"column":5}}},"19":{"name":"getApplicationRoutes","decl":{"start":{"line":170,"column":9},"end":{"line":170,"column":29}},"loc":{"start":{"line":170,"column":61},"end":{"line":176,"column":1}}},"20":{"name":"(anonymous_21)","decl":{"start":{"line":172,"column":9},"end":{"line":172,"column":10}},"loc":{"start":{"line":172,"column":35},"end":{"line":174,"column":5}}},"21":{"name":"getPageComponentsImports","decl":{"start":{"line":178,"column":9},"end":{"line":178,"column":33}},"loc":{"start":{"line":178,"column":65},"end":{"line":184,"column":1}}},"22":{"name":"(anonymous_23)","decl":{"start":{"line":180,"column":9},"end":{"line":180,"column":10}},"loc":{"start":{"line":180,"column":31},"end":{"line":182,"column":5}}}},"branchMap":{"0":{"loc":{"start":{"line":82,"column":9},"end":{"line":82,"column":62}},"type":"cond-expr","locations":[{"start":{"line":82,"column":22},"end":{"line":82,"column":53}},{"start":{"line":82,"column":56},"end":{"line":82,"column":62}}]},"1":{"loc":{"start":{"line":87,"column":2},"end":{"line":87,"column":50}},"type":"default-arg","locations":[{"start":{"line":87,"column":11},"end":{"line":87,"column":50}}]},"2":{"loc":{"start":{"line":115,"column":2},"end":{"line":117,"column":3}},"type":"if","locations":[{"start":{"line":115,"column":2},"end":{"line":117,"column":3}}]},"3":{"loc":{"start":{"line":123,"column":2},"end":{"line":127,"column":3}},"type":"if","locations":[{"start":{"line":123,"column":2},"end":{"line":127,"column":3}}]},"4":{"loc":{"start":{"line":129,"column":2},"end":{"line":133,"column":3}},"type":"if","locations":[{"start":{"line":129,"column":2},"end":{"line":133,"column":3}}]},"5":{"loc":{"start":{"line":146,"column":4},"end":{"line":148,"column":5}},"type":"if","locations":[{"start":{"line":146,"column":4},"end":{"line":148,"column":5}}]},"6":{"loc":{"start":{"line":150,"column":4},"end":{"line":152,"column":5}},"type":"if","locations":[{"start":{"line":150,"column":4},"end":{"line":152,"column":5}}]},"7":{"loc":{"start":{"line":151,"column":27},"end":{"line":151,"column":76}},"type":"cond-expr","locations":[{"start":{"line":151,"column":39},"end":{"line":151,"column":46}},{"start":{"line":151,"column":49},"end":{"line":151,"column":76}}]},"8":{"loc":{"start":{"line":154,"column":4},"end":{"line":156,"column":5}},"type":"if","locations":[{"start":{"line":154,"column":4},"end":{"line":156,"column":5}}]}},"s":{"0":7,"1":7,"2":7,"3":7,"4":7,"5":7,"6":7,"7":7,"8":7,"9":7,"10":7,"11":7,"12":7,"13":7,"14":7,"15":7,"16":7,"17":7,"18":7,"19":7,"20":5,"21":5,"22":5,"23":7,"24":7,"25":98,"26":7,"27":13,"28":13,"29":7,"30":13,"31":7,"32":2,"33":2,"34":15,"35":2,"36":3,"37":3,"38":7,"39":7,"40":33,"41":121,"42":0,"43":121,"44":121,"45":121,"46":31,"47":31,"48":121,"49":85,"50":57,"51":121,"52":121,"53":180,"54":121,"55":1026,"56":149,"57":877,"58":32,"59":845,"60":840,"61":5,"62":5,"63":11,"64":5,"65":11,"66":7,"67":50},"f":{"0":7,"1":5,"2":7,"3":98,"4":13,"5":13,"6":2,"7":15,"8":3,"9":7,"10":33,"11":121,"12":31,"13":57,"14":180,"15":121,"16":1026,"17":5,"18":11,"19":5,"20":11,"21":7,"22":50},"b":{"0":[9,4],"1":[13],"2":[0],"3":[31],"4":[85],"5":[149],"6":[32],"7":[1,31],"8":[840]}}
,"/home/spirade/WebstormProjects/tessera/src/services/pipeline/parsing.service.ts": {"path":"/home/spirade/WebstormProjects/tessera/src/services/pipeline/parsing.service.ts","statementMap":{"0":{"start":{"line":1,"column":0},"end":{"line":1,"column":35}},"1":{"start":{"line":8,"column":0},"end":{"line":8,"column":56}},"2":{"start":{"line":14,"column":23},"end":{"line":14,"column":46}},"3":{"start":{"line":15,"column":29},"end":{"line":17,"column":null}},"4":{"start":{"line":20,"column":2},"end":{"line":20,"column":46}},"5":{"start":{"line":10,"column":0},"end":{"line":10,"column":7}},"6":{"start":{"line":24,"column":2},"end":{"line":31,"column":4}},"7":{"start":{"line":35,"column":54},"end":{"line":35,"column":56}},"8":{"start":{"line":37,"column":2},"end":{"line":39,"column":5}},"9":{"start":{"line":38,"column":4},"end":{"line":38,"column":76}},"10":{"start":{"line":38,"column":48},"end":{"line":38,"column":74}},"11":{"start":{"line":41,"column":2},"end":{"line":41,"column":45}},"12":{"start":{"line":48,"column":2},"end":{"line":53,"column":6}},"13":{"start":{"line":48,"column":48},"end":{"line":53,"column":4}}},"fnMap":{"0":{"name":"parseProjectPage","decl":{"start":{"line":10,"column":22},"end":{"line":10,"column":38}},"loc":{"start":{"line":12,"column":48},"end":{"line":21,"column":1}}},"1":{"name":"parsePageMetadata","decl":{"start":{"line":23,"column":9},"end":{"line":23,"column":26}},"loc":{"start":{"line":23,"column":68},"end":{"line":32,"column":1}}},"2":{"name":"parsePageStructureComponentsList","decl":{"start":{"line":34,"column":9},"end":{"line":34,"column":41}},"loc":{"start":{"line":34,"column":83},"end":{"line":42,"column":1}}},"3":{"name":"(anonymous_4)","decl":{"start":{"line":37,"column":33},"end":{"line":37,"column":34}},"loc":{"start":{"line":37,"column":42},"end":{"line":39,"column":3}}},"4":{"name":"(anonymous_5)","decl":{"start":{"line":38,"column":33},"end":{"line":38,"column":34}},"loc":{"start":{"line":38,"column":48},"end":{"line":38,"column":74}}},"5":{"name":"normalizePageComponentsVersionsGivenDesignSystem","decl":{"start":{"line":44,"column":9},"end":{"line":44,"column":57}},"loc":{"start":{"line":46,"column":53},"end":{"line":54,"column":1}}},"6":{"name":"(anonymous_7)","decl":{"start":{"line":48,"column":32},"end":{"line":48,"column":33}},"loc":{"start":{"line":48,"column":48},"end":{"line":53,"column":4}}}},"branchMap":{"0":{"loc":{"start":{"line":51,"column":6},"end":{"line":52,"column":23}},"type":"binary-expr","locations":[{"start":{"line":51,"column":6},"end":{"line":51,"column":60}},{"start":{"line":52,"column":6},"end":{"line":52,"column":23}}]}},"s":{"0":7,"1":7,"2":7,"3":7,"4":7,"5":7,"6":7,"7":7,"8":7,"9":33,"10":121,"11":7,"12":7,"13":50},"f":{"0":7,"1":7,"2":7,"3":33,"4":121,"5":7,"6":50},"b":{"0":[50,0]}}
,"/home/spirade/WebstormProjects/tessera/src/services/pipeline/pipeline.service.ts": {"path":"/home/spirade/WebstormProjects/tessera/src/services/pipeline/pipeline.service.ts","statementMap":{"0":{"start":{"line":4,"column":24},"end":{"line":4,"column":31}},"1":{"start":{"line":6,"column":2},"end":{"line":12,"column":3}},"2":{"start":{"line":7,"column":24},"end":{"line":7,"column":54}},"3":{"start":{"line":9,"column":4},"end":{"line":11,"column":5}},"4":{"start":{"line":10,"column":6},"end":{"line":10,"column":72}},"5":{"start":{"line":3,"column":0},"end":{"line":3,"column":7}}},"fnMap":{"0":{"name":"runPipeline","decl":{"start":{"line":3,"column":22},"end":{"line":3,"column":33}},"loc":{"start":{"line":3,"column":79},"end":{"line":13,"column":1}}}},"branchMap":{"0":{"loc":{"start":{"line":9,"column":4},"end":{"line":11,"column":5}},"type":"if","locations":[{"start":{"line":9,"column":4},"end":{"line":11,"column":5}}]}},"s":{"0":6,"1":6,"2":45,"3":45,"4":18,"5":7},"f":{"0":6},"b":{"0":[18]}}
,"/home/spirade/WebstormProjects/tessera/src/services/pipeline/preparing.service.ts": {"path":"/home/spirade/WebstormProjects/tessera/src/services/pipeline/preparing.service.ts","statementMap":{"0":{"start":{"line":1,"column":0},"end":{"line":1,"column":54}},"1":{"start":{"line":2,"column":0},"end":{"line":2,"column":24}},"2":{"start":{"line":3,"column":0},"end":{"line":3,"column":35}},"3":{"start":{"line":5,"column":0},"end":{"line":5,"column":96}},"4":{"start":{"line":6,"column":0},"end":{"line":6,"column":71}},"5":{"start":{"line":17,"column":37},"end":{"line":19,"column":null}},"6":{"start":{"line":19,"column":27},"end":{"line":19,"column":47}},"7":{"start":{"line":22,"column":2},"end":{"line":40,"column":3}},"8":{"start":{"line":23,"column":34},"end":{"line":25,"column":null}},"9":{"start":{"line":28,"column":44},"end":{"line":30,"column":null}},"10":{"start":{"line":33,"column":30},"end":{"line":36,"column":null}},"11":{"start":{"line":39,"column":4},"end":{"line":39,"column":73}},"12":{"start":{"line":42,"column":41},"end":{"line":45,"column":null}},"13":{"start":{"line":48,"column":2},"end":{"line":55,"column":3}},"14":{"start":{"line":49,"column":34},"end":{"line":51,"column":null}},"15":{"start":{"line":54,"column":4},"end":{"line":54,"column":76}},"16":{"start":{"line":8,"column":0},"end":{"line":8,"column":7}}},"fnMap":{"0":{"name":"collectMissedComponents","decl":{"start":{"line":8,"column":22},"end":{"line":8,"column":45}},"loc":{"start":{"line":16,"column":1},"end":{"line":56,"column":1}}},"1":{"name":"(anonymous_2)","decl":{"start":{"line":19,"column":4},"end":{"line":19,"column":5}},"loc":{"start":{"line":19,"column":27},"end":{"line":19,"column":47}}}},"branchMap":{"0":{"loc":{"start":{"line":48,"column":2},"end":{"line":55,"column":3}},"type":"if","locations":[{"start":{"line":48,"column":2},"end":{"line":55,"column":3}}]}},"s":{"0":7,"1":7,"2":7,"3":7,"4":7,"5":5,"6":38,"7":5,"8":23,"9":23,"10":23,"11":23,"12":5,"13":5,"14":3,"15":3,"16":7},"f":{"0":5,"1":38},"b":{"0":[3]}}
,"/home/spirade/WebstormProjects/tessera/src/services/pipeline/setup.service.ts": {"path":"/home/spirade/WebstormProjects/tessera/src/services/pipeline/setup.service.ts","statementMap":{"0":{"start":{"line":1,"column":0},"end":{"line":1,"column":36}},"1":{"start":{"line":3,"column":0},"end":{"line":3,"column":42}},"2":{"start":{"line":4,"column":0},"end":{"line":4,"column":null}},"3":{"start":{"line":10,"column":2},"end":{"line":10,"column":54}},"4":{"start":{"line":11,"column":2},"end":{"line":13,"column":5}},"5":{"start":{"line":9,"column":0},"end":{"line":9,"column":7}}},"fnMap":{"0":{"name":"setupApplicationFolderEnvironment","decl":{"start":{"line":9,"column":22},"end":{"line":9,"column":55}},"loc":{"start":{"line":9,"column":55},"end":{"line":14,"column":1}}}},"branchMap":{},"s":{"0":7,"1":7,"2":7,"3":3,"4":3,"5":7},"f":{"0":3},"b":{}}
,"/home/spirade/WebstormProjects/tessera/src/templates/templates/application.template.ts": {"path":"/home/spirade/WebstormProjects/tessera/src/templates/templates/application.template.ts","statementMap":{"0":{"start":{"line":1,"column":0},"end":{"line":1,"column":42}},"1":{"start":{"line":6,"column":13},"end":{"line":35,"column":2}},"2":{"start":{"line":46,"column":2},"end":{"line":49,"column":63}},"3":{"start":{"line":37,"column":0},"end":{"line":37,"column":16}}},"fnMap":{"0":{"name":"getApplicationFileContent","decl":{"start":{"line":37,"column":16},"end":{"line":37,"column":41}},"loc":{"start":{"line":45,"column":1},"end":{"line":50,"column":1}}}},"branchMap":{},"s":{"0":7,"1":7,"2":5,"3":7},"f":{"0":5},"b":{}}
,"/home/spirade/WebstormProjects/tessera/src/templates/templates/page.template.ts": {"path":"/home/spirade/WebstormProjects/tessera/src/templates/templates/page.template.ts","statementMap":{"0":{"start":{"line":1,"column":0},"end":{"line":1,"column":42}},"1":{"start":{"line":3,"column":13},"end":{"line":20,"column":2}},"2":{"start":{"line":41,"column":2},"end":{"line":50,"column":4}},"3":{"start":{"line":22,"column":0},"end":{"line":22,"column":16}}},"fnMap":{"0":{"name":"getApplicationPageFileContent","decl":{"start":{"line":22,"column":16},"end":{"line":22,"column":45}},"loc":{"start":{"line":40,"column":1},"end":{"line":51,"column":1}}}},"branchMap":{},"s":{"0":7,"1":7,"2":7,"3":7},"f":{"0":7},"b":{}}
}
