{"/home/spirade/WebstormProjects/tessera/src/application.ts": {"path":"/home/spirade/WebstormProjects/tessera/src/application.ts","statementMap":{"0":{"start":{"line":1,"column":0},"end":{"line":1,"column":24}},"1":{"start":{"line":2,"column":0},"end":{"line":2,"column":90}},"2":{"start":{"line":3,"column":0},"end":{"line":3,"column":52}},"3":{"start":{"line":5,"column":0},"end":{"line":5,"column":38}},"4":{"start":{"line":6,"column":0},"end":{"line":6,"column":72}},"5":{"start":{"line":7,"column":0},"end":{"line":7,"column":44}},"6":{"start":{"line":8,"column":0},"end":{"line":8,"column":62}},"7":{"start":{"line":9,"column":0},"end":{"line":9,"column":38}},"8":{"start":{"line":10,"column":0},"end":{"line":10,"column":78}},"9":{"start":{"line":12,"column":13},"end":{"line":14,"column":3}},"10":{"start":{"line":17,"column":2},"end":{"line":21,"column":3}},"11":{"start":{"line":18,"column":4},"end":{"line":18,"column":35}},"12":{"start":{"line":20,"column":4},"end":{"line":20,"column":28}},"13":{"start":{"line":25,"column":2},"end":{"line":25,"column":44}},"14":{"start":{"line":27,"column":2},"end":{"line":33,"column":5}},"15":{"start":{"line":35,"column":2},"end":{"line":66,"column":3}},"16":{"start":{"line":36,"column":4},"end":{"line":36,"column":27}},"17":{"start":{"line":37,"column":4},"end":{"line":37,"column":26}},"18":{"start":{"line":39,"column":4},"end":{"line":39,"column":27}},"19":{"start":{"line":40,"column":4},"end":{"line":40,"column":41}},"20":{"start":{"line":42,"column":4},"end":{"line":47,"column":7}},"21":{"start":{"line":48,"column":4},"end":{"line":48,"column":63}},"22":{"start":{"line":49,"column":4},"end":{"line":51,"column":7}},"23":{"start":{"line":52,"column":4},"end":{"line":54,"column":7}},"24":{"start":{"line":55,"column":4},"end":{"line":60,"column":7}},"25":{"start":{"line":61,"column":4},"end":{"line":61,"column":45}},"26":{"start":{"line":63,"column":4},"end":{"line":63,"column":33}},"27":{"start":{"line":64,"column":4},"end":{"line":64,"column":33}},"28":{"start":{"line":65,"column":4},"end":{"line":65,"column":20}},"29":{"start":{"line":24,"column":0},"end":{"line":24,"column":7}},"30":{"start":{"line":70,"column":2},"end":{"line":86,"column":3}},"31":{"start":{"line":71,"column":4},"end":{"line":71,"column":27}},"32":{"start":{"line":72,"column":4},"end":{"line":72,"column":26}},"33":{"start":{"line":74,"column":4},"end":{"line":74,"column":27}},"34":{"start":{"line":76,"column":4},"end":{"line":81,"column":7}},"35":{"start":{"line":82,"column":4},"end":{"line":82,"column":45}},"36":{"start":{"line":84,"column":4},"end":{"line":84,"column":24}},"37":{"start":{"line":85,"column":4},"end":{"line":85,"column":20}},"38":{"start":{"line":69,"column":0},"end":{"line":69,"column":7}},"39":{"start":{"line":89,"column":0},"end":{"line":92,"column":3}},"40":{"start":{"line":90,"column":2},"end":{"line":90,"column":22}},"41":{"start":{"line":91,"column":2},"end":{"line":91,"column":18}},"42":{"start":{"line":94,"column":0},"end":{"line":97,"column":3}},"43":{"start":{"line":95,"column":2},"end":{"line":95,"column":22}},"44":{"start":{"line":96,"column":2},"end":{"line":96,"column":18}}},"fnMap":{"0":{"name":"handleErrors","decl":{"start":{"line":16,"column":15},"end":{"line":16,"column":27}},"loc":{"start":{"line":16,"column":87},"end":{"line":22,"column":1}}},"1":{"name":"runApplication","decl":{"start":{"line":24,"column":22},"end":{"line":24,"column":36}},"loc":{"start":{"line":24,"column":36},"end":{"line":67,"column":1}}},"2":{"name":"runTestApplication","decl":{"start":{"line":69,"column":22},"end":{"line":69,"column":40}},"loc":{"start":{"line":69,"column":40},"end":{"line":87,"column":1}}},"3":{"name":"(anonymous_10)","decl":{"start":{"line":89,"column":32},"end":{"line":89,"column":33}},"loc":{"start":{"line":89,"column":42},"end":{"line":92,"column":1}}},"4":{"name":"(anonymous_11)","decl":{"start":{"line":94,"column":33},"end":{"line":94,"column":34}},"loc":{"start":{"line":94,"column":43},"end":{"line":97,"column":1}}}},"branchMap":{"0":{"loc":{"start":{"line":17,"column":2},"end":{"line":21,"column":3}},"type":"if","locations":[{"start":{"line":17,"column":2},"end":{"line":21,"column":3}},{"start":{"line":19,"column":9},"end":{"line":21,"column":3}}]},"1":{"loc":{"start":{"line":29,"column":17},"end":{"line":29,"column":54}},"type":"binary-expr","locations":[{"start":{"line":29,"column":17},"end":{"line":29,"column":37}},{"start":{"line":29,"column":41},"end":{"line":29,"column":54}}]},"2":{"loc":{"start":{"line":31,"column":16},"end":{"line":31,"column":52}},"type":"binary-expr","locations":[{"start":{"line":31,"column":16},"end":{"line":31,"column":46}},{"start":{"line":31,"column":50},"end":{"line":31,"column":52}}]}},"s":{"0":1,"1":1,"2":1,"3":1,"4":1,"5":1,"6":1,"7":1,"8":1,"9":1,"10":0,"11":0,"12":0,"13":0,"14":0,"15":0,"16":0,"17":0,"18":0,"19":0,"20":0,"21":0,"22":0,"23":0,"24":0,"25":0,"26":0,"27":0,"28":0,"29":1,"30":1,"31":1,"32":1,"33":1,"34":1,"35":1,"36":0,"37":0,"38":1,"39":1,"40":0,"41":0,"42":1,"43":0,"44":0},"f":{"0":0,"1":0,"2":1,"3":0,"4":0},"b":{"0":[0,0],"1":[0,0],"2":[0,0]}}
,"/home/spirade/WebstormProjects/tessera/src/config.ts": {"path":"/home/spirade/WebstormProjects/tessera/src/config.ts","statementMap":{"0":{"start":{"line":1,"column":0},"end":{"line":1,"column":23}},"1":{"start":{"line":2,"column":0},"end":{"line":2,"column":24}},"2":{"start":{"line":4,"column":17},"end":{"line":10,"column":2}},"3":{"start":{"line":12,"column":13},"end":{"line":12,"column":140}},"4":{"start":{"line":14,"column":13},"end":{"line":14,"column":50}},"5":{"start":{"line":15,"column":13},"end":{"line":15,"column":53}},"6":{"start":{"line":17,"column":13},"end":{"line":34,"column":2}},"7":{"start":{"line":36,"column":13},"end":{"line":36,"column":40}},"8":{"start":{"line":38,"column":13},"end":{"line":38,"column":44}},"9":{"start":{"line":40,"column":13},"end":{"line":40,"column":79}},"10":{"start":{"line":41,"column":13},"end":{"line":41,"column":100}},"11":{"start":{"line":42,"column":13},"end":{"line":45,"column":2}},"12":{"start":{"line":47,"column":13},"end":{"line":47,"column":100}}},"fnMap":{},"branchMap":{"0":{"loc":{"start":{"line":5,"column":8},"end":{"line":5,"column":42}},"type":"binary-expr","locations":[{"start":{"line":5,"column":8},"end":{"line":5,"column":27}},{"start":{"line":5,"column":31},"end":{"line":5,"column":42}}]},"1":{"loc":{"start":{"line":6,"column":8},"end":{"line":6,"column":43}},"type":"binary-expr","locations":[{"start":{"line":6,"column":8},"end":{"line":6,"column":35}},{"start":{"line":6,"column":39},"end":{"line":6,"column":43}}]},"2":{"loc":{"start":{"line":7,"column":12},"end":{"line":7,"column":51}},"type":"binary-expr","locations":[{"start":{"line":7,"column":12},"end":{"line":7,"column":35}},{"start":{"line":7,"column":39},"end":{"line":7,"column":51}}]},"3":{"loc":{"start":{"line":8,"column":8},"end":{"line":8,"column":37}},"type":"binary-expr","locations":[{"start":{"line":8,"column":8},"end":{"line":8,"column":27}},{"start":{"line":8,"column":31},"end":{"line":8,"column":37}}]},"4":{"loc":{"start":{"line":9,"column":12},"end":{"line":9,"column":49}},"type":"binary-expr","locations":[{"start":{"line":9,"column":12},"end":{"line":9,"column":35}},{"start":{"line":9,"column":39},"end":{"line":9,"column":49}}]},"5":{"loc":{"start":{"line":14,"column":20},"end":{"line":14,"column":49}},"type":"binary-expr","locations":[{"start":{"line":14,"column":20},"end":{"line":14,"column":36}},{"start":{"line":14,"column":40},"end":{"line":14,"column":49}}]},"6":{"loc":{"start":{"line":15,"column":27},"end":{"line":15,"column":51}},"type":"binary-expr","locations":[{"start":{"line":15,"column":27},"end":{"line":15,"column":43}},{"start":{"line":15,"column":47},"end":{"line":15,"column":51}}]}},"s":{"0":2,"1":2,"2":2,"3":2,"4":2,"5":2,"6":2,"7":2,"8":2,"9":2,"10":2,"11":2,"12":2},"f":{},"b":{"0":[2,0],"1":[2,0],"2":[2,0],"3":[2,0],"4":[2,0],"5":[2,0],"6":[2,0]}}
,"/home/spirade/WebstormProjects/tessera/src/controllers/builds/builds.controller.ts": {"path":"/home/spirade/WebstormProjects/tessera/src/controllers/builds/builds.controller.ts","statementMap":{"0":{"start":{"line":5,"column":0},"end":{"line":5,"column":69}},"1":{"start":{"line":6,"column":0},"end":{"line":6,"column":95}},"2":{"start":{"line":10,"column":5},"end":{"line":36,"column":1}},"3":{"start":{"line":11,"column":2},"end":{"line":35,"column":4}},"4":{"start":{"line":22,"column":6},"end":{"line":31,"column":8}},"5":{"start":{"line":33,"column":6},"end":{"line":33,"column":39}},"6":{"start":{"line":8,"column":13},"end":{"line":8,"column":null}}},"fnMap":{"0":{"name":"(anonymous_0)","decl":{"start":{"line":10,"column":5},"end":{"line":10,"column":10}},"loc":{"start":{"line":10,"column":32},"end":{"line":36,"column":1}}},"1":{"name":"(anonymous_1)","decl":{"start":{"line":21,"column":4},"end":{"line":21,"column":9}},"loc":{"start":{"line":21,"column":19},"end":{"line":34,"column":5}}}},"branchMap":{},"s":{"0":1,"1":1,"2":1,"3":0,"4":0,"5":0,"6":1},"f":{"0":0,"1":0},"b":{}}
,"/home/spirade/WebstormProjects/tessera/src/controllers/pages/pages.controller.ts": {"path":"/home/spirade/WebstormProjects/tessera/src/controllers/pages/pages.controller.ts","statementMap":{"0":{"start":{"line":3,"column":0},"end":{"line":3,"column":null}},"1":{"start":{"line":10,"column":0},"end":{"line":10,"column":69}},"2":{"start":{"line":11,"column":0},"end":{"line":11,"column":69}},"3":{"start":{"line":12,"column":0},"end":{"line":12,"column":36}},"4":{"start":{"line":13,"column":0},"end":{"line":13,"column":50}},"5":{"start":{"line":14,"column":0},"end":{"line":14,"column":62}},"6":{"start":{"line":16,"column":69},"end":{"line":37,"column":1}},"7":{"start":{"line":20,"column":16},"end":{"line":20,"column":39}},"8":{"start":{"line":22,"column":2},"end":{"line":24,"column":3}},"9":{"start":{"line":23,"column":4},"end":{"line":23,"column":29}},"10":{"start":{"line":26,"column":15},"end":{"line":32,"column":4}},"11":{"start":{"line":34,"column":2},"end":{"line":34,"column":57}},"12":{"start":{"line":36,"column":2},"end":{"line":36,"column":37}},"13":{"start":{"line":16,"column":13},"end":{"line":16,"column":69}},"14":{"start":{"line":39,"column":69},"end":{"line":63,"column":1}},"15":{"start":{"line":43,"column":16},"end":{"line":43,"column":39}},"16":{"start":{"line":45,"column":2},"end":{"line":47,"column":3}},"17":{"start":{"line":46,"column":4},"end":{"line":46,"column":29}},"18":{"start":{"line":49,"column":15},"end":{"line":54,"column":4}},"19":{"start":{"line":56,"column":2},"end":{"line":58,"column":3}},"20":{"start":{"line":57,"column":4},"end":{"line":57,"column":29}},"21":{"start":{"line":60,"column":2},"end":{"line":60,"column":57}},"22":{"start":{"line":62,"column":2},"end":{"line":62,"column":37}},"23":{"start":{"line":39,"column":13},"end":{"line":39,"column":69}},"24":{"start":{"line":65,"column":69},"end":{"line":89,"column":1}},"25":{"start":{"line":69,"column":16},"end":{"line":69,"column":39}},"26":{"start":{"line":71,"column":2},"end":{"line":73,"column":3}},"27":{"start":{"line":72,"column":4},"end":{"line":72,"column":29}},"28":{"start":{"line":75,"column":15},"end":{"line":80,"column":4}},"29":{"start":{"line":82,"column":2},"end":{"line":84,"column":3}},"30":{"start":{"line":83,"column":4},"end":{"line":83,"column":29}},"31":{"start":{"line":86,"column":2},"end":{"line":86,"column":57}},"32":{"start":{"line":88,"column":2},"end":{"line":88,"column":37}},"33":{"start":{"line":65,"column":13},"end":{"line":65,"column":69}}},"fnMap":{"0":{"name":"(anonymous_0)","decl":{"start":{"line":16,"column":69},"end":{"line":16,"column":74}},"loc":{"start":{"line":18,"column":10},"end":{"line":37,"column":1}}},"1":{"name":"(anonymous_1)","decl":{"start":{"line":39,"column":69},"end":{"line":39,"column":74}},"loc":{"start":{"line":41,"column":10},"end":{"line":63,"column":1}}},"2":{"name":"(anonymous_2)","decl":{"start":{"line":65,"column":69},"end":{"line":65,"column":74}},"loc":{"start":{"line":67,"column":10},"end":{"line":89,"column":1}}}},"branchMap":{"0":{"loc":{"start":{"line":22,"column":2},"end":{"line":24,"column":3}},"type":"if","locations":[{"start":{"line":22,"column":2},"end":{"line":24,"column":3}}]},"1":{"loc":{"start":{"line":45,"column":2},"end":{"line":47,"column":3}},"type":"if","locations":[{"start":{"line":45,"column":2},"end":{"line":47,"column":3}}]},"2":{"loc":{"start":{"line":56,"column":2},"end":{"line":58,"column":3}},"type":"if","locations":[{"start":{"line":56,"column":2},"end":{"line":58,"column":3}}]},"3":{"loc":{"start":{"line":71,"column":2},"end":{"line":73,"column":3}},"type":"if","locations":[{"start":{"line":71,"column":2},"end":{"line":73,"column":3}}]},"4":{"loc":{"start":{"line":82,"column":2},"end":{"line":84,"column":3}},"type":"if","locations":[{"start":{"line":82,"column":2},"end":{"line":84,"column":3}}]}},"s":{"0":1,"1":1,"2":1,"3":1,"4":1,"5":1,"6":1,"7":0,"8":0,"9":0,"10":0,"11":0,"12":0,"13":1,"14":1,"15":0,"16":0,"17":0,"18":0,"19":0,"20":0,"21":0,"22":0,"23":1,"24":1,"25":0,"26":0,"27":0,"28":0,"29":0,"30":0,"31":0,"32":0,"33":1},"f":{"0":0,"1":0,"2":0},"b":{"0":[0],"1":[0],"2":[0],"3":[0],"4":[0]}}
,"/home/spirade/WebstormProjects/tessera/src/jobs/build/createBuild.job.ts": {"path":"/home/spirade/WebstormProjects/tessera/src/jobs/build/createBuild.job.ts","statementMap":{"0":{"start":{"line":4,"column":0},"end":{"line":4,"column":37}},"1":{"start":{"line":5,"column":0},"end":{"line":5,"column":82}},"2":{"start":{"line":6,"column":0},"end":{"line":6,"column":44}},"3":{"start":{"line":7,"column":0},"end":{"line":7,"column":42}},"4":{"start":{"line":8,"column":0},"end":{"line":8,"column":95}},"5":{"start":{"line":9,"column":0},"end":{"line":9,"column":96}},"6":{"start":{"line":10,"column":0},"end":{"line":10,"column":46}},"7":{"start":{"line":13,"column":2},"end":{"line":40,"column":4}},"8":{"start":{"line":26,"column":6},"end":{"line":26,"column":49}},"9":{"start":{"line":28,"column":6},"end":{"line":28,"column":46}},"10":{"start":{"line":29,"column":6},"end":{"line":29,"column":27}},"11":{"start":{"line":31,"column":37},"end":{"line":34,"column":8}},"12":{"start":{"line":36,"column":6},"end":{"line":36,"column":52}},"13":{"start":{"line":38,"column":6},"end":{"line":38,"column":26}},"14":{"start":{"line":12,"column":0},"end":{"line":12,"column":7}},"15":{"start":{"line":44,"column":2},"end":{"line":44,"column":36}},"16":{"start":{"line":45,"column":2},"end":{"line":45,"column":36}},"17":{"start":{"line":46,"column":2},"end":{"line":46,"column":36}},"18":{"start":{"line":48,"column":2},"end":{"line":48,"column":46}},"19":{"start":{"line":49,"column":2},"end":{"line":49,"column":46}},"20":{"start":{"line":50,"column":2},"end":{"line":50,"column":46}},"21":{"start":{"line":54,"column":2},"end":{"line":54,"column":35}},"22":{"start":{"line":55,"column":2},"end":{"line":55,"column":35}},"23":{"start":{"line":56,"column":2},"end":{"line":56,"column":35}}},"fnMap":{"0":{"name":"createBuildJob","decl":{"start":{"line":12,"column":22},"end":{"line":12,"column":36}},"loc":{"start":{"line":12,"column":86},"end":{"line":41,"column":1}}},"1":{"name":"(anonymous_1)","decl":{"start":{"line":25,"column":4},"end":{"line":25,"column":9}},"loc":{"start":{"line":25,"column":15},"end":{"line":39,"column":5}}},"2":{"name":"stopPageJobs","decl":{"start":{"line":43,"column":15},"end":{"line":43,"column":27}},"loc":{"start":{"line":43,"column":27},"end":{"line":51,"column":1}}},"3":{"name":"runPageJobs","decl":{"start":{"line":53,"column":15},"end":{"line":53,"column":26}},"loc":{"start":{"line":53,"column":26},"end":{"line":57,"column":1}}}},"branchMap":{"0":{"loc":{"start":{"line":19,"column":15},"end":{"line":19,"column":98}},"type":"cond-expr","locations":[{"start":{"line":19,"column":48},"end":{"line":19,"column":93}},{"start":{"line":19,"column":96},"end":{"line":19,"column":98}}]}},"s":{"0":1,"1":1,"2":1,"3":1,"4":1,"5":1,"6":1,"7":1,"8":1,"9":1,"10":1,"11":1,"12":1,"13":1,"14":1,"15":1,"16":1,"17":1,"18":1,"19":1,"20":1,"21":1,"22":1,"23":1},"f":{"0":1,"1":1,"2":1,"3":1},"b":{"0":[0,1]}}
,"/home/spirade/WebstormProjects/tessera/src/jobs/page/createPage.job.ts": {"path":"/home/spirade/WebstormProjects/tessera/src/jobs/page/createPage.job.ts","statementMap":{"0":{"start":{"line":3,"column":0},"end":{"line":3,"column":36}},"1":{"start":{"line":4,"column":0},"end":{"line":4,"column":42}},"2":{"start":{"line":5,"column":0},"end":{"line":5,"column":65}},"3":{"start":{"line":8,"column":2},"end":{"line":8,"column":80}},"4":{"start":{"line":10,"column":15},"end":{"line":12,"column":4}},"5":{"start":{"line":14,"column":2},"end":{"line":14,"column":29}},"6":{"start":{"line":7,"column":0},"end":{"line":7,"column":7}}},"fnMap":{"0":{"name":"createPageJob","decl":{"start":{"line":7,"column":22},"end":{"line":7,"column":35}},"loc":{"start":{"line":7,"column":68},"end":{"line":15,"column":1}}}},"branchMap":{},"s":{"0":1,"1":1,"2":1,"3":0,"4":0,"5":0,"6":1},"f":{"0":0},"b":{}}
,"/home/spirade/WebstormProjects/tessera/src/jobs/page/deletePage.job.ts": {"path":"/home/spirade/WebstormProjects/tessera/src/jobs/page/deletePage.job.ts","statementMap":{"0":{"start":{"line":3,"column":0},"end":{"line":3,"column":36}},"1":{"start":{"line":4,"column":0},"end":{"line":4,"column":42}},"2":{"start":{"line":5,"column":0},"end":{"line":5,"column":62}},"3":{"start":{"line":8,"column":2},"end":{"line":8,"column":80}},"4":{"start":{"line":10,"column":15},"end":{"line":12,"column":4}},"5":{"start":{"line":14,"column":2},"end":{"line":14,"column":26}},"6":{"start":{"line":7,"column":0},"end":{"line":7,"column":7}}},"fnMap":{"0":{"name":"deletePageJob","decl":{"start":{"line":7,"column":22},"end":{"line":7,"column":35}},"loc":{"start":{"line":7,"column":68},"end":{"line":15,"column":1}}}},"branchMap":{},"s":{"0":1,"1":1,"2":1,"3":0,"4":0,"5":0,"6":1},"f":{"0":0},"b":{}}
,"/home/spirade/WebstormProjects/tessera/src/jobs/page/updatePage.job.ts": {"path":"/home/spirade/WebstormProjects/tessera/src/jobs/page/updatePage.job.ts","statementMap":{"0":{"start":{"line":3,"column":0},"end":{"line":3,"column":36}},"1":{"start":{"line":4,"column":0},"end":{"line":4,"column":42}},"2":{"start":{"line":5,"column":0},"end":{"line":5,"column":65}},"3":{"start":{"line":8,"column":2},"end":{"line":8,"column":80}},"4":{"start":{"line":10,"column":15},"end":{"line":12,"column":4}},"5":{"start":{"line":14,"column":2},"end":{"line":14,"column":29}},"6":{"start":{"line":7,"column":0},"end":{"line":7,"column":7}}},"fnMap":{"0":{"name":"updatePageJob","decl":{"start":{"line":7,"column":22},"end":{"line":7,"column":35}},"loc":{"start":{"line":7,"column":68},"end":{"line":15,"column":1}}}},"branchMap":{},"s":{"0":1,"1":1,"2":1,"3":0,"4":0,"5":0,"6":1},"f":{"0":0},"b":{}}
,"/home/spirade/WebstormProjects/tessera/src/models/Build.model.ts": {"path":"/home/spirade/WebstormProjects/tessera/src/models/Build.model.ts","statementMap":{"0":{"start":{"line":1,"column":0},"end":{"line":1,"column":84}},"1":{"start":{"line":3,"column":0},"end":{"line":3,"column":45}},"2":{"start":{"line":5,"column":0},"end":{"line":5,"column":41}},"3":{"start":{"line":24,"column":0},"end":{"line":24,"column":13}},"4":{"start":{"line":38,"column":0},"end":{"line":73,"column":2}}},"fnMap":{},"branchMap":{},"s":{"0":1,"1":1,"2":1,"3":1,"4":1},"f":{},"b":{}}
,"/home/spirade/WebstormProjects/tessera/src/models/Page.model.ts": {"path":"/home/spirade/WebstormProjects/tessera/src/models/Page.model.ts","statementMap":{"0":{"start":{"line":1,"column":0},"end":{"line":1,"column":null}},"1":{"start":{"line":14,"column":0},"end":{"line":14,"column":45}},"2":{"start":{"line":16,"column":0},"end":{"line":16,"column":41}},"3":{"start":{"line":38,"column":0},"end":{"line":38,"column":13}},"4":{"start":{"line":55,"column":0},"end":{"line":102,"column":2}}},"fnMap":{},"branchMap":{},"s":{"0":1,"1":1,"2":1,"3":1,"4":1},"f":{},"b":{}}
,"/home/spirade/WebstormProjects/tessera/src/models/index.ts": {"path":"/home/spirade/WebstormProjects/tessera/src/models/index.ts","statementMap":{"0":{"start":{"line":1,"column":0},"end":{"line":1,"column":38}},"1":{"start":{"line":2,"column":0},"end":{"line":2,"column":36}},"2":{"start":{"line":5,"column":2},"end":{"line":5,"column":22}},"3":{"start":{"line":6,"column":2},"end":{"line":6,"column":24}},"4":{"start":{"line":9,"column":0},"end":{"line":9,"column":19}},"5":{"start":{"line":11,"column":0},"end":{"line":11,"column":30}},"6":{"start":{"line":12,"column":0},"end":{"line":12,"column":29}}},"fnMap":{"0":{"name":"initAssociations","decl":{"start":{"line":4,"column":9},"end":{"line":4,"column":25}},"loc":{"start":{"line":4,"column":25},"end":{"line":7,"column":1}}}},"branchMap":{},"s":{"0":1,"1":1,"2":1,"3":1,"4":1,"5":1,"6":1},"f":{"0":1},"b":{}}
,"/home/spirade/WebstormProjects/tessera/src/routes/v1/builds.route.ts": {"path":"/home/spirade/WebstormProjects/tessera/src/routes/v1/builds.route.ts","statementMap":{"0":{"start":{"line":2,"column":0},"end":{"line":2,"column":32}},"1":{"start":{"line":4,"column":0},"end":{"line":4,"column":68}},"2":{"start":{"line":6,"column":0},"end":{"line":18,"column":3}},"3":{"start":{"line":7,"column":2},"end":{"line":17,"column":4}}},"fnMap":{"0":{"name":"(anonymous_1)","decl":{"start":{"line":6,"column":18},"end":{"line":6,"column":23}},"loc":{"start":{"line":6,"column":57},"end":{"line":18,"column":1}}}},"branchMap":{},"s":{"0":1,"1":1,"2":1,"3":1},"f":{"0":1},"b":{}}
,"/home/spirade/WebstormProjects/tessera/src/routes/v1/pages.route.ts": {"path":"/home/spirade/WebstormProjects/tessera/src/routes/v1/pages.route.ts","statementMap":{"0":{"start":{"line":2,"column":0},"end":{"line":2,"column":32}},"1":{"start":{"line":4,"column":0},"end":{"line":4,"column":82}},"2":{"start":{"line":5,"column":0},"end":{"line":5,"column":38}},"3":{"start":{"line":7,"column":0},"end":{"line":46,"column":3}},"4":{"start":{"line":8,"column":2},"end":{"line":19,"column":4}},"5":{"start":{"line":21,"column":2},"end":{"line":32,"column":4}},"6":{"start":{"line":34,"column":2},"end":{"line":45,"column":4}}},"fnMap":{"0":{"name":"(anonymous_1)","decl":{"start":{"line":7,"column":18},"end":{"line":7,"column":23}},"loc":{"start":{"line":7,"column":57},"end":{"line":46,"column":1}}}},"branchMap":{},"s":{"0":1,"1":1,"2":1,"3":1,"4":1,"5":1,"6":1},"f":{"0":1},"b":{}}
,"/home/spirade/WebstormProjects/tessera/src/sdk/platform.sdk.ts": {"path":"/home/spirade/WebstormProjects/tessera/src/sdk/platform.sdk.ts","statementMap":{"0":{"start":{"line":1,"column":0},"end":{"line":1,"column":22}},"1":{"start":{"line":254,"column":15},"end":{"line":259,"column":2}},"2":{"start":{"line":262,"column":2},"end":{"line":262,"column":67}},"3":{"start":{"line":261,"column":0},"end":{"line":261,"column":7}},"4":{"start":{"line":266,"column":19},"end":{"line":268,"column":37}},"5":{"start":{"line":270,"column":2},"end":{"line":270,"column":24}},"6":{"start":{"line":265,"column":0},"end":{"line":265,"column":7}},"7":{"start":{"line":286,"column":6},"end":{"line":286,"column":19}},"8":{"start":{"line":288,"column":2},"end":{"line":298,"column":4}},"9":{"start":{"line":290,"column":6},"end":{"line":290,"column":95}},"10":{"start":{"line":291,"column":24},"end":{"line":291,"column":87}},"11":{"start":{"line":293,"column":6},"end":{"line":293,"column":64}},"12":{"start":{"line":295,"column":6},"end":{"line":295,"column":98}},"13":{"start":{"line":297,"column":6},"end":{"line":297,"column":89}},"14":{"start":{"line":274,"column":0},"end":{"line":274,"column":16}},"15":{"start":{"line":302,"column":76},"end":{"line":304,"column":11}},"16":{"start":{"line":314,"column":2},"end":{"line":316,"column":3}},"17":{"start":{"line":315,"column":4},"end":{"line":315,"column":23}},"18":{"start":{"line":318,"column":2},"end":{"line":318,"column":68}},"19":{"start":{"line":301,"column":0},"end":{"line":301,"column":7}},"20":{"start":{"line":324,"column":2},"end":{"line":326,"column":12}},"21":{"start":{"line":321,"column":0},"end":{"line":321,"column":16}},"22":{"start":{"line":333,"column":2},"end":{"line":333,"column":65}},"23":{"start":{"line":332,"column":0},"end":{"line":332,"column":16}},"24":{"start":{"line":337,"column":2},"end":{"line":337,"column":62}},"25":{"start":{"line":336,"column":0},"end":{"line":336,"column":16}},"26":{"start":{"line":341,"column":2},"end":{"line":345,"column":12}},"27":{"start":{"line":340,"column":0},"end":{"line":340,"column":16}},"28":{"start":{"line":352,"column":2},"end":{"line":352,"column":80}},"29":{"start":{"line":351,"column":0},"end":{"line":351,"column":16}},"30":{"start":{"line":359,"column":2},"end":{"line":359,"column":88}},"31":{"start":{"line":358,"column":0},"end":{"line":358,"column":16}},"32":{"start":{"line":365,"column":2},"end":{"line":368,"column":4}},"33":{"start":{"line":367,"column":52},"end":{"line":367,"column":97}}},"fnMap":{"0":{"name":"getProject","decl":{"start":{"line":261,"column":22},"end":{"line":261,"column":32}},"loc":{"start":{"line":261,"column":49},"end":{"line":263,"column":1}}},"1":{"name":"getProjectPages","decl":{"start":{"line":265,"column":22},"end":{"line":265,"column":37}},"loc":{"start":{"line":265,"column":60},"end":{"line":272,"column":1}}},"2":{"name":"getProjectEndpoints","decl":{"start":{"line":274,"column":16},"end":{"line":274,"column":35}},"loc":{"start":{"line":274,"column":64},"end":{"line":299,"column":1}}},"3":{"name":"(anonymous_4)","decl":{"start":{"line":289,"column":18},"end":{"line":289,"column":19}},"loc":{"start":{"line":290,"column":6},"end":{"line":290,"column":95}}},"4":{"name":"(anonymous_5)","decl":{"start":{"line":291,"column":18},"end":{"line":291,"column":21}},"loc":{"start":{"line":291,"column":24},"end":{"line":291,"column":87}}},"5":{"name":"(anonymous_6)","decl":{"start":{"line":292,"column":20},"end":{"line":292,"column":21}},"loc":{"start":{"line":293,"column":6},"end":{"line":293,"column":64}}},"6":{"name":"(anonymous_7)","decl":{"start":{"line":294,"column":23},"end":{"line":294,"column":24}},"loc":{"start":{"line":295,"column":6},"end":{"line":295,"column":98}}},"7":{"name":"(anonymous_8)","decl":{"start":{"line":296,"column":26},"end":{"line":296,"column":29}},"loc":{"start":{"line":297,"column":6},"end":{"line":297,"column":89}}},"8":{"name":"getProjectPage","decl":{"start":{"line":301,"column":22},"end":{"line":301,"column":36}},"loc":{"start":{"line":301,"column":51},"end":{"line":319,"column":1}}},"9":{"name":"getProjectDesignSystemComponents","decl":{"start":{"line":321,"column":16},"end":{"line":321,"column":48}},"loc":{"start":{"line":322,"column":24},"end":{"line":330,"column":1}}},"10":{"name":"getProjectHeader","decl":{"start":{"line":332,"column":16},"end":{"line":332,"column":32}},"loc":{"start":{"line":332,"column":62},"end":{"line":334,"column":1}}},"11":{"name":"getProjectPageFooter","decl":{"start":{"line":336,"column":16},"end":{"line":336,"column":36}},"loc":{"start":{"line":336,"column":59},"end":{"line":338,"column":1}}},"12":{"name":"getDesignSystemComponentSource","decl":{"start":{"line":340,"column":16},"end":{"line":340,"column":46}},"loc":{"start":{"line":340,"column":95},"end":{"line":349,"column":1}}},"13":{"name":"getProjects","decl":{"start":{"line":351,"column":16},"end":{"line":351,"column":27}},"loc":{"start":{"line":351,"column":27},"end":{"line":356,"column":1}}},"14":{"name":"getPlatformSettings","decl":{"start":{"line":358,"column":16},"end":{"line":358,"column":35}},"loc":{"start":{"line":358,"column":35},"end":{"line":360,"column":1}}},"15":{"name":"isStrictProjectPageStructure","decl":{"start":{"line":362,"column":9},"end":{"line":362,"column":37}},"loc":{"start":{"line":363,"column":67},"end":{"line":369,"column":1}}},"16":{"name":"(anonymous_17)","decl":{"start":{"line":367,"column":34},"end":{"line":367,"column":35}},"loc":{"start":{"line":367,"column":52},"end":{"line":367,"column":97}}}},"branchMap":{"0":{"loc":{"start":{"line":314,"column":2},"end":{"line":316,"column":3}},"type":"if","locations":[{"start":{"line":314,"column":2},"end":{"line":316,"column":3}}]},"1":{"loc":{"start":{"line":366,"column":4},"end":{"line":367,"column":98}},"type":"binary-expr","locations":[{"start":{"line":366,"column":4},"end":{"line":366,"column":28}},{"start":{"line":367,"column":4},"end":{"line":367,"column":98}}]}},"s":{"0":1,"1":1,"2":0,"3":1,"4":1,"5":1,"6":1,"7":0,"8":0,"9":0,"10":0,"11":0,"12":0,"13":0,"14":1,"15":3,"16":3,"17":3,"18":0,"19":1,"20":1,"21":1,"22":0,"23":1,"24":0,"25":1,"26":9,"27":1,"28":1,"29":1,"30":0,"31":1,"32":3,"33":33},"f":{"0":0,"1":1,"2":0,"3":0,"4":0,"5":0,"6":0,"7":0,"8":3,"9":1,"10":0,"11":0,"12":9,"13":1,"14":0,"15":3,"16":33},"b":{"0":[3],"1":[3,3]}}
,"/home/spirade/WebstormProjects/tessera/src/services/application.service.ts": {"path":"/home/spirade/WebstormProjects/tessera/src/services/application.service.ts","statementMap":{"0":{"start":{"line":1,"column":0},"end":{"line":1,"column":52}},"1":{"start":{"line":2,"column":0},"end":{"line":2,"column":64}},"2":{"start":{"line":3,"column":0},"end":{"line":3,"column":56}},"3":{"start":{"line":6,"column":2},"end":{"line":8,"column":3}},"4":{"start":{"line":7,"column":4},"end":{"line":7,"column":11}},"5":{"start":{"line":10,"column":2},"end":{"line":10,"column":37}},"6":{"start":{"line":5,"column":0},"end":{"line":5,"column":7}}},"fnMap":{"0":{"name":"ensureBuildExistOrEnqueueJob","decl":{"start":{"line":5,"column":22},"end":{"line":5,"column":50}},"loc":{"start":{"line":5,"column":50},"end":{"line":11,"column":1}}}},"branchMap":{"0":{"loc":{"start":{"line":6,"column":2},"end":{"line":8,"column":3}},"type":"if","locations":[{"start":{"line":6,"column":2},"end":{"line":8,"column":3}}]}},"s":{"0":1,"1":1,"2":1,"3":0,"4":0,"5":0,"6":1},"f":{"0":0},"b":{"0":[0]}}
,"/home/spirade/WebstormProjects/tessera/src/services/enqueueJob.service.ts": {"path":"/home/spirade/WebstormProjects/tessera/src/services/enqueueJob.service.ts","statementMap":{"0":{"start":{"line":1,"column":0},"end":{"line":1,"column":59}},"1":{"start":{"line":3,"column":0},"end":{"line":3,"column":63}},"2":{"start":{"line":4,"column":0},"end":{"line":4,"column":60}},"3":{"start":{"line":5,"column":0},"end":{"line":5,"column":60}},"4":{"start":{"line":6,"column":0},"end":{"line":6,"column":60}},"5":{"start":{"line":7,"column":0},"end":{"line":7,"column":84}},"6":{"start":{"line":8,"column":0},"end":{"line":8,"column":52}},"7":{"start":{"line":10,"column":0},"end":{"line":10,"column":null}},"8":{"start":{"line":11,"column":2},"end":{"line":11,"column":null}},"9":{"start":{"line":12,"column":2},"end":{"line":12,"column":null}},"10":{"start":{"line":13,"column":2},"end":{"line":13,"column":null}},"11":{"start":{"line":14,"column":2},"end":{"line":14,"column":null}},"12":{"start":{"line":17,"column":13},"end":{"line":22,"column":2}},"13":{"start":{"line":24,"column":13},"end":{"line":24,"column":54}},"14":{"start":{"line":27,"column":2},"end":{"line":27,"column":46}},"15":{"start":{"line":26,"column":0},"end":{"line":26,"column":16}},"16":{"start":{"line":31,"column":22},"end":{"line":31,"column":45}},"17":{"start":{"line":33,"column":2},"end":{"line":35,"column":3}},"18":{"start":{"line":34,"column":4},"end":{"line":34,"column":51}},"19":{"start":{"line":37,"column":2},"end":{"line":37,"column":46}},"20":{"start":{"line":30,"column":0},"end":{"line":30,"column":7}},"21":{"start":{"line":41,"column":2},"end":{"line":41,"column":36}},"22":{"start":{"line":43,"column":2},"end":{"line":47,"column":3}},"23":{"start":{"line":44,"column":4},"end":{"line":44,"column":37}},"24":{"start":{"line":45,"column":4},"end":{"line":45,"column":37}},"25":{"start":{"line":46,"column":4},"end":{"line":46,"column":37}},"26":{"start":{"line":40,"column":0},"end":{"line":40,"column":7}},"27":{"start":{"line":51,"column":2},"end":{"line":51,"column":55}},"28":{"start":{"line":50,"column":0},"end":{"line":50,"column":7}},"29":{"start":{"line":55,"column":2},"end":{"line":55,"column":33}},"30":{"start":{"line":54,"column":0},"end":{"line":54,"column":7}},"31":{"start":{"line":59,"column":2},"end":{"line":59,"column":37}},"32":{"start":{"line":58,"column":0},"end":{"line":58,"column":7}},"33":{"start":{"line":63,"column":2},"end":{"line":66,"column":4}}},"fnMap":{"0":{"name":"(anonymous_1)","decl":{"start":{"line":10,"column":0},"end":{"line":10,"column":12}},"loc":{"start":{"line":10,"column":19},"end":{"line":15,"column":1}}},"1":{"name":"getJobFunction","decl":{"start":{"line":26,"column":16},"end":{"line":26,"column":30}},"loc":{"start":{"line":26,"column":47},"end":{"line":28,"column":1}}},"2":{"name":"enqueue","decl":{"start":{"line":30,"column":22},"end":{"line":30,"column":29}},"loc":{"start":{"line":30,"column":89},"end":{"line":38,"column":1}}},"3":{"name":"initializeJobs","decl":{"start":{"line":40,"column":22},"end":{"line":40,"column":36}},"loc":{"start":{"line":40,"column":36},"end":{"line":48,"column":1}}},"4":{"name":"runJob","decl":{"start":{"line":50,"column":22},"end":{"line":50,"column":28}},"loc":{"start":{"line":50,"column":45},"end":{"line":52,"column":1}}},"5":{"name":"stopJob","decl":{"start":{"line":54,"column":22},"end":{"line":54,"column":29}},"loc":{"start":{"line":54,"column":46},"end":{"line":56,"column":1}}},"6":{"name":"flushPendingTasks","decl":{"start":{"line":58,"column":22},"end":{"line":58,"column":39}},"loc":{"start":{"line":58,"column":56},"end":{"line":60,"column":1}}},"7":{"name":"shouldRunPageJobs","decl":{"start":{"line":62,"column":15},"end":{"line":62,"column":32}},"loc":{"start":{"line":62,"column":32},"end":{"line":67,"column":1}}}},"branchMap":{"0":{"loc":{"start":{"line":10,"column":12},"end":{"line":10,"column":null}},"type":"binary-expr","locations":[{"start":{"line":10,"column":12},"end":{"line":10,"column":19}},{"start":{"line":10,"column":19},"end":{"line":10,"column":null}}]},"1":{"loc":{"start":{"line":30,"column":48},"end":{"line":30,"column":62}},"type":"default-arg","locations":[{"start":{"line":30,"column":60},"end":{"line":30,"column":62}}]},"2":{"loc":{"start":{"line":30,"column":64},"end":{"line":30,"column":89}},"type":"default-arg","locations":[{"start":{"line":30,"column":87},"end":{"line":30,"column":89}}]},"3":{"loc":{"start":{"line":33,"column":2},"end":{"line":35,"column":3}},"type":"if","locations":[{"start":{"line":33,"column":2},"end":{"line":35,"column":3}}]},"4":{"loc":{"start":{"line":43,"column":2},"end":{"line":47,"column":3}},"type":"if","locations":[{"start":{"line":43,"column":2},"end":{"line":47,"column":3}}]},"5":{"loc":{"start":{"line":64,"column":4},"end":{"line":65,"column":59}},"type":"binary-expr","locations":[{"start":{"line":64,"column":5},"end":{"line":64,"column":71}},{"start":{"line":65,"column":4},"end":{"line":65,"column":59}}]}},"s":{"0":1,"1":1,"2":1,"3":1,"4":1,"5":1,"6":1,"7":1,"8":1,"9":1,"10":1,"11":1,"12":1,"13":1,"14":7,"15":1,"16":0,"17":0,"18":0,"19":0,"20":1,"21":1,"22":1,"23":1,"24":1,"25":1,"26":1,"27":7,"28":1,"29":3,"30":1,"31":3,"32":1,"33":1},"f":{"0":1,"1":7,"2":0,"3":1,"4":7,"5":3,"6":3,"7":1},"b":{"0":[1,1],"1":[0],"2":[0],"3":[0],"4":[1],"5":[1,1]}}
,"/home/spirade/WebstormProjects/tessera/src/services/build/build.service.ts": {"path":"/home/spirade/WebstormProjects/tessera/src/services/build/build.service.ts","statementMap":{"0":{"start":{"line":1,"column":0},"end":{"line":1,"column":44}},"1":{"start":{"line":2,"column":0},"end":{"line":2,"column":80}},"2":{"start":{"line":3,"column":0},"end":{"line":3,"column":65}},"3":{"start":{"line":4,"column":0},"end":{"line":4,"column":42}},"4":{"start":{"line":5,"column":0},"end":{"line":5,"column":null}},"5":{"start":{"line":10,"column":0},"end":{"line":10,"column":99}},"6":{"start":{"line":11,"column":0},"end":{"line":11,"column":97}},"7":{"start":{"line":12,"column":0},"end":{"line":12,"column":100}},"8":{"start":{"line":13,"column":0},"end":{"line":13,"column":null}},"9":{"start":{"line":18,"column":0},"end":{"line":18,"column":63}},"10":{"start":{"line":19,"column":0},"end":{"line":19,"column":74}},"11":{"start":{"line":20,"column":0},"end":{"line":20,"column":63}},"12":{"start":{"line":21,"column":0},"end":{"line":21,"column":55}},"13":{"start":{"line":22,"column":0},"end":{"line":22,"column":62}},"14":{"start":{"line":27,"column":2},"end":{"line":27,"column":30}},"15":{"start":{"line":26,"column":0},"end":{"line":26,"column":16}},"16":{"start":{"line":31,"column":2},"end":{"line":31,"column":30}},"17":{"start":{"line":30,"column":0},"end":{"line":30,"column":16}},"18":{"start":{"line":35,"column":2},"end":{"line":42,"column":5}},"19":{"start":{"line":34,"column":0},"end":{"line":34,"column":16}},"20":{"start":{"line":46,"column":2},"end":{"line":59,"column":3}},"21":{"start":{"line":47,"column":4},"end":{"line":47,"column":41}},"22":{"start":{"line":49,"column":4},"end":{"line":52,"column":7}},"23":{"start":{"line":54,"column":4},"end":{"line":54,"column":24}},"24":{"start":{"line":55,"column":4},"end":{"line":57,"column":7}},"25":{"start":{"line":58,"column":4},"end":{"line":58,"column":16}},"26":{"start":{"line":45,"column":0},"end":{"line":45,"column":7}},"27":{"start":{"line":63,"column":2},"end":{"line":63,"column":31}},"28":{"start":{"line":64,"column":26},"end":{"line":68,"column":4}},"29":{"start":{"line":70,"column":19},"end":{"line":77,"column":4}},"30":{"start":{"line":79,"column":2},"end":{"line":79,"column":47}},"31":{"start":{"line":81,"column":2},"end":{"line":81,"column":58}},"32":{"start":{"line":85,"column":2},"end":{"line":85,"column":47}},"33":{"start":{"line":87,"column":2},"end":{"line":89,"column":5}},"34":{"start":{"line":91,"column":2},"end":{"line":91,"column":66}},"35":{"start":{"line":92,"column":2},"end":{"line":92,"column":64}},"36":{"start":{"line":96,"column":2},"end":{"line":96,"column":50}},"37":{"start":{"line":98,"column":2},"end":{"line":100,"column":5}},"38":{"start":{"line":102,"column":36},"end":{"line":102,"column":65}},"39":{"start":{"line":103,"column":37},"end":{"line":104,"column":null}},"40":{"start":{"line":107,"column":2},"end":{"line":111,"column":32}},"41":{"start":{"line":115,"column":2},"end":{"line":115,"column":52}},"42":{"start":{"line":117,"column":2},"end":{"line":119,"column":5}},"43":{"start":{"line":121,"column":37},"end":{"line":121,"column":39}},"44":{"start":{"line":122,"column":25},"end":{"line":122,"column":27}},"45":{"start":{"line":124,"column":2},"end":{"line":158,"column":3}},"46":{"start":{"line":125,"column":4},"end":{"line":127,"column":6}},"47":{"start":{"line":129,"column":17},"end":{"line":135,"column":6}},"48":{"start":{"line":137,"column":4},"end":{"line":157,"column":5}},"49":{"start":{"line":139,"column":8},"end":{"line":139,"column":53}},"50":{"start":{"line":141,"column":6},"end":{"line":144,"column":9}},"51":{"start":{"line":146,"column":6},"end":{"line":146,"column":61}},"52":{"start":{"line":148,"column":6},"end":{"line":152,"column":9}},"53":{"start":{"line":154,"column":6},"end":{"line":156,"column":9}},"54":{"start":{"line":160,"column":2},"end":{"line":163,"column":5}},"55":{"start":{"line":165,"column":2},"end":{"line":165,"column":56}},"56":{"start":{"line":169,"column":2},"end":{"line":171,"column":5}},"57":{"start":{"line":173,"column":24},"end":{"line":173,"column":61}},"58":{"start":{"line":175,"column":2},"end":{"line":177,"column":5}},"59":{"start":{"line":179,"column":33},"end":{"line":181,"column":null}},"60":{"start":{"line":184,"column":46},"end":{"line":188,"column":4}},"61":{"start":{"line":190,"column":2},"end":{"line":190,"column":65}},"62":{"start":{"line":194,"column":2},"end":{"line":194,"column":51}},"63":{"start":{"line":196,"column":2},"end":{"line":196,"column":44}},"64":{"start":{"line":198,"column":2},"end":{"line":200,"column":5}},"65":{"start":{"line":202,"column":2},"end":{"line":209,"column":5}},"66":{"start":{"line":205,"column":61},"end":{"line":205,"column":96}},"67":{"start":{"line":217,"column":2},"end":{"line":217,"column":53}},"68":{"start":{"line":219,"column":2},"end":{"line":221,"column":5}},"69":{"start":{"line":223,"column":2},"end":{"line":226,"column":5}},"70":{"start":{"line":225,"column":51},"end":{"line":225,"column":54}},"71":{"start":{"line":230,"column":2},"end":{"line":230,"column":48}},"72":{"start":{"line":232,"column":2},"end":{"line":232,"column":41}},"73":{"start":{"line":234,"column":2},"end":{"line":239,"column":5}},"74":{"start":{"line":247,"column":2},"end":{"line":249,"column":3}},"75":{"start":{"line":248,"column":4},"end":{"line":248,"column":57}},"76":{"start":{"line":251,"column":37},"end":{"line":252,"column":null}},"77":{"start":{"line":252,"column":19},"end":{"line":252,"column":54}},"78":{"start":{"line":255,"column":2},"end":{"line":257,"column":3}},"79":{"start":{"line":256,"column":4},"end":{"line":256,"column":81}},"80":{"start":{"line":265,"column":2},"end":{"line":267,"column":3}},"81":{"start":{"line":266,"column":4},"end":{"line":266,"column":57}}},"fnMap":{"0":{"name":"createBuild","decl":{"start":{"line":26,"column":16},"end":{"line":26,"column":27}},"loc":{"start":{"line":26,"column":54},"end":{"line":28,"column":1}}},"1":{"name":"updateBuild","decl":{"start":{"line":30,"column":16},"end":{"line":30,"column":27}},"loc":{"start":{"line":30,"column":61},"end":{"line":32,"column":1}}},"2":{"name":"findActiveBuild","decl":{"start":{"line":34,"column":16},"end":{"line":34,"column":31}},"loc":{"start":{"line":34,"column":31},"end":{"line":43,"column":1}}},"3":{"name":"runProjectBuild","decl":{"start":{"line":45,"column":22},"end":{"line":45,"column":37}},"loc":{"start":{"line":45,"column":50},"end":{"line":60,"column":1}}},"4":{"name":"runProjectBuildPipeline","decl":{"start":{"line":62,"column":15},"end":{"line":62,"column":38}},"loc":{"start":{"line":62,"column":58},"end":{"line":82,"column":1}}},"5":{"name":"runSetupStage","decl":{"start":{"line":84,"column":15},"end":{"line":84,"column":28}},"loc":{"start":{"line":84,"column":86},"end":{"line":93,"column":1}}},"6":{"name":"runFetchingStage","decl":{"start":{"line":95,"column":15},"end":{"line":95,"column":31}},"loc":{"start":{"line":95,"column":65},"end":{"line":112,"column":1}}},"7":{"name":"runGeneratingStage","decl":{"start":{"line":114,"column":15},"end":{"line":114,"column":33}},"loc":{"start":{"line":114,"column":58},"end":{"line":166,"column":1}}},"8":{"name":"runProjectPageGenerating","decl":{"start":{"line":168,"column":15},"end":{"line":168,"column":39}},"loc":{"start":{"line":168,"column":76},"end":{"line":191,"column":1}}},"9":{"name":"runPreparingStage","decl":{"start":{"line":193,"column":15},"end":{"line":193,"column":32}},"loc":{"start":{"line":193,"column":57},"end":{"line":210,"column":1}}},"10":{"name":"(anonymous_10)","decl":{"start":{"line":205,"column":46},"end":{"line":205,"column":47}},"loc":{"start":{"line":205,"column":61},"end":{"line":205,"column":96}}},"11":{"name":"runCompilationStage","decl":{"start":{"line":212,"column":15},"end":{"line":212,"column":34}},"loc":{"start":{"line":216,"column":18},"end":{"line":227,"column":1}}},"12":{"name":"(anonymous_12)","decl":{"start":{"line":225,"column":38},"end":{"line":225,"column":39}},"loc":{"start":{"line":225,"column":51},"end":{"line":225,"column":54}}},"13":{"name":"runExportStage","decl":{"start":{"line":229,"column":15},"end":{"line":229,"column":29}},"loc":{"start":{"line":229,"column":54},"end":{"line":240,"column":1}}},"14":{"name":"assertPreparingStageIsReadyToRun","decl":{"start":{"line":242,"column":9},"end":{"line":242,"column":41}},"loc":{"start":{"line":243,"column":26},"end":{"line":258,"column":1}}},"15":{"name":"(anonymous_15)","decl":{"start":{"line":252,"column":4},"end":{"line":252,"column":5}},"loc":{"start":{"line":252,"column":19},"end":{"line":252,"column":54}}},"16":{"name":"assertExportStageIsReadyToRun","decl":{"start":{"line":260,"column":9},"end":{"line":260,"column":38}},"loc":{"start":{"line":261,"column":26},"end":{"line":268,"column":1}}}},"branchMap":{"0":{"loc":{"start":{"line":247,"column":2},"end":{"line":249,"column":3}},"type":"if","locations":[{"start":{"line":247,"column":2},"end":{"line":249,"column":3}}]},"1":{"loc":{"start":{"line":255,"column":2},"end":{"line":257,"column":3}},"type":"if","locations":[{"start":{"line":255,"column":2},"end":{"line":257,"column":3}}]},"2":{"loc":{"start":{"line":265,"column":2},"end":{"line":267,"column":3}},"type":"if","locations":[{"start":{"line":265,"column":2},"end":{"line":267,"column":3}}]}},"s":{"0":1,"1":1,"2":1,"3":1,"4":1,"5":1,"6":1,"7":1,"8":1,"9":1,"10":1,"11":1,"12":1,"13":1,"14":1,"15":1,"16":6,"17":1,"18":0,"19":1,"20":1,"21":1,"22":1,"23":0,"24":0,"25":0,"26":1,"27":1,"28":1,"29":1,"30":1,"31":1,"32":1,"33":1,"34":1,"35":1,"36":1,"37":1,"38":1,"39":1,"40":1,"41":1,"42":1,"43":1,"44":1,"45":1,"46":3,"47":3,"48":3,"49":3,"50":3,"51":3,"52":3,"53":0,"54":1,"55":1,"56":3,"57":3,"58":3,"59":3,"60":3,"61":3,"62":1,"63":1,"64":1,"65":1,"66":1,"67":1,"68":1,"69":1,"70":3,"71":1,"72":1,"73":1,"74":1,"75":0,"76":1,"77":1,"78":1,"79":0,"80":1,"81":0},"f":{"0":1,"1":6,"2":0,"3":1,"4":1,"5":1,"6":1,"7":1,"8":3,"9":1,"10":1,"11":1,"12":3,"13":1,"14":1,"15":1,"16":1},"b":{"0":[0],"1":[0],"2":[0]}}
,"/home/spirade/WebstormProjects/tessera/src/services/page/page.service.ts": {"path":"/home/spirade/WebstormProjects/tessera/src/services/page/page.service.ts","statementMap":{"0":{"start":{"line":1,"column":0},"end":{"line":1,"column":36}},"1":{"start":{"line":2,"column":0},"end":{"line":2,"column":24}},"2":{"start":{"line":4,"column":0},"end":{"line":4,"column":71}},"3":{"start":{"line":5,"column":0},"end":{"line":5,"column":99}},"4":{"start":{"line":6,"column":0},"end":{"line":6,"column":44}},"5":{"start":{"line":7,"column":0},"end":{"line":7,"column":null}},"6":{"start":{"line":26,"column":2},"end":{"line":26,"column":29}},"7":{"start":{"line":25,"column":0},"end":{"line":25,"column":16}},"8":{"start":{"line":30,"column":2},"end":{"line":30,"column":29}},"9":{"start":{"line":29,"column":0},"end":{"line":29,"column":16}},"10":{"start":{"line":34,"column":2},"end":{"line":45,"column":3}},"11":{"start":{"line":35,"column":4},"end":{"line":35,"column":38}},"12":{"start":{"line":37,"column":4},"end":{"line":40,"column":7}},"13":{"start":{"line":42,"column":4},"end":{"line":44,"column":7}},"14":{"start":{"line":33,"column":0},"end":{"line":33,"column":7}},"15":{"start":{"line":49,"column":16},"end":{"line":49,"column":37}},"16":{"start":{"line":51,"column":26},"end":{"line":55,"column":4}},"17":{"start":{"line":59,"column":2},"end":{"line":63,"column":5}},"18":{"start":{"line":65,"column":35},"end":{"line":65,"column":83}},"19":{"start":{"line":67,"column":2},"end":{"line":67,"column":96}},"20":{"start":{"line":68,"column":2},"end":{"line":68,"column":98}},"21":{"start":{"line":58,"column":0},"end":{"line":58,"column":7}}},"fnMap":{"0":{"name":"createPage","decl":{"start":{"line":25,"column":16},"end":{"line":25,"column":26}},"loc":{"start":{"line":25,"column":52},"end":{"line":27,"column":1}}},"1":{"name":"updatePage","decl":{"start":{"line":29,"column":16},"end":{"line":29,"column":26}},"loc":{"start":{"line":29,"column":57},"end":{"line":31,"column":1}}},"2":{"name":"runPageUpdate","decl":{"start":{"line":33,"column":22},"end":{"line":33,"column":35}},"loc":{"start":{"line":33,"column":46},"end":{"line":46,"column":1}}},"3":{"name":"runPageUpdatePipeline","decl":{"start":{"line":48,"column":15},"end":{"line":48,"column":36}},"loc":{"start":{"line":48,"column":47},"end":{"line":56,"column":1}}},"4":{"name":"deletePage","decl":{"start":{"line":58,"column":22},"end":{"line":58,"column":32}},"loc":{"start":{"line":58,"column":43},"end":{"line":69,"column":1}}}},"branchMap":{"0":{"loc":{"start":{"line":65,"column":35},"end":{"line":65,"column":83}},"type":"cond-expr","locations":[{"start":{"line":65,"column":54},"end":{"line":65,"column":61}},{"start":{"line":65,"column":64},"end":{"line":65,"column":83}}]}},"s":{"0":1,"1":1,"2":1,"3":1,"4":1,"5":1,"6":3,"7":1,"8":9,"9":1,"10":0,"11":0,"12":0,"13":0,"14":1,"15":0,"16":0,"17":0,"18":0,"19":0,"20":0,"21":1},"f":{"0":3,"1":9,"2":0,"3":0,"4":0},"b":{"0":[0,0]}}
,"/home/spirade/WebstormProjects/tessera/src/services/pipeline/compiling.service.ts": {"path":"/home/spirade/WebstormProjects/tessera/src/services/pipeline/compiling.service.ts","statementMap":{"0":{"start":{"line":1,"column":0},"end":{"line":1,"column":86}},"1":{"start":{"line":2,"column":0},"end":{"line":2,"column":54}},"2":{"start":{"line":3,"column":0},"end":{"line":3,"column":58}},"3":{"start":{"line":4,"column":0},"end":{"line":4,"column":49}},"4":{"start":{"line":6,"column":0},"end":{"line":6,"column":51}},"5":{"start":{"line":15,"column":40},"end":{"line":15,"column":42}},"6":{"start":{"line":16,"column":40},"end":{"line":16,"column":42}},"7":{"start":{"line":18,"column":30},"end":{"line":22,"column":4}},"8":{"start":{"line":24,"column":30},"end":{"line":28,"column":4}},"9":{"start":{"line":30,"column":2},"end":{"line":32,"column":4}},"10":{"start":{"line":31,"column":63},"end":{"line":31,"column":82}},"11":{"start":{"line":34,"column":2},"end":{"line":34,"column":54}},"12":{"start":{"line":8,"column":0},"end":{"line":8,"column":7}},"13":{"start":{"line":46,"column":2},"end":{"line":146,"column":21}},"14":{"start":{"line":126,"column":10},"end":{"line":128,"column":13}},"15":{"start":{"line":127,"column":12},"end":{"line":127,"column":61}},"16":{"start":{"line":158,"column":2},"end":{"line":257,"column":21}},"17":{"start":{"line":238,"column":10},"end":{"line":240,"column":13}},"18":{"start":{"line":239,"column":12},"end":{"line":239,"column":61}},"19":{"start":{"line":149,"column":0},"end":{"line":149,"column":16}},"20":{"start":{"line":262,"column":2},"end":{"line":268,"column":9}},"21":{"start":{"line":263,"column":16},"end":{"line":263,"column":84}},"22":{"start":{"line":265,"column":6},"end":{"line":265,"column":92}},"23":{"start":{"line":267,"column":4},"end":{"line":267,"column":40}},"24":{"start":{"line":272,"column":2},"end":{"line":272,"column":37}},"25":{"start":{"line":276,"column":2},"end":{"line":276,"column":64}},"26":{"start":{"line":276,"column":34},"end":{"line":276,"column":62}}},"fnMap":{"0":{"name":"runCompilation","decl":{"start":{"line":8,"column":22},"end":{"line":8,"column":36}},"loc":{"start":{"line":14,"column":1},"end":{"line":35,"column":1}}},"1":{"name":"(anonymous_8)","decl":{"start":{"line":31,"column":51},"end":{"line":31,"column":52}},"loc":{"start":{"line":31,"column":63},"end":{"line":31,"column":82}}},"2":{"name":"getServerWebpackConfig","decl":{"start":{"line":37,"column":9},"end":{"line":37,"column":31}},"loc":{"start":{"line":45,"column":1},"end":{"line":147,"column":1}}},"3":{"name":"(anonymous_10)","decl":{"start":{"line":125,"column":8},"end":{"line":125,"column":13}},"loc":{"start":{"line":125,"column":32},"end":{"line":129,"column":9}}},"4":{"name":"(anonymous_11)","decl":{"start":{"line":126,"column":56},"end":{"line":126,"column":57}},"loc":{"start":{"line":126,"column":72},"end":{"line":128,"column":11}}},"5":{"name":"getClientWebpackConfig","decl":{"start":{"line":149,"column":16},"end":{"line":149,"column":38}},"loc":{"start":{"line":157,"column":1},"end":{"line":258,"column":1}}},"6":{"name":"(anonymous_13)","decl":{"start":{"line":237,"column":8},"end":{"line":237,"column":13}},"loc":{"start":{"line":237,"column":32},"end":{"line":241,"column":9}}},"7":{"name":"(anonymous_14)","decl":{"start":{"line":238,"column":56},"end":{"line":238,"column":57}},"loc":{"start":{"line":238,"column":72},"end":{"line":240,"column":11}}},"8":{"name":"getWebpackConfigEntries","decl":{"start":{"line":261,"column":9},"end":{"line":261,"column":32}},"loc":{"start":{"line":261,"column":58},"end":{"line":269,"column":1}}},"9":{"name":"(anonymous_16)","decl":{"start":{"line":262,"column":32},"end":{"line":262,"column":33}},"loc":{"start":{"line":262,"column":53},"end":{"line":268,"column":3}}},"10":{"name":"unslashPageUrl","decl":{"start":{"line":271,"column":9},"end":{"line":271,"column":23}},"loc":{"start":{"line":271,"column":35},"end":{"line":273,"column":1}}},"11":{"name":"runCompiler","decl":{"start":{"line":275,"column":9},"end":{"line":275,"column":20}},"loc":{"start":{"line":275,"column":42},"end":{"line":277,"column":1}}},"12":{"name":"(anonymous_19)","decl":{"start":{"line":276,"column":21},"end":{"line":276,"column":22}},"loc":{"start":{"line":276,"column":34},"end":{"line":276,"column":62}}}},"branchMap":{"0":{"loc":{"start":{"line":263,"column":16},"end":{"line":263,"column":84}},"type":"cond-expr","locations":[{"start":{"line":263,"column":34},"end":{"line":263,"column":47}},{"start":{"line":263,"column":50},"end":{"line":263,"column":84}}]},"1":{"loc":{"start":{"line":265,"column":6},"end":{"line":265,"column":92}},"type":"cond-expr","locations":[{"start":{"line":265,"column":24},"end":{"line":265,"column":43}},{"start":{"line":265,"column":46},"end":{"line":265,"column":92}}]}},"s":{"0":1,"1":1,"2":1,"3":1,"4":1,"5":1,"6":1,"7":1,"8":1,"9":1,"10":2,"11":1,"12":1,"13":1,"14":1,"15":1,"16":1,"17":1,"18":1,"19":1,"20":2,"21":6,"22":6,"23":6,"24":8,"25":2,"26":2},"f":{"0":1,"1":2,"2":1,"3":1,"4":1,"5":1,"6":1,"7":1,"8":2,"9":6,"10":8,"11":2,"12":2},"b":{"0":[2,4],"1":[2,4]}}
,"/home/spirade/WebstormProjects/tessera/src/services/pipeline/export.service.ts": {"path":"/home/spirade/WebstormProjects/tessera/src/services/pipeline/export.service.ts","statementMap":{"0":{"start":{"line":1,"column":0},"end":{"line":1,"column":24}},"1":{"start":{"line":2,"column":0},"end":{"line":2,"column":36}},"2":{"start":{"line":3,"column":0},"end":{"line":3,"column":45}},"3":{"start":{"line":4,"column":0},"end":{"line":4,"column":50}},"4":{"start":{"line":5,"column":0},"end":{"line":5,"column":53}},"5":{"start":{"line":6,"column":0},"end":{"line":6,"column":50}},"6":{"start":{"line":7,"column":0},"end":{"line":7,"column":39}},"7":{"start":{"line":9,"column":0},"end":{"line":9,"column":57}},"8":{"start":{"line":12,"column":19},"end":{"line":12,"column":29}},"9":{"start":{"line":13,"column":14},"end":{"line":13,"column":36}},"10":{"start":{"line":26,"column":22},"end":{"line":26,"column":91}},"11":{"start":{"line":27,"column":22},"end":{"line":27,"column":91}},"12":{"start":{"line":29,"column":24},"end":{"line":32,"column":4}},"13":{"start":{"line":33,"column":23},"end":{"line":37,"column":4}},"14":{"start":{"line":39,"column":35},"end":{"line":39,"column":68}},"15":{"start":{"line":41,"column":2},"end":{"line":49,"column":3}},"16":{"start":{"line":42,"column":4},"end":{"line":48,"column":7}},"17":{"start":{"line":51,"column":2},"end":{"line":55,"column":4}},"18":{"start":{"line":56,"column":2},"end":{"line":59,"column":4}},"19":{"start":{"line":60,"column":2},"end":{"line":63,"column":4}},"20":{"start":{"line":15,"column":0},"end":{"line":15,"column":7}},"21":{"start":{"line":79,"column":14},"end":{"line":84,"column":null}},"22":{"start":{"line":86,"column":15},"end":{"line":86,"column":34}},"23":{"start":{"line":88,"column":25},"end":{"line":88,"column":65}},"24":{"start":{"line":89,"column":33},"end":{"line":89,"column":92}},"25":{"start":{"line":90,"column":31},"end":{"line":90,"column":78}},"26":{"start":{"line":92,"column":2},"end":{"line":92,"column":62}},"27":{"start":{"line":93,"column":2},"end":{"line":123,"column":4}}},"fnMap":{"0":{"name":"runExport","decl":{"start":{"line":15,"column":22},"end":{"line":15,"column":31}},"loc":{"start":{"line":25,"column":1},"end":{"line":64,"column":1}}},"1":{"name":"exportPage","decl":{"start":{"line":66,"column":15},"end":{"line":66,"column":25}},"loc":{"start":{"line":78,"column":1},"end":{"line":124,"column":1}}}},"branchMap":{},"s":{"0":1,"1":1,"2":1,"3":1,"4":1,"5":1,"6":1,"7":1,"8":1,"9":1,"10":1,"11":1,"12":1,"13":1,"14":1,"15":1,"16":3,"17":1,"18":1,"19":1,"20":1,"21":3,"22":3,"23":3,"24":3,"25":3,"26":3,"27":3},"f":{"0":1,"1":3},"b":{}}
,"/home/spirade/WebstormProjects/tessera/src/services/pipeline/fetching.service.ts": {"path":"/home/spirade/WebstormProjects/tessera/src/services/pipeline/fetching.service.ts","statementMap":{"0":{"start":{"line":1,"column":0},"end":{"line":1,"column":null}},"1":{"start":{"line":8,"column":0},"end":{"line":8,"column":42}},"2":{"start":{"line":9,"column":0},"end":{"line":9,"column":46}},"3":{"start":{"line":12,"column":2},"end":{"line":12,"column":32}},"4":{"start":{"line":13,"column":19},"end":{"line":13,"column":38}},"5":{"start":{"line":14,"column":18},"end":{"line":14,"column":80}},"6":{"start":{"line":14,"column":45},"end":{"line":14,"column":79}},"7":{"start":{"line":16,"column":2},"end":{"line":18,"column":3}},"8":{"start":{"line":17,"column":4},"end":{"line":17,"column":75}},"9":{"start":{"line":20,"column":2},"end":{"line":20,"column":42}},"10":{"start":{"line":21,"column":23},"end":{"line":21,"column":61}},"11":{"start":{"line":23,"column":2},"end":{"line":26,"column":4}},"12":{"start":{"line":11,"column":0},"end":{"line":11,"column":7}},"13":{"start":{"line":30,"column":2},"end":{"line":30,"column":46}},"14":{"start":{"line":32,"column":37},"end":{"line":32,"column":91}},"15":{"start":{"line":34,"column":2},"end":{"line":34,"column":77}},"16":{"start":{"line":29,"column":0},"end":{"line":29,"column":7}},"17":{"start":{"line":40,"column":2},"end":{"line":43,"column":25}},"18":{"start":{"line":40,"column":68},"end":{"line":43,"column":4}}},"fnMap":{"0":{"name":"getProjectEnvironment","decl":{"start":{"line":11,"column":22},"end":{"line":11,"column":43}},"loc":{"start":{"line":11,"column":43},"end":{"line":27,"column":1}}},"1":{"name":"(anonymous_1)","decl":{"start":{"line":14,"column":32},"end":{"line":14,"column":33}},"loc":{"start":{"line":14,"column":45},"end":{"line":14,"column":79}}},"2":{"name":"getDesignSystemComponentsList","decl":{"start":{"line":29,"column":22},"end":{"line":29,"column":51}},"loc":{"start":{"line":29,"column":74},"end":{"line":35,"column":1}}},"3":{"name":"mapDesignSystemComponentToComponentLike","decl":{"start":{"line":37,"column":9},"end":{"line":37,"column":48}},"loc":{"start":{"line":38,"column":53},"end":{"line":44,"column":1}}},"4":{"name":"(anonymous_4)","decl":{"start":{"line":40,"column":40},"end":{"line":40,"column":41}},"loc":{"start":{"line":40,"column":68},"end":{"line":43,"column":4}}}},"branchMap":{"0":{"loc":{"start":{"line":16,"column":2},"end":{"line":18,"column":3}},"type":"if","locations":[{"start":{"line":16,"column":2},"end":{"line":18,"column":3}}]}},"s":{"0":1,"1":1,"2":1,"3":1,"4":1,"5":1,"6":2,"7":1,"8":0,"9":1,"10":1,"11":1,"12":1,"13":1,"14":1,"15":1,"16":1,"17":1,"18":9},"f":{"0":1,"1":2,"2":1,"3":1,"4":9},"b":{"0":[0]}}
,"/home/spirade/WebstormProjects/tessera/src/services/pipeline/generating.service.ts": {"path":"/home/spirade/WebstormProjects/tessera/src/services/pipeline/generating.service.ts","statementMap":{"0":{"start":{"line":1,"column":0},"end":{"line":1,"column":36}},"1":{"start":{"line":2,"column":0},"end":{"line":2,"column":24}},"2":{"start":{"line":3,"column":0},"end":{"line":3,"column":43}},"3":{"start":{"line":4,"column":0},"end":{"line":4,"column":35}},"4":{"start":{"line":5,"column":0},"end":{"line":5,"column":42}},"5":{"start":{"line":15,"column":0},"end":{"line":15,"column":88}},"6":{"start":{"line":16,"column":0},"end":{"line":16,"column":91}},"7":{"start":{"line":17,"column":0},"end":{"line":17,"column":57}},"8":{"start":{"line":25,"column":20},"end":{"line":32,"column":2}},"9":{"start":{"line":43,"column":25},"end":{"line":43,"column":68}},"10":{"start":{"line":44,"column":28},"end":{"line":44,"column":64}},"11":{"start":{"line":45,"column":25},"end":{"line":45,"column":70}},"12":{"start":{"line":46,"column":28},"end":{"line":46,"column":68}},"13":{"start":{"line":48,"column":33},"end":{"line":48,"column":91}},"14":{"start":{"line":49,"column":31},"end":{"line":49,"column":77}},"15":{"start":{"line":51,"column":26},"end":{"line":59,"column":4}},"16":{"start":{"line":61,"column":2},"end":{"line":61,"column":62}},"17":{"start":{"line":62,"column":2},"end":{"line":62,"column":73}},"18":{"start":{"line":64,"column":2},"end":{"line":64,"column":67}},"19":{"start":{"line":34,"column":0},"end":{"line":34,"column":7}},"20":{"start":{"line":74,"column":33},"end":{"line":78,"column":4}},"21":{"start":{"line":80,"column":38},"end":{"line":82,"column":null}},"22":{"start":{"line":85,"column":2},"end":{"line":85,"column":87}},"23":{"start":{"line":67,"column":0},"end":{"line":67,"column":7}},"24":{"start":{"line":89,"column":2},"end":{"line":92,"column":4}},"25":{"start":{"line":90,"column":24},"end":{"line":90,"column":66}},"26":{"start":{"line":88,"column":0},"end":{"line":88,"column":16}},"27":{"start":{"line":96,"column":21},"end":{"line":96,"column":59}},"28":{"start":{"line":97,"column":2},"end":{"line":97,"column":63}},"29":{"start":{"line":101,"column":2},"end":{"line":103,"column":9}},"30":{"start":{"line":102,"column":4},"end":{"line":102,"column":47}},"31":{"start":{"line":107,"column":2},"end":{"line":109,"column":3}},"32":{"start":{"line":108,"column":4},"end":{"line":108,"column":14}},"33":{"start":{"line":111,"column":24},"end":{"line":111,"column":68}},"34":{"start":{"line":113,"column":15},"end":{"line":113,"column":92}},"35":{"start":{"line":115,"column":2},"end":{"line":119,"column":3}},"36":{"start":{"line":116,"column":4},"end":{"line":118,"column":7}},"37":{"start":{"line":117,"column":6},"end":{"line":117,"column":50}},"38":{"start":{"line":121,"column":2},"end":{"line":125,"column":3}},"39":{"start":{"line":122,"column":4},"end":{"line":124,"column":7}},"40":{"start":{"line":123,"column":6},"end":{"line":123,"column":50}},"41":{"start":{"line":127,"column":2},"end":{"line":127,"column":34}},"42":{"start":{"line":129,"column":2},"end":{"line":129,"column":16}},"43":{"start":{"line":133,"column":2},"end":{"line":133,"column":59}},"44":{"start":{"line":137,"column":2},"end":{"line":151,"column":9}},"45":{"start":{"line":138,"column":4},"end":{"line":140,"column":5}},"46":{"start":{"line":139,"column":6},"end":{"line":139,"column":25}},"47":{"start":{"line":142,"column":4},"end":{"line":144,"column":5}},"48":{"start":{"line":143,"column":6},"end":{"line":143,"column":88}},"49":{"start":{"line":146,"column":4},"end":{"line":148,"column":5}},"50":{"start":{"line":147,"column":6},"end":{"line":147,"column":74}},"51":{"start":{"line":150,"column":4},"end":{"line":150,"column":64}},"52":{"start":{"line":155,"column":2},"end":{"line":159,"column":16}},"53":{"start":{"line":157,"column":6},"end":{"line":157,"column":69}},"54":{"start":{"line":163,"column":2},"end":{"line":167,"column":16}},"55":{"start":{"line":165,"column":6},"end":{"line":165,"column":75}},"56":{"start":{"line":171,"column":2},"end":{"line":175,"column":16}},"57":{"start":{"line":173,"column":6},"end":{"line":173,"column":91}}},"fnMap":{"0":{"name":"createApplicationPageFile","decl":{"start":{"line":34,"column":22},"end":{"line":34,"column":47}},"loc":{"start":{"line":42,"column":1},"end":{"line":65,"column":1}}},"1":{"name":"createApplicationFile","decl":{"start":{"line":67,"column":22},"end":{"line":67,"column":43}},"loc":{"start":{"line":73,"column":1},"end":{"line":86,"column":1}}},"2":{"name":"convertToMap","decl":{"start":{"line":88,"column":16},"end":{"line":88,"column":28}},"loc":{"start":{"line":88,"column":56},"end":{"line":93,"column":1}}},"3":{"name":"(anonymous_4)","decl":{"start":{"line":90,"column":4},"end":{"line":90,"column":5}},"loc":{"start":{"line":90,"column":24},"end":{"line":90,"column":66}}},"4":{"name":"getPageComponentName","decl":{"start":{"line":95,"column":9},"end":{"line":95,"column":29}},"loc":{"start":{"line":95,"column":52},"end":{"line":98,"column":1}}},"5":{"name":"getPageComponentsTree","decl":{"start":{"line":100,"column":9},"end":{"line":100,"column":30}},"loc":{"start":{"line":100,"column":72},"end":{"line":104,"column":1}}},"6":{"name":"(anonymous_7)","decl":{"start":{"line":101,"column":25},"end":{"line":101,"column":26}},"loc":{"start":{"line":101,"column":45},"end":{"line":103,"column":3}}},"7":{"name":"getComponentsTree","decl":{"start":{"line":106,"column":9},"end":{"line":106,"column":26}},"loc":{"start":{"line":106,"column":67},"end":{"line":130,"column":1}}},"8":{"name":"(anonymous_9)","decl":{"start":{"line":116,"column":33},"end":{"line":116,"column":34}},"loc":{"start":{"line":116,"column":52},"end":{"line":118,"column":5}}},"9":{"name":"(anonymous_10)","decl":{"start":{"line":122,"column":40},"end":{"line":122,"column":41}},"loc":{"start":{"line":122,"column":59},"end":{"line":124,"column":5}}},"10":{"name":"formatComponentName","decl":{"start":{"line":132,"column":9},"end":{"line":132,"column":28}},"loc":{"start":{"line":132,"column":50},"end":{"line":134,"column":1}}},"11":{"name":"stringifyProps","decl":{"start":{"line":136,"column":9},"end":{"line":136,"column":23}},"loc":{"start":{"line":136,"column":54},"end":{"line":152,"column":1}}},"12":{"name":"(anonymous_13)","decl":{"start":{"line":137,"column":38},"end":{"line":137,"column":39}},"loc":{"start":{"line":137,"column":76},"end":{"line":151,"column":3}}},"13":{"name":"getApplicationLoadableComponents","decl":{"start":{"line":154,"column":9},"end":{"line":154,"column":41}},"loc":{"start":{"line":154,"column":73},"end":{"line":160,"column":1}}},"14":{"name":"(anonymous_15)","decl":{"start":{"line":156,"column":9},"end":{"line":156,"column":10}},"loc":{"start":{"line":156,"column":32},"end":{"line":158,"column":5}}},"15":{"name":"getApplicationRoutes","decl":{"start":{"line":162,"column":9},"end":{"line":162,"column":29}},"loc":{"start":{"line":162,"column":61},"end":{"line":168,"column":1}}},"16":{"name":"(anonymous_17)","decl":{"start":{"line":164,"column":9},"end":{"line":164,"column":10}},"loc":{"start":{"line":164,"column":35},"end":{"line":166,"column":5}}},"17":{"name":"getPageComponentsImports","decl":{"start":{"line":170,"column":9},"end":{"line":170,"column":33}},"loc":{"start":{"line":170,"column":65},"end":{"line":176,"column":1}}},"18":{"name":"(anonymous_19)","decl":{"start":{"line":172,"column":9},"end":{"line":172,"column":10}},"loc":{"start":{"line":172,"column":31},"end":{"line":174,"column":5}}}},"branchMap":{"0":{"loc":{"start":{"line":97,"column":9},"end":{"line":97,"column":62}},"type":"cond-expr","locations":[{"start":{"line":97,"column":22},"end":{"line":97,"column":53}},{"start":{"line":97,"column":56},"end":{"line":97,"column":62}}]},"1":{"loc":{"start":{"line":107,"column":2},"end":{"line":109,"column":3}},"type":"if","locations":[{"start":{"line":107,"column":2},"end":{"line":109,"column":3}}]},"2":{"loc":{"start":{"line":115,"column":2},"end":{"line":119,"column":3}},"type":"if","locations":[{"start":{"line":115,"column":2},"end":{"line":119,"column":3}}]},"3":{"loc":{"start":{"line":121,"column":2},"end":{"line":125,"column":3}},"type":"if","locations":[{"start":{"line":121,"column":2},"end":{"line":125,"column":3}}]},"4":{"loc":{"start":{"line":138,"column":4},"end":{"line":140,"column":5}},"type":"if","locations":[{"start":{"line":138,"column":4},"end":{"line":140,"column":5}}]},"5":{"loc":{"start":{"line":142,"column":4},"end":{"line":144,"column":5}},"type":"if","locations":[{"start":{"line":142,"column":4},"end":{"line":144,"column":5}}]},"6":{"loc":{"start":{"line":143,"column":27},"end":{"line":143,"column":76}},"type":"cond-expr","locations":[{"start":{"line":143,"column":39},"end":{"line":143,"column":46}},{"start":{"line":143,"column":49},"end":{"line":143,"column":76}}]},"7":{"loc":{"start":{"line":146,"column":4},"end":{"line":148,"column":5}},"type":"if","locations":[{"start":{"line":146,"column":4},"end":{"line":148,"column":5}}]}},"s":{"0":1,"1":1,"2":1,"3":1,"4":1,"5":1,"6":1,"7":1,"8":1,"9":3,"10":3,"11":3,"12":3,"13":3,"14":3,"15":3,"16":3,"17":3,"18":3,"19":1,"20":1,"21":1,"22":1,"23":1,"24":3,"25":27,"26":1,"27":3,"28":3,"29":3,"30":10,"31":26,"32":0,"33":26,"34":26,"35":26,"36":10,"37":10,"38":26,"39":17,"40":6,"41":26,"42":26,"43":45,"44":26,"45":189,"46":37,"47":152,"48":4,"49":148,"50":147,"51":1,"52":1,"53":3,"54":1,"55":3,"56":3,"57":17},"f":{"0":3,"1":1,"2":3,"3":27,"4":3,"5":3,"6":10,"7":26,"8":10,"9":6,"10":45,"11":26,"12":189,"13":1,"14":3,"15":1,"16":3,"17":3,"18":17},"b":{"0":[2,1],"1":[0],"2":[10],"3":[17],"4":[37],"5":[4],"6":[1,3],"7":[147]}}
,"/home/spirade/WebstormProjects/tessera/src/services/pipeline/parsing.service.ts": {"path":"/home/spirade/WebstormProjects/tessera/src/services/pipeline/parsing.service.ts","statementMap":{"0":{"start":{"line":1,"column":0},"end":{"line":1,"column":35}},"1":{"start":{"line":8,"column":0},"end":{"line":8,"column":56}},"2":{"start":{"line":14,"column":23},"end":{"line":14,"column":46}},"3":{"start":{"line":15,"column":29},"end":{"line":17,"column":null}},"4":{"start":{"line":20,"column":2},"end":{"line":20,"column":46}},"5":{"start":{"line":10,"column":0},"end":{"line":10,"column":7}},"6":{"start":{"line":24,"column":2},"end":{"line":31,"column":4}},"7":{"start":{"line":35,"column":54},"end":{"line":35,"column":56}},"8":{"start":{"line":37,"column":2},"end":{"line":39,"column":5}},"9":{"start":{"line":38,"column":4},"end":{"line":38,"column":76}},"10":{"start":{"line":38,"column":48},"end":{"line":38,"column":74}},"11":{"start":{"line":41,"column":2},"end":{"line":41,"column":45}},"12":{"start":{"line":48,"column":2},"end":{"line":51,"column":6}},"13":{"start":{"line":48,"column":48},"end":{"line":51,"column":4}}},"fnMap":{"0":{"name":"parseProjectPage","decl":{"start":{"line":10,"column":22},"end":{"line":10,"column":38}},"loc":{"start":{"line":12,"column":48},"end":{"line":21,"column":1}}},"1":{"name":"parsePageMetadata","decl":{"start":{"line":23,"column":9},"end":{"line":23,"column":26}},"loc":{"start":{"line":23,"column":68},"end":{"line":32,"column":1}}},"2":{"name":"parsePageStructureComponentsList","decl":{"start":{"line":34,"column":9},"end":{"line":34,"column":41}},"loc":{"start":{"line":34,"column":83},"end":{"line":42,"column":1}}},"3":{"name":"(anonymous_4)","decl":{"start":{"line":37,"column":33},"end":{"line":37,"column":34}},"loc":{"start":{"line":37,"column":42},"end":{"line":39,"column":3}}},"4":{"name":"(anonymous_5)","decl":{"start":{"line":38,"column":33},"end":{"line":38,"column":34}},"loc":{"start":{"line":38,"column":48},"end":{"line":38,"column":74}}},"5":{"name":"normalizePageComponentsVersionsGivenDesignSystem","decl":{"start":{"line":44,"column":9},"end":{"line":44,"column":57}},"loc":{"start":{"line":46,"column":53},"end":{"line":52,"column":1}}},"6":{"name":"(anonymous_7)","decl":{"start":{"line":48,"column":32},"end":{"line":48,"column":33}},"loc":{"start":{"line":48,"column":48},"end":{"line":51,"column":4}}}},"branchMap":{"0":{"loc":{"start":{"line":50,"column":13},"end":{"line":50,"column":88}},"type":"binary-expr","locations":[{"start":{"line":50,"column":13},"end":{"line":50,"column":67}},{"start":{"line":50,"column":71},"end":{"line":50,"column":88}}]}},"s":{"0":1,"1":1,"2":3,"3":3,"4":3,"5":1,"6":3,"7":3,"8":3,"9":10,"10":26,"11":3,"12":3,"13":17},"f":{"0":3,"1":3,"2":3,"3":10,"4":26,"5":3,"6":17},"b":{"0":[17,0]}}
,"/home/spirade/WebstormProjects/tessera/src/services/pipeline/pipeline.service.ts": {"path":"/home/spirade/WebstormProjects/tessera/src/services/pipeline/pipeline.service.ts","statementMap":{"0":{"start":{"line":22,"column":2},"end":{"line":30,"column":4}},"1":{"start":{"line":13,"column":0},"end":{"line":13,"column":16}},"2":{"start":{"line":38,"column":24},"end":{"line":38,"column":31}},"3":{"start":{"line":40,"column":2},"end":{"line":46,"column":3}},"4":{"start":{"line":41,"column":24},"end":{"line":41,"column":54}},"5":{"start":{"line":43,"column":4},"end":{"line":45,"column":5}},"6":{"start":{"line":44,"column":6},"end":{"line":44,"column":72}},"7":{"start":{"line":37,"column":0},"end":{"line":37,"column":7}}},"fnMap":{"0":{"name":"createPipelineContext","decl":{"start":{"line":13,"column":16},"end":{"line":13,"column":37}},"loc":{"start":{"line":21,"column":1},"end":{"line":31,"column":1}}},"1":{"name":"runPipeline","decl":{"start":{"line":37,"column":22},"end":{"line":37,"column":33}},"loc":{"start":{"line":37,"column":87},"end":{"line":47,"column":1}}}},"branchMap":{"0":{"loc":{"start":{"line":43,"column":4},"end":{"line":45,"column":5}},"type":"if","locations":[{"start":{"line":43,"column":4},"end":{"line":45,"column":5}}]}},"s":{"0":1,"1":1,"2":1,"3":1,"4":6,"5":6,"6":2,"7":1},"f":{"0":1,"1":1},"b":{"0":[2]}}
,"/home/spirade/WebstormProjects/tessera/src/services/pipeline/preparing.service.ts": {"path":"/home/spirade/WebstormProjects/tessera/src/services/pipeline/preparing.service.ts","statementMap":{"0":{"start":{"line":1,"column":0},"end":{"line":1,"column":36}},"1":{"start":{"line":2,"column":0},"end":{"line":2,"column":24}},"2":{"start":{"line":3,"column":0},"end":{"line":3,"column":35}},"3":{"start":{"line":4,"column":0},"end":{"line":4,"column":null}},"4":{"start":{"line":21,"column":37},"end":{"line":23,"column":null}},"5":{"start":{"line":23,"column":27},"end":{"line":23,"column":47}},"6":{"start":{"line":26,"column":50},"end":{"line":26,"column":68}},"7":{"start":{"line":28,"column":2},"end":{"line":47,"column":3}},"8":{"start":{"line":29,"column":34},"end":{"line":31,"column":null}},"9":{"start":{"line":34,"column":44},"end":{"line":36,"column":null}},"10":{"start":{"line":39,"column":4},"end":{"line":46,"column":6}},"11":{"start":{"line":12,"column":0},"end":{"line":12,"column":7}}},"fnMap":{"0":{"name":"prepareComponentsForBuild","decl":{"start":{"line":12,"column":22},"end":{"line":12,"column":47}},"loc":{"start":{"line":20,"column":1},"end":{"line":48,"column":1}}},"1":{"name":"(anonymous_2)","decl":{"start":{"line":23,"column":4},"end":{"line":23,"column":5}},"loc":{"start":{"line":23,"column":27},"end":{"line":23,"column":47}}}},"branchMap":{},"s":{"0":1,"1":1,"2":1,"3":1,"4":1,"5":18,"6":1,"7":1,"8":9,"9":9,"10":9,"11":1},"f":{"0":1,"1":18},"b":{}}
,"/home/spirade/WebstormProjects/tessera/src/services/pipeline/setup.service.ts": {"path":"/home/spirade/WebstormProjects/tessera/src/services/pipeline/setup.service.ts","statementMap":{"0":{"start":{"line":1,"column":0},"end":{"line":1,"column":36}},"1":{"start":{"line":2,"column":0},"end":{"line":2,"column":24}},"2":{"start":{"line":4,"column":0},"end":{"line":4,"column":42}},"3":{"start":{"line":5,"column":0},"end":{"line":5,"column":61}},"4":{"start":{"line":9,"column":2},"end":{"line":9,"column":54}},"5":{"start":{"line":10,"column":2},"end":{"line":10,"column":62}},"6":{"start":{"line":8,"column":0},"end":{"line":8,"column":7}},"7":{"start":{"line":14,"column":2},"end":{"line":16,"column":5}},"8":{"start":{"line":20,"column":2},"end":{"line":20,"column":93}},"9":{"start":{"line":19,"column":0},"end":{"line":19,"column":7}}},"fnMap":{"0":{"name":"setupApplicationFolderEnvironment","decl":{"start":{"line":8,"column":22},"end":{"line":8,"column":55}},"loc":{"start":{"line":8,"column":86},"end":{"line":11,"column":1}}},"1":{"name":"copyApplicationTemplateFolder","decl":{"start":{"line":13,"column":9},"end":{"line":13,"column":38}},"loc":{"start":{"line":13,"column":69},"end":{"line":17,"column":1}}},"2":{"name":"createBuildIdFile","decl":{"start":{"line":19,"column":22},"end":{"line":19,"column":39}},"loc":{"start":{"line":19,"column":91},"end":{"line":21,"column":1}}}},"branchMap":{},"s":{"0":1,"1":1,"2":1,"3":1,"4":1,"5":1,"6":1,"7":1,"8":1,"9":1},"f":{"0":1,"1":1,"2":1},"b":{}}
,"/home/spirade/WebstormProjects/tessera/src/templates/templates/application.template.ts": {"path":"/home/spirade/WebstormProjects/tessera/src/templates/templates/application.template.ts","statementMap":{"0":{"start":{"line":1,"column":0},"end":{"line":1,"column":42}},"1":{"start":{"line":6,"column":13},"end":{"line":35,"column":2}},"2":{"start":{"line":46,"column":2},"end":{"line":49,"column":63}},"3":{"start":{"line":37,"column":0},"end":{"line":37,"column":16}}},"fnMap":{"0":{"name":"getApplicationFileContent","decl":{"start":{"line":37,"column":16},"end":{"line":37,"column":41}},"loc":{"start":{"line":45,"column":1},"end":{"line":50,"column":1}}}},"branchMap":{},"s":{"0":1,"1":1,"2":1,"3":1},"f":{"0":1},"b":{}}
,"/home/spirade/WebstormProjects/tessera/src/templates/templates/page.template.ts": {"path":"/home/spirade/WebstormProjects/tessera/src/templates/templates/page.template.ts","statementMap":{"0":{"start":{"line":1,"column":0},"end":{"line":1,"column":42}},"1":{"start":{"line":3,"column":13},"end":{"line":20,"column":2}},"2":{"start":{"line":41,"column":2},"end":{"line":50,"column":4}},"3":{"start":{"line":22,"column":0},"end":{"line":22,"column":16}}},"fnMap":{"0":{"name":"getApplicationPageFileContent","decl":{"start":{"line":22,"column":16},"end":{"line":22,"column":45}},"loc":{"start":{"line":40,"column":1},"end":{"line":51,"column":1}}}},"branchMap":{},"s":{"0":1,"1":1,"2":3,"3":1},"f":{"0":3},"b":{}}
,"/home/spirade/WebstormProjects/tessera/src/types/index.js": {"path":"/home/spirade/WebstormProjects/tessera/src/types/index.js","statementMap":{"0":{"start":{"line":3,"column":2},"end":{"line":25,"column":8}},"1":{"start":{"line":6,"column":8},"end":{"line":8,"column":9}},"2":{"start":{"line":7,"column":10},"end":{"line":7,"column":17}},"3":{"start":{"line":9,"column":19},"end":{"line":9,"column":56}},"4":{"start":{"line":10,"column":8},"end":{"line":17,"column":9}},"5":{"start":{"line":11,"column":10},"end":{"line":16,"column":12}},"6":{"start":{"line":14,"column":14},"end":{"line":14,"column":26}},"7":{"start":{"line":18,"column":8},"end":{"line":18,"column":43}},"8":{"start":{"line":21,"column":8},"end":{"line":23,"column":9}},"9":{"start":{"line":22,"column":10},"end":{"line":22,"column":17}},"10":{"start":{"line":24,"column":8},"end":{"line":24,"column":21}},"11":{"start":{"line":27,"column":2},"end":{"line":34,"column":3}},"12":{"start":{"line":29,"column":4},"end":{"line":33,"column":5}},"13":{"start":{"line":30,"column":6},"end":{"line":32,"column":7}},"14":{"start":{"line":31,"column":8},"end":{"line":31,"column":39}},"15":{"start":{"line":35,"column":0},"end":{"line":35,"column":62}},"16":{"start":{"line":36,"column":0},"end":{"line":36,"column":44}},"17":{"start":{"line":37,"column":0},"end":{"line":37,"column":42}}},"fnMap":{"0":{"name":"(anonymous_0)","decl":{"start":{"line":5,"column":6},"end":{"line":5,"column":7}},"loc":{"start":{"line":5,"column":29},"end":{"line":19,"column":7}},"line":5},"1":{"name":"(anonymous_1)","decl":{"start":{"line":13,"column":12},"end":{"line":13,"column":13}},"loc":{"start":{"line":13,"column":18},"end":{"line":15,"column":13}},"line":13},"2":{"name":"(anonymous_2)","decl":{"start":{"line":20,"column":6},"end":{"line":20,"column":7}},"loc":{"start":{"line":20,"column":29},"end":{"line":25,"column":7}},"line":20},"3":{"name":"(anonymous_3)","decl":{"start":{"line":28,"column":2},"end":{"line":28,"column":3}},"loc":{"start":{"line":28,"column":24},"end":{"line":34,"column":3}},"line":28}},"branchMap":{"0":{"loc":{"start":{"line":3,"column":2},"end":{"line":25,"column":8}},"type":"binary-expr","locations":[{"start":{"line":3,"column":3},"end":{"line":3,"column":7}},{"start":{"line":3,"column":11},"end":{"line":3,"column":31}},{"start":{"line":4,"column":3},"end":{"line":25,"column":7}}],"line":3},"1":{"loc":{"start":{"line":4,"column":3},"end":{"line":25,"column":7}},"type":"cond-expr","locations":[{"start":{"line":5,"column":6},"end":{"line":19,"column":7}},{"start":{"line":20,"column":6},"end":{"line":25,"column":7}}],"line":4},"2":{"loc":{"start":{"line":6,"column":8},"end":{"line":8,"column":9}},"type":"if","locations":[{"start":{"line":6,"column":8},"end":{"line":8,"column":9}},{"start":{},"end":{}}],"line":6},"3":{"loc":{"start":{"line":10,"column":8},"end":{"line":17,"column":9}},"type":"if","locations":[{"start":{"line":10,"column":8},"end":{"line":17,"column":9}},{"start":{},"end":{}}],"line":10},"4":{"loc":{"start":{"line":10,"column":12},"end":{"line":10,"column":89}},"type":"binary-expr","locations":[{"start":{"line":10,"column":12},"end":{"line":10,"column":17}},{"start":{"line":10,"column":22},"end":{"line":10,"column":88}}],"line":10},"5":{"loc":{"start":{"line":10,"column":22},"end":{"line":10,"column":88}},"type":"cond-expr","locations":[{"start":{"line":10,"column":38},"end":{"line":10,"column":51}},{"start":{"line":10,"column":54},"end":{"line":10,"column":88}}],"line":10},"6":{"loc":{"start":{"line":10,"column":54},"end":{"line":10,"column":88}},"type":"binary-expr","locations":[{"start":{"line":10,"column":54},"end":{"line":10,"column":67}},{"start":{"line":10,"column":71},"end":{"line":10,"column":88}}],"line":10},"7":{"loc":{"start":{"line":21,"column":8},"end":{"line":23,"column":9}},"type":"if","locations":[{"start":{"line":21,"column":8},"end":{"line":23,"column":9}},{"start":{},"end":{}}],"line":21},"8":{"loc":{"start":{"line":27,"column":2},"end":{"line":34,"column":3}},"type":"binary-expr","locations":[{"start":{"line":27,"column":3},"end":{"line":27,"column":7}},{"start":{"line":27,"column":11},"end":{"line":27,"column":28}},{"start":{"line":28,"column":2},"end":{"line":34,"column":3}}],"line":27},"9":{"loc":{"start":{"line":30,"column":6},"end":{"line":32,"column":7}},"type":"if","locations":[{"start":{"line":30,"column":6},"end":{"line":32,"column":7}},{"start":{},"end":{}}],"line":30},"10":{"loc":{"start":{"line":30,"column":10},"end":{"line":30,"column":78}},"type":"binary-expr","locations":[{"start":{"line":30,"column":10},"end":{"line":30,"column":25}},{"start":{"line":30,"column":29},"end":{"line":30,"column":78}}],"line":30}},"s":{"0":1,"1":4,"2":4,"3":4,"4":4,"5":4,"6":42,"7":4,"8":0,"9":0,"10":0,"11":1,"12":2,"13":4,"14":4,"15":1,"16":1,"17":1},"f":{"0":4,"1":42,"2":0,"3":2},"b":{"0":[1,1,1],"1":[1,0],"2":[4,0],"3":[4,0],"4":[4,4],"5":[0,4],"6":[4,0],"7":[0,0],"8":[1,1,1],"9":[4,0],"10":[4,4]},"inputSourceMap":null,"_coverageSchema":"1a1c01bbd47fc00a2c39e90264f33305004495a9","hash":"8e1bb18d7e6dc8cf74b8a23d6a303f4607a5fa00"}
,"/home/spirade/WebstormProjects/tessera/src/types/schemas.js": {"path":"/home/spirade/WebstormProjects/tessera/src/types/schemas.js","statementMap":{"0":{"start":{"line":2,"column":0},"end":{"line":2,"column":62}},"1":{"start":{"line":3,"column":0},"end":{"line":3,"column":25}},"2":{"start":{"line":4,"column":0},"end":{"line":20,"column":2}},"3":{"start":{"line":21,"column":0},"end":{"line":35,"column":3}},"4":{"start":{"line":36,"column":0},"end":{"line":41,"column":3}},"5":{"start":{"line":42,"column":0},"end":{"line":50,"column":3}},"6":{"start":{"line":51,"column":0},"end":{"line":54,"column":3}},"7":{"start":{"line":55,"column":0},"end":{"line":60,"column":3}},"8":{"start":{"line":61,"column":0},"end":{"line":66,"column":3}},"9":{"start":{"line":67,"column":0},"end":{"line":71,"column":3}},"10":{"start":{"line":72,"column":0},"end":{"line":77,"column":3}},"11":{"start":{"line":78,"column":0},"end":{"line":104,"column":3}},"12":{"start":{"line":105,"column":0},"end":{"line":117,"column":3}},"13":{"start":{"line":118,"column":0},"end":{"line":121,"column":3}},"14":{"start":{"line":122,"column":0},"end":{"line":130,"column":3}},"15":{"start":{"line":131,"column":0},"end":{"line":136,"column":3}},"16":{"start":{"line":137,"column":0},"end":{"line":141,"column":3}},"17":{"start":{"line":142,"column":0},"end":{"line":147,"column":3}},"18":{"start":{"line":148,"column":0},"end":{"line":150,"column":3}},"19":{"start":{"line":149,"column":4},"end":{"line":149,"column":46}}},"fnMap":{"0":{"name":"(anonymous_0)","decl":{"start":{"line":148,"column":37},"end":{"line":148,"column":38}},"loc":{"start":{"line":148,"column":53},"end":{"line":150,"column":1}},"line":148}},"branchMap":{},"s":{"0":1,"1":1,"2":1,"3":1,"4":1,"5":1,"6":1,"7":1,"8":1,"9":1,"10":1,"11":1,"12":1,"13":1,"14":1,"15":1,"16":1,"17":1,"18":1,"19":15},"f":{"0":15},"b":{},"inputSourceMap":null,"_coverageSchema":"1a1c01bbd47fc00a2c39e90264f33305004495a9","hash":"e63d2cf61d7d062499c9d54f167cbda9194386d8"}
,"/home/spirade/WebstormProjects/tessera/src/types/types.js": {"path":"/home/spirade/WebstormProjects/tessera/src/types/types.js","statementMap":{"0":{"start":{"line":2,"column":0},"end":{"line":2,"column":62}},"1":{"start":{"line":3,"column":0},"end":{"line":3,"column":62}},"2":{"start":{"line":5,"column":0},"end":{"line":14,"column":50}},"3":{"start":{"line":6,"column":4},"end":{"line":6,"column":27}},"4":{"start":{"line":7,"column":4},"end":{"line":7,"column":29}},"5":{"start":{"line":8,"column":4},"end":{"line":8,"column":35}},"6":{"start":{"line":9,"column":4},"end":{"line":9,"column":39}},"7":{"start":{"line":10,"column":4},"end":{"line":10,"column":37}},"8":{"start":{"line":11,"column":4},"end":{"line":11,"column":41}},"9":{"start":{"line":12,"column":4},"end":{"line":12,"column":31}},"10":{"start":{"line":13,"column":4},"end":{"line":13,"column":27}},"11":{"start":{"line":16,"column":0},"end":{"line":21,"column":53}},"12":{"start":{"line":17,"column":4},"end":{"line":17,"column":28}},"13":{"start":{"line":18,"column":4},"end":{"line":18,"column":36}},"14":{"start":{"line":19,"column":4},"end":{"line":19,"column":32}},"15":{"start":{"line":20,"column":4},"end":{"line":20,"column":34}},"16":{"start":{"line":23,"column":0},"end":{"line":28,"column":68}},"17":{"start":{"line":24,"column":4},"end":{"line":24,"column":67}},"18":{"start":{"line":25,"column":4},"end":{"line":25,"column":65}},"19":{"start":{"line":26,"column":4},"end":{"line":26,"column":71}},"20":{"start":{"line":27,"column":4},"end":{"line":27,"column":69}}},"fnMap":{"0":{"name":"(anonymous_0)","decl":{"start":{"line":5,"column":1},"end":{"line":5,"column":2}},"loc":{"start":{"line":5,"column":18},"end":{"line":14,"column":1}},"line":5},"1":{"name":"(anonymous_1)","decl":{"start":{"line":16,"column":1},"end":{"line":16,"column":2}},"loc":{"start":{"line":16,"column":19},"end":{"line":21,"column":1}},"line":16},"2":{"name":"(anonymous_2)","decl":{"start":{"line":23,"column":1},"end":{"line":23,"column":2}},"loc":{"start":{"line":23,"column":24},"end":{"line":28,"column":1}},"line":23}},"branchMap":{"0":{"loc":{"start":{"line":14,"column":11},"end":{"line":14,"column":48}},"type":"binary-expr","locations":[{"start":{"line":14,"column":11},"end":{"line":14,"column":24}},{"start":{"line":14,"column":29},"end":{"line":14,"column":47}}],"line":14},"1":{"loc":{"start":{"line":21,"column":12},"end":{"line":21,"column":51}},"type":"binary-expr","locations":[{"start":{"line":21,"column":12},"end":{"line":21,"column":26}},{"start":{"line":21,"column":31},"end":{"line":21,"column":50}}],"line":21},"2":{"loc":{"start":{"line":28,"column":17},"end":{"line":28,"column":66}},"type":"binary-expr","locations":[{"start":{"line":28,"column":17},"end":{"line":28,"column":36}},{"start":{"line":28,"column":41},"end":{"line":28,"column":65}}],"line":28}},"s":{"0":1,"1":1,"2":1,"3":1,"4":1,"5":1,"6":1,"7":1,"8":1,"9":1,"10":1,"11":1,"12":1,"13":1,"14":1,"15":1,"16":1,"17":1,"18":1,"19":1,"20":1},"f":{"0":1,"1":1,"2":1},"b":{"0":[1,1],"1":[1,1],"2":[1,1]},"inputSourceMap":null,"_coverageSchema":"1a1c01bbd47fc00a2c39e90264f33305004495a9","hash":"532ebde899baebac83ad7d561317f71a075a38c8"}
}
