TN:
SF:src/application.ts
FN:16,handleErrors
FN:24,runApplication
FN:69,runTestApplication
FN:89,(anonymous_10)
FN:94,(anonymous_11)
FNF:5
FNH:1
FNDA:0,handleErrors
FNDA:0,runApplication
FNDA:1,runTestApplication
FNDA:0,(anonymous_10)
FNDA:0,(anonymous_11)
DA:1,1
DA:2,1
DA:3,1
DA:5,1
DA:6,1
DA:7,1
DA:8,1
DA:9,1
DA:10,1
DA:12,1
DA:17,0
DA:18,0
DA:20,0
DA:24,1
DA:25,0
DA:27,0
DA:35,0
DA:36,0
DA:37,0
DA:39,0
DA:40,0
DA:42,0
DA:48,0
DA:49,0
DA:52,0
DA:55,0
DA:61,0
DA:63,0
DA:64,0
DA:65,0
DA:69,1
DA:70,1
DA:71,1
DA:72,1
DA:74,1
DA:76,1
DA:82,1
DA:84,0
DA:85,0
DA:89,1
DA:90,0
DA:91,0
DA:94,1
DA:95,0
DA:96,0
LF:45
LH:20
BRDA:17,0,0,0
BRDA:17,0,1,0
BRDA:29,1,0,0
BRDA:29,1,1,0
BRDA:31,2,0,0
BRDA:31,2,1,0
BRF:6
BRH:0
end_of_record
TN:
SF:src/config.ts
FNF:0
FNH:0
DA:1,2
DA:2,2
DA:4,2
DA:12,2
DA:14,2
DA:15,2
DA:17,2
DA:36,2
DA:38,2
DA:40,2
DA:41,2
DA:42,2
DA:47,2
LF:13
LH:13
BRDA:5,0,0,2
BRDA:5,0,1,0
BRDA:6,1,0,2
BRDA:6,1,1,0
BRDA:7,2,0,2
BRDA:7,2,1,0
BRDA:8,3,0,2
BRDA:8,3,1,0
BRDA:9,4,0,2
BRDA:9,4,1,0
BRDA:14,5,0,2
BRDA:14,5,1,0
BRDA:15,6,0,2
BRDA:15,6,1,0
BRF:14
BRH:7
end_of_record
TN:
SF:src/controllers/builds/builds.controller.ts
FN:10,(anonymous_0)
FN:21,(anonymous_1)
FNF:2
FNH:0
FNDA:0,(anonymous_0)
FNDA:0,(anonymous_1)
DA:5,1
DA:6,1
DA:8,1
DA:10,1
DA:11,0
DA:22,0
DA:33,0
LF:7
LH:4
BRF:0
BRH:0
end_of_record
TN:
SF:src/controllers/pages/pages.controller.ts
FN:16,(anonymous_0)
FN:39,(anonymous_1)
FN:65,(anonymous_2)
FNF:3
FNH:0
FNDA:0,(anonymous_0)
FNDA:0,(anonymous_1)
FNDA:0,(anonymous_2)
DA:3,1
DA:10,1
DA:11,1
DA:12,1
DA:13,1
DA:14,1
DA:16,1
DA:20,0
DA:22,0
DA:23,0
DA:26,0
DA:34,0
DA:36,0
DA:39,1
DA:43,0
DA:45,0
DA:46,0
DA:49,0
DA:56,0
DA:57,0
DA:60,0
DA:62,0
DA:65,1
DA:69,0
DA:71,0
DA:72,0
DA:75,0
DA:82,0
DA:83,0
DA:86,0
DA:88,0
LF:31
LH:9
BRDA:22,0,0,0
BRDA:45,1,0,0
BRDA:56,2,0,0
BRDA:71,3,0,0
BRDA:82,4,0,0
BRF:5
BRH:0
end_of_record
TN:
SF:src/jobs/build/createBuild.job.ts
FN:12,createBuildJob
FN:25,(anonymous_1)
FN:43,stopPageJobs
FN:53,runPageJobs
FNF:4
FNH:4
FNDA:1,createBuildJob
FNDA:1,(anonymous_1)
FNDA:1,stopPageJobs
FNDA:1,runPageJobs
DA:4,1
DA:5,1
DA:6,1
DA:7,1
DA:8,1
DA:9,1
DA:10,1
DA:12,1
DA:13,1
DA:26,1
DA:28,1
DA:29,1
DA:31,1
DA:36,1
DA:38,1
DA:44,1
DA:45,1
DA:46,1
DA:48,1
DA:49,1
DA:50,1
DA:54,1
DA:55,1
DA:56,1
LF:24
LH:24
BRDA:19,0,0,0
BRDA:19,0,1,1
BRF:2
BRH:1
end_of_record
TN:
SF:src/jobs/page/createPage.job.ts
FN:7,createPageJob
FNF:1
FNH:0
FNDA:0,createPageJob
DA:3,1
DA:4,1
DA:5,1
DA:7,1
DA:8,0
DA:10,0
DA:14,0
LF:7
LH:4
BRF:0
BRH:0
end_of_record
TN:
SF:src/jobs/page/deletePage.job.ts
FN:7,deletePageJob
FNF:1
FNH:0
FNDA:0,deletePageJob
DA:3,1
DA:4,1
DA:5,1
DA:7,1
DA:8,0
DA:10,0
DA:14,0
LF:7
LH:4
BRF:0
BRH:0
end_of_record
TN:
SF:src/jobs/page/updatePage.job.ts
FN:7,updatePageJob
FNF:1
FNH:0
FNDA:0,updatePageJob
DA:3,1
DA:4,1
DA:5,1
DA:7,1
DA:8,0
DA:10,0
DA:14,0
LF:7
LH:4
BRF:0
BRH:0
end_of_record
TN:
SF:src/models/Build.model.ts
FNF:0
FNH:0
DA:1,1
DA:3,1
DA:5,1
DA:24,1
DA:38,1
LF:5
LH:5
BRF:0
BRH:0
end_of_record
TN:
SF:src/models/Page.model.ts
FNF:0
FNH:0
DA:1,1
DA:14,1
DA:16,1
DA:38,1
DA:55,1
LF:5
LH:5
BRF:0
BRH:0
end_of_record
TN:
SF:src/models/index.ts
FN:4,initAssociations
FNF:1
FNH:1
FNDA:1,initAssociations
DA:1,1
DA:2,1
DA:5,1
DA:6,1
DA:9,1
DA:11,1
DA:12,1
LF:7
LH:7
BRF:0
BRH:0
end_of_record
TN:
SF:src/routes/v1/builds.route.ts
FN:6,(anonymous_1)
FNF:1
FNH:1
FNDA:1,(anonymous_1)
DA:2,1
DA:4,1
DA:6,1
DA:7,1
LF:4
LH:4
BRF:0
BRH:0
end_of_record
TN:
SF:src/routes/v1/pages.route.ts
FN:7,(anonymous_1)
FNF:1
FNH:1
FNDA:1,(anonymous_1)
DA:2,1
DA:4,1
DA:5,1
DA:7,1
DA:8,1
DA:21,1
DA:34,1
LF:7
LH:7
BRF:0
BRH:0
end_of_record
TN:
SF:src/sdk/platform.sdk.ts
FN:261,getProject
FN:265,getProjectPages
FN:274,getProjectEndpoints
FN:289,(anonymous_4)
FN:291,(anonymous_5)
FN:292,(anonymous_6)
FN:294,(anonymous_7)
FN:296,(anonymous_8)
FN:301,getProjectPage
FN:321,getProjectDesignSystemComponents
FN:332,getProjectHeader
FN:336,getProjectPageFooter
FN:340,getDesignSystemComponentSource
FN:351,getProjects
FN:358,getPlatformSettings
FN:362,isStrictProjectPageStructure
FN:367,(anonymous_17)
FNF:17
FNH:7
FNDA:0,getProject
FNDA:1,getProjectPages
FNDA:0,getProjectEndpoints
FNDA:0,(anonymous_4)
FNDA:0,(anonymous_5)
FNDA:0,(anonymous_6)
FNDA:0,(anonymous_7)
FNDA:0,(anonymous_8)
FNDA:3,getProjectPage
FNDA:1,getProjectDesignSystemComponents
FNDA:0,getProjectHeader
FNDA:0,getProjectPageFooter
FNDA:9,getDesignSystemComponentSource
FNDA:1,getProjects
FNDA:0,getPlatformSettings
FNDA:3,isStrictProjectPageStructure
FNDA:33,(anonymous_17)
DA:1,1
DA:254,1
DA:261,1
DA:262,0
DA:265,1
DA:266,1
DA:270,1
DA:274,1
DA:286,0
DA:288,0
DA:290,0
DA:291,0
DA:293,0
DA:295,0
DA:297,0
DA:301,1
DA:302,3
DA:314,3
DA:315,3
DA:318,0
DA:321,1
DA:324,1
DA:332,1
DA:333,0
DA:336,1
DA:337,0
DA:340,1
DA:341,9
DA:351,1
DA:352,1
DA:358,1
DA:359,0
DA:365,3
DA:367,33
LF:34
LH:22
BRDA:314,0,0,3
BRDA:366,1,0,3
BRDA:366,1,1,3
BRF:3
BRH:3
end_of_record
TN:
SF:src/services/application.service.ts
FN:5,ensureBuildExistOrEnqueueJob
FNF:1
FNH:0
FNDA:0,ensureBuildExistOrEnqueueJob
DA:1,1
DA:2,1
DA:3,1
DA:5,1
DA:6,0
DA:7,0
DA:10,0
LF:7
LH:4
BRDA:6,0,0,0
BRF:1
BRH:0
end_of_record
TN:
SF:src/services/enqueueJob.service.ts
FN:10,(anonymous_1)
FN:26,getJobFunction
FN:30,enqueue
FN:40,initializeJobs
FN:50,runJob
FN:54,stopJob
FN:58,flushPendingTasks
FN:62,shouldRunPageJobs
FNF:8
FNH:7
FNDA:1,(anonymous_1)
FNDA:7,getJobFunction
FNDA:0,enqueue
FNDA:1,initializeJobs
FNDA:7,runJob
FNDA:3,stopJob
FNDA:3,flushPendingTasks
FNDA:1,shouldRunPageJobs
DA:1,1
DA:3,1
DA:4,1
DA:5,1
DA:6,1
DA:7,1
DA:8,1
DA:10,1
DA:11,1
DA:12,1
DA:13,1
DA:14,1
DA:17,1
DA:24,1
DA:26,1
DA:27,7
DA:30,1
DA:31,0
DA:33,0
DA:34,0
DA:37,0
DA:40,1
DA:41,1
DA:43,1
DA:44,1
DA:45,1
DA:46,1
DA:50,1
DA:51,7
DA:54,1
DA:55,3
DA:58,1
DA:59,3
DA:63,1
LF:34
LH:30
BRDA:10,0,0,1
BRDA:10,0,1,1
BRDA:30,1,0,0
BRDA:30,2,0,0
BRDA:33,3,0,0
BRDA:43,4,0,1
BRDA:64,5,0,1
BRDA:64,5,1,1
BRF:8
BRH:5
end_of_record
TN:
SF:src/services/build/build.service.ts
FN:26,createBuild
FN:30,updateBuild
FN:34,findActiveBuild
FN:45,runProjectBuild
FN:62,runProjectBuildPipeline
FN:84,runSetupStage
FN:95,runFetchingStage
FN:114,runGeneratingStage
FN:168,runProjectPageGenerating
FN:193,runPreparingStage
FN:205,(anonymous_10)
FN:212,runCompilationStage
FN:225,(anonymous_12)
FN:229,runExportStage
FN:242,assertPreparingStageIsReadyToRun
FN:252,(anonymous_15)
FN:260,assertExportStageIsReadyToRun
FNF:17
FNH:16
FNDA:1,createBuild
FNDA:6,updateBuild
FNDA:0,findActiveBuild
FNDA:1,runProjectBuild
FNDA:1,runProjectBuildPipeline
FNDA:1,runSetupStage
FNDA:1,runFetchingStage
FNDA:1,runGeneratingStage
FNDA:3,runProjectPageGenerating
FNDA:1,runPreparingStage
FNDA:1,(anonymous_10)
FNDA:1,runCompilationStage
FNDA:3,(anonymous_12)
FNDA:1,runExportStage
FNDA:1,assertPreparingStageIsReadyToRun
FNDA:1,(anonymous_15)
FNDA:1,assertExportStageIsReadyToRun
DA:1,1
DA:2,1
DA:3,1
DA:4,1
DA:5,1
DA:10,1
DA:11,1
DA:12,1
DA:13,1
DA:18,1
DA:19,1
DA:20,1
DA:21,1
DA:22,1
DA:26,1
DA:27,1
DA:30,1
DA:31,6
DA:34,1
DA:35,0
DA:45,1
DA:46,1
DA:47,1
DA:49,1
DA:54,0
DA:55,0
DA:58,0
DA:63,1
DA:64,1
DA:70,1
DA:79,1
DA:81,1
DA:85,1
DA:87,1
DA:91,1
DA:92,1
DA:96,1
DA:98,1
DA:102,1
DA:103,1
DA:107,1
DA:115,1
DA:117,1
DA:121,1
DA:122,1
DA:124,1
DA:125,3
DA:129,3
DA:137,3
DA:139,3
DA:141,3
DA:146,3
DA:148,3
DA:154,0
DA:160,1
DA:165,1
DA:169,3
DA:173,3
DA:175,3
DA:179,3
DA:184,3
DA:190,3
DA:194,1
DA:196,1
DA:198,1
DA:202,1
DA:205,1
DA:217,1
DA:219,1
DA:223,1
DA:225,3
DA:230,1
DA:232,1
DA:234,1
DA:247,1
DA:248,0
DA:251,1
DA:252,1
DA:255,1
DA:256,0
DA:265,1
DA:266,0
LF:82
LH:74
BRDA:247,0,0,0
BRDA:255,1,0,0
BRDA:265,2,0,0
BRF:3
BRH:0
end_of_record
TN:
SF:src/services/page/page.service.ts
FN:25,createPage
FN:29,updatePage
FN:33,runPageUpdate
FN:48,runPageUpdatePipeline
FN:58,deletePage
FNF:5
FNH:2
FNDA:3,createPage
FNDA:9,updatePage
FNDA:0,runPageUpdate
FNDA:0,runPageUpdatePipeline
FNDA:0,deletePage
DA:1,1
DA:2,1
DA:4,1
DA:5,1
DA:6,1
DA:7,1
DA:25,1
DA:26,3
DA:29,1
DA:30,9
DA:33,1
DA:34,0
DA:35,0
DA:37,0
DA:42,0
DA:49,0
DA:51,0
DA:58,1
DA:59,0
DA:65,0
DA:67,0
DA:68,0
LF:22
LH:12
BRDA:65,0,0,0
BRDA:65,0,1,0
BRF:2
BRH:0
end_of_record
TN:
SF:src/services/pipeline/compiling.service.ts
FN:8,runCompilation
FN:31,(anonymous_8)
FN:37,getServerWebpackConfig
FN:125,(anonymous_10)
FN:126,(anonymous_11)
FN:149,getClientWebpackConfig
FN:237,(anonymous_13)
FN:238,(anonymous_14)
FN:261,getWebpackConfigEntries
FN:262,(anonymous_16)
FN:271,unslashPageUrl
FN:275,runCompiler
FN:276,(anonymous_19)
FNF:13
FNH:13
FNDA:1,runCompilation
FNDA:2,(anonymous_8)
FNDA:1,getServerWebpackConfig
FNDA:1,(anonymous_10)
FNDA:1,(anonymous_11)
FNDA:1,getClientWebpackConfig
FNDA:1,(anonymous_13)
FNDA:1,(anonymous_14)
FNDA:2,getWebpackConfigEntries
FNDA:6,(anonymous_16)
FNDA:8,unslashPageUrl
FNDA:2,runCompiler
FNDA:2,(anonymous_19)
DA:1,1
DA:2,1
DA:3,1
DA:4,1
DA:6,1
DA:8,1
DA:15,1
DA:16,1
DA:18,1
DA:24,1
DA:30,1
DA:31,2
DA:34,1
DA:46,1
DA:126,1
DA:127,1
DA:149,1
DA:158,1
DA:238,1
DA:239,1
DA:262,2
DA:263,6
DA:265,6
DA:267,6
DA:272,8
DA:276,2
LF:26
LH:26
BRDA:263,0,0,2
BRDA:263,0,1,4
BRDA:265,1,0,2
BRDA:265,1,1,4
BRF:4
BRH:4
end_of_record
TN:
SF:src/services/pipeline/export.service.ts
FN:15,runExport
FN:66,exportPage
FNF:2
FNH:2
FNDA:1,runExport
FNDA:3,exportPage
DA:1,1
DA:2,1
DA:3,1
DA:4,1
DA:5,1
DA:6,1
DA:7,1
DA:9,1
DA:12,1
DA:13,1
DA:15,1
DA:26,1
DA:27,1
DA:29,1
DA:33,1
DA:39,1
DA:41,1
DA:42,3
DA:51,1
DA:56,1
DA:60,1
DA:79,3
DA:86,3
DA:88,3
DA:89,3
DA:90,3
DA:92,3
DA:93,3
LF:28
LH:28
BRF:0
BRH:0
end_of_record
TN:
SF:src/services/pipeline/fetching.service.ts
FN:11,getProjectEnvironment
FN:14,(anonymous_1)
FN:29,getDesignSystemComponentsList
FN:37,mapDesignSystemComponentToComponentLike
FN:40,(anonymous_4)
FNF:5
FNH:5
FNDA:1,getProjectEnvironment
FNDA:2,(anonymous_1)
FNDA:1,getDesignSystemComponentsList
FNDA:1,mapDesignSystemComponentToComponentLike
FNDA:9,(anonymous_4)
DA:1,1
DA:8,1
DA:9,1
DA:11,1
DA:12,1
DA:13,1
DA:14,2
DA:16,1
DA:17,0
DA:20,1
DA:21,1
DA:23,1
DA:29,1
DA:30,1
DA:32,1
DA:34,1
DA:40,9
LF:17
LH:16
BRDA:16,0,0,0
BRF:1
BRH:0
end_of_record
TN:
SF:src/services/pipeline/generating.service.ts
FN:34,createApplicationPageFile
FN:67,createApplicationFile
FN:88,convertToMap
FN:90,(anonymous_4)
FN:95,getPageComponentName
FN:100,getPageComponentsTree
FN:101,(anonymous_7)
FN:106,getComponentsTree
FN:116,(anonymous_9)
FN:122,(anonymous_10)
FN:132,formatComponentName
FN:136,stringifyProps
FN:137,(anonymous_13)
FN:154,getApplicationLoadableComponents
FN:156,(anonymous_15)
FN:162,getApplicationRoutes
FN:164,(anonymous_17)
FN:170,getPageComponentsImports
FN:172,(anonymous_19)
FNF:19
FNH:19
FNDA:3,createApplicationPageFile
FNDA:1,createApplicationFile
FNDA:3,convertToMap
FNDA:27,(anonymous_4)
FNDA:3,getPageComponentName
FNDA:3,getPageComponentsTree
FNDA:10,(anonymous_7)
FNDA:26,getComponentsTree
FNDA:10,(anonymous_9)
FNDA:6,(anonymous_10)
FNDA:45,formatComponentName
FNDA:26,stringifyProps
FNDA:189,(anonymous_13)
FNDA:1,getApplicationLoadableComponents
FNDA:3,(anonymous_15)
FNDA:1,getApplicationRoutes
FNDA:3,(anonymous_17)
FNDA:3,getPageComponentsImports
FNDA:17,(anonymous_19)
DA:1,1
DA:2,1
DA:3,1
DA:4,1
DA:5,1
DA:15,1
DA:16,1
DA:17,1
DA:25,1
DA:34,1
DA:43,3
DA:44,3
DA:45,3
DA:46,3
DA:48,3
DA:49,3
DA:51,3
DA:61,3
DA:62,3
DA:64,3
DA:67,1
DA:74,1
DA:80,1
DA:85,1
DA:88,1
DA:89,3
DA:90,27
DA:96,3
DA:97,3
DA:101,3
DA:102,10
DA:107,26
DA:108,0
DA:111,26
DA:113,26
DA:115,26
DA:116,10
DA:117,10
DA:121,26
DA:122,17
DA:123,6
DA:127,26
DA:129,26
DA:133,45
DA:137,26
DA:138,189
DA:139,37
DA:142,152
DA:143,4
DA:146,148
DA:147,147
DA:150,1
DA:155,1
DA:157,3
DA:163,1
DA:165,3
DA:171,3
DA:173,17
LF:58
LH:57
BRDA:97,0,0,2
BRDA:97,0,1,1
BRDA:107,1,0,0
BRDA:115,2,0,10
BRDA:121,3,0,17
BRDA:138,4,0,37
BRDA:142,5,0,4
BRDA:143,6,0,1
BRDA:143,6,1,3
BRDA:146,7,0,147
BRF:10
BRH:9
end_of_record
TN:
SF:src/services/pipeline/parsing.service.ts
FN:10,parseProjectPage
FN:23,parsePageMetadata
FN:34,parsePageStructureComponentsList
FN:37,(anonymous_4)
FN:38,(anonymous_5)
FN:44,normalizePageComponentsVersionsGivenDesignSystem
FN:48,(anonymous_7)
FNF:7
FNH:7
FNDA:3,parseProjectPage
FNDA:3,parsePageMetadata
FNDA:3,parsePageStructureComponentsList
FNDA:10,(anonymous_4)
FNDA:26,(anonymous_5)
FNDA:3,normalizePageComponentsVersionsGivenDesignSystem
FNDA:17,(anonymous_7)
DA:1,1
DA:8,1
DA:10,1
DA:14,3
DA:15,3
DA:20,3
DA:24,3
DA:35,3
DA:37,3
DA:38,26
DA:41,3
DA:48,17
LF:12
LH:12
BRDA:50,0,0,17
BRDA:50,0,1,0
BRF:2
BRH:1
end_of_record
TN:
SF:src/services/pipeline/pipeline.service.ts
FN:13,createPipelineContext
FN:37,runPipeline
FNF:2
FNH:2
FNDA:1,createPipelineContext
FNDA:1,runPipeline
DA:13,1
DA:22,1
DA:37,1
DA:38,1
DA:40,1
DA:41,6
DA:43,6
DA:44,2
LF:8
LH:8
BRDA:43,0,0,2
BRF:1
BRH:1
end_of_record
TN:
SF:src/services/pipeline/preparing.service.ts
FN:12,prepareComponentsForBuild
FN:23,(anonymous_2)
FNF:2
FNH:2
FNDA:1,prepareComponentsForBuild
FNDA:18,(anonymous_2)
DA:1,1
DA:2,1
DA:3,1
DA:4,1
DA:12,1
DA:21,1
DA:23,18
DA:26,1
DA:28,1
DA:29,9
DA:34,9
DA:39,9
LF:12
LH:12
BRF:0
BRH:0
end_of_record
TN:
SF:src/services/pipeline/setup.service.ts
FN:8,setupApplicationFolderEnvironment
FN:13,copyApplicationTemplateFolder
FN:19,createBuildIdFile
FNF:3
FNH:3
FNDA:1,setupApplicationFolderEnvironment
FNDA:1,copyApplicationTemplateFolder
FNDA:1,createBuildIdFile
DA:1,1
DA:2,1
DA:4,1
DA:5,1
DA:8,1
DA:9,1
DA:10,1
DA:14,1
DA:19,1
DA:20,1
LF:10
LH:10
BRF:0
BRH:0
end_of_record
TN:
SF:src/templates/templates/application.template.ts
FN:37,getApplicationFileContent
FNF:1
FNH:1
FNDA:1,getApplicationFileContent
DA:1,1
DA:6,1
DA:37,1
DA:46,1
LF:4
LH:4
BRF:0
BRH:0
end_of_record
TN:
SF:src/templates/templates/page.template.ts
FN:22,getApplicationPageFileContent
FNF:1
FNH:1
FNDA:3,getApplicationPageFileContent
DA:1,1
DA:3,1
DA:22,1
DA:41,3
LF:4
LH:4
BRF:0
BRH:0
end_of_record
TN:
SF:src/types/index.js
FN:5,(anonymous_0)
FN:13,(anonymous_1)
FN:20,(anonymous_2)
FN:28,(anonymous_3)
FNF:4
FNH:3
FNDA:4,(anonymous_0)
FNDA:42,(anonymous_1)
FNDA:0,(anonymous_2)
FNDA:2,(anonymous_3)
DA:3,1
DA:6,4
DA:7,4
DA:9,4
DA:10,4
DA:11,4
DA:14,42
DA:18,4
DA:21,0
DA:22,0
DA:24,0
DA:27,1
DA:29,2
DA:30,4
DA:31,4
DA:35,1
DA:36,1
DA:37,1
LF:18
LH:15
BRDA:3,0,0,1
BRDA:3,0,1,1
BRDA:3,0,2,1
BRDA:4,1,0,1
BRDA:4,1,1,0
BRDA:6,2,0,4
BRDA:6,2,1,0
BRDA:10,3,0,4
BRDA:10,3,1,0
BRDA:10,4,0,4
BRDA:10,4,1,4
BRDA:10,5,0,0
BRDA:10,5,1,4
BRDA:10,6,0,4
BRDA:10,6,1,0
BRDA:21,7,0,0
BRDA:21,7,1,0
BRDA:27,8,0,1
BRDA:27,8,1,1
BRDA:27,8,2,1
BRDA:30,9,0,4
BRDA:30,9,1,0
BRDA:30,10,0,4
BRDA:30,10,1,4
BRF:24
BRH:16
end_of_record
TN:
SF:src/types/schemas.js
FN:148,(anonymous_0)
FNF:1
FNH:1
FNDA:15,(anonymous_0)
DA:2,1
DA:3,1
DA:4,1
DA:21,1
DA:36,1
DA:42,1
DA:51,1
DA:55,1
DA:61,1
DA:67,1
DA:72,1
DA:78,1
DA:105,1
DA:118,1
DA:122,1
DA:131,1
DA:137,1
DA:142,1
DA:148,1
DA:149,15
LF:20
LH:20
BRF:0
BRH:0
end_of_record
TN:
SF:src/types/types.js
FN:5,(anonymous_0)
FN:16,(anonymous_1)
FN:23,(anonymous_2)
FNF:3
FNH:3
FNDA:1,(anonymous_0)
FNDA:1,(anonymous_1)
FNDA:1,(anonymous_2)
DA:2,1
DA:3,1
DA:5,1
DA:6,1
DA:7,1
DA:8,1
DA:9,1
DA:10,1
DA:11,1
DA:12,1
DA:13,1
DA:16,1
DA:17,1
DA:18,1
DA:19,1
DA:20,1
DA:23,1
DA:24,1
DA:25,1
DA:26,1
DA:27,1
LF:21
LH:21
BRDA:14,0,0,1
BRDA:14,0,1,1
BRDA:21,1,0,1
BRDA:21,1,1,1
BRDA:28,2,0,1
BRDA:28,2,1,1
BRF:6
BRH:6
end_of_record
