TN:
SF:src/controllers/builds/builds.controller.ts
FN:6,(anonymous_0)
FN:17,(anonymous_1)
FNF:2
FNH:2
FNDA:1,(anonymous_0)
FNDA:1,(anonymous_1)
DA:3,7
DA:4,7
DA:6,7
DA:7,1
DA:18,1
DA:29,1
LF:6
LH:6
BRDA:21,0,0,1
BRDA:21,0,1,1
BRF:2
BRH:2
end_of_record
TN:
SF:src/controllers/pages/pages.controller.ts
FN:10,(anonymous_0)
FN:24,(anonymous_1)
FN:42,(anonymous_2)
FN:56,(anonymous_3)
FN:84,(anonymous_4)
FN:98,(anonymous_5)
FNF:6
FNH:6
FNDA:2,(anonymous_0)
FNDA:2,(anonymous_1)
FNDA:3,(anonymous_2)
FNDA:3,(anonymous_3)
FNDA:3,(anonymous_4)
FNDA:3,(anonymous_5)
DA:4,7
DA:5,7
DA:6,7
DA:7,7
DA:8,7
DA:10,7
DA:14,2
DA:25,2
DA:27,2
DA:28,1
DA:31,1
DA:37,1
DA:42,7
DA:46,3
DA:57,3
DA:59,3
DA:60,1
DA:63,2
DA:70,2
DA:71,1
DA:74,1
DA:79,1
DA:84,7
DA:88,3
DA:99,3
DA:101,3
DA:102,1
DA:105,2
DA:112,2
DA:113,1
DA:116,1
DA:121,1
LF:32
LH:32
BRDA:27,0,0,1
BRDA:34,1,0,1
BRDA:34,1,1,1
BRDA:59,2,0,1
BRDA:70,3,0,1
BRDA:76,4,0,1
BRDA:76,4,1,1
BRDA:101,5,0,1
BRDA:112,6,0,1
BRDA:118,7,0,1
BRDA:118,7,1,1
BRF:11
BRH:11
end_of_record
TN:
SF:src/jobs/build/createBuild.job.ts
FN:11,createBuildJob
FN:28,(anonymous_1)
FNF:2
FNH:2
FNDA:3,createBuildJob
FNDA:3,(anonymous_1)
DA:3,7
DA:5,7
DA:6,7
DA:7,7
DA:8,7
DA:9,7
DA:11,7
DA:12,3
DA:29,3
DA:31,3
DA:33,3
DA:34,3
DA:35,3
LF:13
LH:13
BRF:0
BRH:0
end_of_record
TN:
SF:src/jobs/page/creation/createPage.job.ts
FN:12,createPageJob
FN:31,(anonymous_1)
FNF:2
FNH:2
FNDA:2,createPageJob
FNDA:2,(anonymous_1)
DA:2,7
DA:5,7
DA:6,7
DA:7,7
DA:8,7
DA:9,7
DA:10,7
DA:12,7
DA:15,2
DA:32,2
DA:34,2
DA:36,2
DA:37,1
DA:40,1
DA:48,1
LF:15
LH:15
BRDA:36,0,0,1
BRF:1
BRH:1
end_of_record
TN:
SF:src/jobs/page/deleting/deletePage.job.ts
FN:12,deletePageJob
FN:31,(anonymous_1)
FN:32,(anonymous_2)
FNF:3
FNH:3
FNDA:2,deletePageJob
FNDA:2,(anonymous_1)
FNDA:2,(anonymous_2)
DA:3,7
DA:5,7
DA:6,7
DA:7,7
DA:8,7
DA:9,7
DA:10,7
DA:12,7
DA:15,2
DA:32,2
DA:33,2
DA:35,2
DA:37,2
DA:38,1
DA:41,1
DA:45,1
DA:47,1
LF:17
LH:17
BRDA:37,0,0,1
BRF:1
BRH:1
end_of_record
TN:
SF:src/jobs/page/updating/updatePage.job.ts
FN:13,updatePageJob
FN:32,(anonymous_1)
FNF:2
FNH:2
FNDA:2,updatePageJob
FNDA:2,(anonymous_1)
DA:3,7
DA:5,7
DA:6,7
DA:7,7
DA:8,7
DA:9,7
DA:10,7
DA:11,7
DA:13,7
DA:16,2
DA:33,2
DA:35,2
DA:37,2
DA:38,1
DA:41,1
DA:45,1
DA:50,1
LF:17
LH:17
BRDA:37,0,0,1
BRF:1
BRH:1
end_of_record
TN:
SF:src/models/Build.model.ts
FNF:0
FNH:0
DA:1,7
DA:3,7
DA:5,7
DA:24,7
DA:40,7
LF:5
LH:5
BRF:0
BRH:0
end_of_record
TN:
SF:src/models/Page.model.ts
FNF:0
FNH:0
DA:1,7
DA:14,7
DA:16,7
DA:38,7
DA:55,7
LF:5
LH:5
BRF:0
BRH:0
end_of_record
TN:
SF:src/models/index.ts
FN:4,initAssociations
FNF:1
FNH:1
FNDA:7,initAssociations
DA:1,7
DA:2,7
DA:5,7
DA:6,7
DA:9,7
DA:11,7
DA:12,7
LF:7
LH:7
BRF:0
BRH:0
end_of_record
TN:
SF:src/routes/v1/builds.route.ts
FN:6,(anonymous_1)
FNF:1
FNH:1
FNDA:7,(anonymous_1)
DA:2,7
DA:4,7
DA:6,7
DA:7,7
LF:4
LH:4
BRF:0
BRH:0
end_of_record
TN:
SF:src/routes/v1/pages.route.ts
FN:7,(anonymous_1)
FNF:1
FNH:1
FNDA:7,(anonymous_1)
DA:2,7
DA:4,7
DA:5,7
DA:7,7
DA:8,7
DA:21,7
DA:34,7
LF:7
LH:7
BRF:0
BRH:0
end_of_record
TN:
SF:src/services/application/application.service.ts
FN:6,ensureApplicationIsReadyToLaunch
FNF:1
FNH:1
FNDA:3,ensureApplicationIsReadyToLaunch
DA:1,7
DA:3,7
DA:4,7
DA:6,7
DA:7,3
DA:9,3
DA:10,3
DA:12,3
DA:13,1
DA:16,2
DA:17,1
DA:20,2
LF:12
LH:12
BRDA:12,0,0,1
BRDA:12,1,0,3
BRDA:12,1,1,1
BRDA:16,2,0,1
BRDA:16,3,0,2
BRDA:16,3,1,2
BRF:6
BRH:6
end_of_record
TN:
SF:src/services/build/build.service.ts
FN:43,createBuild
FN:47,updateBuild
FN:51,getCurrentBuild
FN:63,runProjectBuild
FN:82,runProjectBuildPipeline
FN:102,runSetupStage
FN:112,runFetchingStage
FN:132,runGeneratingStage
FN:178,runProjectPageGenerating
FN:194,runPreparingStage
FN:205,(anonymous_10)
FN:210,runCompilationStage
FN:226,(anonymous_12)
FN:229,runExportStage
FN:247,(anonymous_14)
FN:253,runCommitStage
FN:263,createBuildPipelineContext
FNF:17
FNH:17
FNDA:3,createBuild
FNDA:24,updateBuild
FNDA:14,getCurrentBuild
FNDA:3,runProjectBuild
FNDA:3,runProjectBuildPipeline
FNDA:3,runSetupStage
FNDA:3,runFetchingStage
FNDA:3,runGeneratingStage
FNDA:6,runProjectPageGenerating
FNDA:3,runPreparingStage
FNDA:3,(anonymous_10)
FNDA:3,runCompilationStage
FNDA:5,(anonymous_12)
FNDA:3,runExportStage
FNDA:5,(anonymous_14)
FNDA:3,runCommitStage
FNDA:3,createBuildPipelineContext
DA:1,7
DA:3,7
DA:4,7
DA:5,7
DA:12,7
DA:13,7
DA:14,7
DA:15,7
DA:16,7
DA:21,7
DA:22,7
DA:23,7
DA:24,7
DA:29,7
DA:30,7
DA:43,7
DA:44,3
DA:47,7
DA:48,24
DA:51,7
DA:52,14
DA:63,7
DA:64,3
DA:69,3
DA:70,3
DA:71,3
DA:75,0
DA:78,0
DA:83,3
DA:87,3
DA:97,3
DA:99,3
DA:103,3
DA:105,3
DA:109,3
DA:113,3
DA:115,3
DA:119,3
DA:120,3
DA:121,3
DA:125,3
DA:133,3
DA:135,3
DA:139,3
DA:140,3
DA:142,3
DA:143,6
DA:147,6
DA:155,6
DA:157,6
DA:159,5
DA:161,5
DA:167,1
DA:173,3
DA:175,3
DA:179,6
DA:181,5
DA:186,5
DA:191,5
DA:195,3
DA:197,3
DA:201,3
DA:205,3
DA:211,3
DA:213,3
DA:217,3
DA:226,5
DA:230,3
DA:232,3
DA:236,3
DA:245,3
DA:247,5
DA:249,3
DA:250,3
DA:254,3
DA:256,3
DA:260,3
DA:264,3
LF:78
LH:76
BRF:0
BRH:0
end_of_record
TN:
SF:src/services/page/page.service.ts
FN:20,createPage
FN:24,updatePage
FN:28,cancelLinearPageProcessing
FN:32,createPagePipelineContext
FN:45,runFetchingStage
FN:59,runPreparingStage
FN:70,(anonymous_6)
FN:75,runPageAdvisoryLock
FN:81,runPageAdvisoryUnlock
FN:87,enforceLinearPageProcessing
FN:91,getPageAdvisoryLockKey
FNF:11
FNH:11
FNDA:7,createPage
FNDA:2,updatePage
FNDA:3,cancelLinearPageProcessing
FNDA:3,createPagePipelineContext
FNDA:2,runFetchingStage
FNDA:2,runPreparingStage
FNDA:2,(anonymous_6)
FNDA:3,runPageAdvisoryLock
FNDA:3,runPageAdvisoryUnlock
FNDA:3,enforceLinearPageProcessing
FNDA:6,getPageAdvisoryLockKey
DA:1,7
DA:3,7
DA:4,7
DA:5,7
DA:6,7
DA:20,7
DA:21,7
DA:24,7
DA:25,2
DA:28,7
DA:29,3
DA:32,7
DA:35,3
DA:45,7
DA:46,2
DA:48,2
DA:49,2
DA:53,2
DA:59,7
DA:64,2
DA:66,2
DA:70,2
DA:75,7
DA:78,3
DA:81,7
DA:84,3
DA:88,3
DA:92,6
LF:28
LH:28
BRF:0
BRH:0
end_of_record
TN:
SF:src/services/page/creation/createPage.service.ts
FN:30,runPageCreation
FN:42,runPageCreationPipeline
FN:71,runGeneratingStage
FN:85,(anonymous_3)
FN:100,runCompilationStage
FN:103,(anonymous_5)
FN:106,runExportStage
FN:109,(anonymous_7)
FN:113,runCommitStage
FNF:9
FNH:9
FNDA:1,runPageCreation
FNDA:1,runPageCreationPipeline
FNDA:1,runGeneratingStage
FNDA:4,(anonymous_3)
FNDA:1,runCompilationStage
FNDA:3,(anonymous_5)
FNDA:1,runExportStage
FNDA:3,(anonymous_7)
FNDA:1,runCommitStage
DA:1,7
DA:2,7
DA:3,7
DA:4,7
DA:5,7
DA:6,7
DA:14,7
DA:15,7
DA:16,7
DA:17,7
DA:27,7
DA:28,7
DA:30,7
DA:31,1
DA:32,1
DA:34,0
DA:35,0
DA:38,0
DA:43,1
DA:50,1
DA:55,1
DA:66,1
DA:68,1
DA:76,1
DA:78,1
DA:80,1
DA:85,4
DA:91,1
DA:92,1
DA:94,1
DA:101,1
DA:103,3
DA:107,1
DA:109,3
DA:110,1
DA:114,1
DA:116,1
LF:37
LH:34
BRF:0
BRH:0
end_of_record
TN:
SF:src/services/page/deleting/deletePage.service.ts
FN:29,runPageDeletingPipeline
FN:59,runFetchingStage
FN:70,runGeneratingStage
FN:73,(anonymous_3)
FN:87,runCompilationStage
FN:90,(anonymous_5)
FN:93,runExportStage
FN:98,(anonymous_7)
FN:103,runCleanupStage
FN:110,runCommitStage
FNF:10
FNH:10
FNDA:1,runPageDeletingPipeline
FNDA:1,runFetchingStage
FNDA:1,runGeneratingStage
FNDA:2,(anonymous_3)
FNDA:1,runCompilationStage
FNDA:2,(anonymous_5)
FNDA:1,runExportStage
FNDA:2,(anonymous_7)
FNDA:1,runCleanupStage
FNDA:1,runCommitStage
DA:1,7
DA:3,7
DA:4,7
DA:5,7
DA:6,7
DA:7,7
DA:8,7
DA:14,7
DA:15,7
DA:16,7
DA:21,7
DA:22,7
DA:23,7
DA:27,7
DA:29,7
DA:30,1
DA:38,1
DA:43,1
DA:54,1
DA:56,1
DA:59,7
DA:60,1
DA:62,1
DA:64,1
DA:71,1
DA:73,2
DA:79,1
DA:81,1
DA:88,1
DA:90,2
DA:94,1
DA:96,1
DA:98,2
DA:100,1
DA:104,1
DA:106,1
DA:107,1
DA:111,1
DA:113,1
LF:39
LH:39
BRF:0
BRH:0
end_of_record
TN:
SF:src/services/page/updating/updatePage.service.ts
FN:26,runPageUpdating
FN:38,runPageUpdatingPipeline
FN:67,runGeneratingStage
FN:87,runCompilationStage
FN:90,(anonymous_4)
FN:93,runExportStage
FN:96,(anonymous_6)
FN:100,runCommitStage
FNF:8
FNH:8
FNDA:1,runPageUpdating
FNDA:1,runPageUpdatingPipeline
FNDA:1,runGeneratingStage
FNDA:1,runCompilationStage
FNDA:2,(anonymous_4)
FNDA:1,runExportStage
FNDA:2,(anonymous_6)
FNDA:1,runCommitStage
DA:1,7
DA:2,7
DA:3,7
DA:4,7
DA:5,7
DA:10,7
DA:11,7
DA:12,7
DA:13,7
DA:23,7
DA:24,7
DA:26,7
DA:27,1
DA:28,1
DA:30,0
DA:31,0
DA:34,0
DA:39,1
DA:46,1
DA:51,1
DA:62,1
DA:64,1
DA:71,1
DA:73,1
DA:75,1
DA:80,1
DA:82,1
DA:88,1
DA:90,2
DA:94,1
DA:96,2
DA:97,1
DA:101,1
DA:103,1
LF:34
LH:31
BRF:0
BRH:0
end_of_record
TN:
SF:src/services/pipeline/cleanup.service.ts
FN:13,removeEmptyFoldersRecursively
FN:34,removeDeletedPageFiles
FN:43,removeRelatedToDeletedPageFiles
FN:68,(anonymous_4)
FNF:4
FNH:4
FNDA:49,removeEmptyFoldersRecursively
FNDA:1,removeDeletedPageFiles
FNDA:2,removeRelatedToDeletedPageFiles
FNDA:10,(anonymous_4)
DA:1,7
DA:2,7
DA:5,7
DA:11,7
DA:13,7
DA:14,49
DA:16,49
DA:17,207
DA:19,207
DA:20,207
DA:22,207
DA:23,48
DA:25,48
DA:27,48
DA:28,4
DA:34,7
DA:35,1
DA:37,1
DA:48,2
DA:53,2
DA:57,2
DA:58,2
DA:59,2
DA:61,2
DA:68,10
LF:25
LH:25
BRDA:22,0,0,48
BRDA:27,1,0,4
BRDA:48,2,0,1
BRDA:48,2,1,1
BRDA:53,3,0,1
BRDA:53,3,1,1
BRDA:57,4,0,2
BRDA:57,4,1,0
BRDA:58,5,0,2
BRDA:58,5,1,0
BRDA:59,6,0,2
BRDA:59,6,1,0
BRF:12
BRH:9
end_of_record
TN:
SF:src/services/pipeline/commit.service.ts
FN:11,commit
FNF:1
FNH:1
FNDA:6,commit
DA:1,7
DA:3,7
DA:11,7
DA:12,6
LF:4
LH:4
BRF:0
BRH:0
end_of_record
TN:
SF:src/services/pipeline/compiling.service.ts
FN:10,compile
FN:16,(anonymous_8)
FN:25,getCommonWebpackConfig
FN:101,getServerWebpackConfig
FN:123,getClientWebpackConfig
FN:144,getWebpackConfigEntries
FN:145,(anonymous_13)
FN:154,unslashPageUrl
FN:158,runCompiler
FN:161,(anonymous_16)
FN:162,(anonymous_17)
FN:167,(anonymous_18)
FNF:12
FNH:12
FNDA:6,compile
FNDA:12,(anonymous_8)
FNDA:6,getCommonWebpackConfig
FNDA:6,getServerWebpackConfig
FNDA:6,getClientWebpackConfig
FNDA:6,getWebpackConfigEntries
FNDA:14,(anonymous_13)
FNDA:18,unslashPageUrl
FNDA:12,runCompiler
FNDA:12,(anonymous_16)
FNDA:12,(anonymous_17)
FNDA:12,(anonymous_18)
DA:1,7
DA:2,7
DA:3,7
DA:4,7
DA:5,7
DA:6,7
DA:8,7
DA:10,7
DA:11,6
DA:12,6
DA:13,6
DA:15,6
DA:16,12
DA:19,6
DA:26,6
DA:102,6
DA:124,6
DA:145,6
DA:146,14
DA:148,14
DA:150,14
DA:155,18
DA:159,12
DA:161,12
DA:162,12
DA:163,12
DA:164,0
DA:167,12
DA:168,12
LF:29
LH:28
BRDA:33,0,0,6
BRDA:53,1,0,6
BRDA:54,2,0,6
BRDA:146,3,0,5
BRDA:146,3,1,9
BRDA:148,4,0,5
BRDA:148,4,1,9
BRDA:163,5,0,0
BRDA:168,6,0,12
BRDA:168,6,1,0
BRF:10
BRH:8
end_of_record
TN:
SF:src/services/pipeline/export.service.ts
FN:19,exportPages
FN:56,runExportServerFile
FN:63,exportClientStaticFiles
FN:70,exportPage
FNF:4
FNH:4
FNDA:6,exportPages
FNDA:3,runExportServerFile
FNDA:6,exportClientStaticFiles
FNDA:14,exportPage
DA:1,7
DA:2,7
DA:3,7
DA:4,7
DA:5,7
DA:6,7
DA:7,7
DA:9,7
DA:11,7
DA:16,7
DA:17,7
DA:19,7
DA:20,6
DA:24,6
DA:29,6
DA:33,6
DA:39,6
DA:41,6
DA:42,14
DA:50,6
DA:56,7
DA:57,3
DA:63,7
DA:64,6
DA:81,14
DA:88,14
DA:90,14
DA:91,14
DA:96,14
DA:98,14
LF:30
LH:30
BRF:0
BRH:0
end_of_record
TN:
SF:src/services/pipeline/fetching.service.ts
FN:10,getProject
FN:13,(anonymous_1)
FN:16,getDesignSystemComponentsList
FN:24,mapDesignSystemComponentToComponentLike
FN:27,(anonymous_4)
FNF:5
FNH:5
FNDA:6,getProject
FNDA:12,(anonymous_1)
FNDA:5,getDesignSystemComponentsList
FNDA:5,mapDesignSystemComponentToComponentLike
FNDA:70,(anonymous_4)
DA:1,7
DA:7,7
DA:8,7
DA:10,7
DA:11,6
DA:12,6
DA:13,12
DA:16,7
DA:17,5
DA:19,5
DA:21,5
DA:27,70
LF:12
LH:12
BRF:0
BRH:0
end_of_record
TN:
SF:src/services/pipeline/generating.service.ts
FN:33,createApplicationPageFile
FN:58,createApplicationFile
FN:73,convertToMap
FN:75,(anonymous_4)
FN:80,getPageComponentName
FN:85,getAbsolutePageFilePath
FN:92,getMissedComponentsList
FN:98,(anonymous_8)
FN:102,(anonymous_9)
FN:108,getPageComponentsTree
FN:109,(anonymous_11)
FN:114,getComponentsTree
FN:124,(anonymous_13)
FN:130,(anonymous_14)
FN:140,formatComponentName
FN:144,stringifyProps
FN:145,(anonymous_17)
FN:162,getApplicationLoadableComponents
FN:164,(anonymous_19)
FN:170,getApplicationRoutes
FN:172,(anonymous_21)
FN:178,getPageComponentsImports
FN:180,(anonymous_23)
FNF:23
FNH:23
FNDA:7,createApplicationPageFile
FNDA:5,createApplicationFile
FNDA:7,convertToMap
FNDA:98,(anonymous_4)
FNDA:13,getPageComponentName
FNDA:13,getAbsolutePageFilePath
FNDA:2,getMissedComponentsList
FNDA:15,(anonymous_8)
FNDA:3,(anonymous_9)
FNDA:7,getPageComponentsTree
FNDA:33,(anonymous_11)
FNDA:121,getComponentsTree
FNDA:31,(anonymous_13)
FNDA:57,(anonymous_14)
FNDA:180,formatComponentName
FNDA:121,stringifyProps
FNDA:1026,(anonymous_17)
FNDA:5,getApplicationLoadableComponents
FNDA:11,(anonymous_19)
FNDA:5,getApplicationRoutes
FNDA:11,(anonymous_21)
FNDA:7,getPageComponentsImports
FNDA:50,(anonymous_23)
DA:1,7
DA:2,7
DA:3,7
DA:4,7
DA:5,7
DA:6,7
DA:13,7
DA:14,7
DA:15,7
DA:16,7
DA:24,7
DA:33,7
DA:37,7
DA:38,7
DA:39,7
DA:40,7
DA:41,7
DA:43,7
DA:53,7
DA:55,7
DA:58,7
DA:59,5
DA:65,5
DA:70,5
DA:73,7
DA:74,7
DA:75,98
DA:80,7
DA:81,13
DA:82,13
DA:85,7
DA:89,13
DA:92,7
DA:93,2
DA:97,2
DA:98,15
DA:102,2
DA:103,3
DA:104,3
DA:109,7
DA:110,33
DA:115,121
DA:116,0
DA:119,121
DA:121,121
DA:123,121
DA:124,31
DA:125,31
DA:129,121
DA:130,85
DA:131,57
DA:135,121
DA:137,121
DA:141,180
DA:145,121
DA:146,1026
DA:147,149
DA:150,877
DA:151,32
DA:154,845
DA:155,840
DA:158,5
DA:163,5
DA:165,11
DA:171,5
DA:173,11
DA:179,7
DA:181,50
LF:68
LH:67
BRDA:82,0,0,9
BRDA:82,0,1,4
BRDA:87,1,0,13
BRDA:115,2,0,0
BRDA:123,3,0,31
BRDA:129,4,0,85
BRDA:146,5,0,149
BRDA:150,6,0,32
BRDA:151,7,0,1
BRDA:151,7,1,31
BRDA:154,8,0,840
BRF:11
BRH:10
end_of_record
TN:
SF:src/services/pipeline/parsing.service.ts
FN:10,parseProjectPage
FN:23,parsePageMetadata
FN:34,parsePageStructureComponentsList
FN:37,(anonymous_4)
FN:38,(anonymous_5)
FN:44,normalizePageComponentsVersionsGivenDesignSystem
FN:48,(anonymous_7)
FNF:7
FNH:7
FNDA:7,parseProjectPage
FNDA:7,parsePageMetadata
FNDA:7,parsePageStructureComponentsList
FNDA:33,(anonymous_4)
FNDA:121,(anonymous_5)
FNDA:7,normalizePageComponentsVersionsGivenDesignSystem
FNDA:50,(anonymous_7)
DA:1,7
DA:8,7
DA:10,7
DA:14,7
DA:15,7
DA:20,7
DA:24,7
DA:35,7
DA:37,7
DA:38,121
DA:41,7
DA:48,50
LF:12
LH:12
BRDA:51,0,0,50
BRDA:51,0,1,0
BRF:2
BRH:1
end_of_record
TN:
SF:src/services/pipeline/pipeline.service.ts
FN:3,runPipeline
FNF:1
FNH:1
FNDA:6,runPipeline
DA:3,7
DA:4,6
DA:6,6
DA:7,45
DA:9,45
DA:10,18
LF:6
LH:6
BRDA:9,0,0,18
BRF:1
BRH:1
end_of_record
TN:
SF:src/services/pipeline/preparing.service.ts
FN:8,collectMissedComponents
FN:19,(anonymous_2)
FNF:2
FNH:2
FNDA:5,collectMissedComponents
FNDA:38,(anonymous_2)
DA:1,7
DA:2,7
DA:3,7
DA:5,7
DA:6,7
DA:8,7
DA:17,5
DA:19,38
DA:22,5
DA:23,23
DA:28,23
DA:33,23
DA:39,23
DA:42,5
DA:48,5
DA:49,3
DA:54,3
LF:17
LH:17
BRDA:48,0,0,3
BRF:1
BRH:1
end_of_record
TN:
SF:src/services/pipeline/setup.service.ts
FN:9,setupApplicationFolderEnvironment
FNF:1
FNH:1
FNDA:3,setupApplicationFolderEnvironment
DA:1,7
DA:3,7
DA:4,7
DA:9,7
DA:10,3
DA:11,3
LF:6
LH:6
BRF:0
BRH:0
end_of_record
TN:
SF:src/templates/templates/application.template.ts
FN:37,getApplicationFileContent
FNF:1
FNH:1
FNDA:5,getApplicationFileContent
DA:1,7
DA:6,7
DA:37,7
DA:46,5
LF:4
LH:4
BRF:0
BRH:0
end_of_record
TN:
SF:src/templates/templates/page.template.ts
FN:22,getApplicationPageFileContent
FNF:1
FNH:1
FNDA:7,getApplicationPageFileContent
DA:1,7
DA:3,7
DA:22,7
DA:41,7
LF:4
LH:4
BRF:0
BRH:0
end_of_record
